# 
# -- Phylter v. 0.9 -- 
# Thu Feb  3 23:38:24 2022
# 
# 
# 
# PARAMETERS
# 
# bvalue=0
# distance=patristic
# k=4
# Norm=TRUE
# test.island=TRUE
# verbose=TRUE
# stop.criteria=1e-05
# 
# SUMMARY
# 
# Total number of outliers detected: 1916
# Number of complete gene outliers : 3
# Number of complete species outliers : 0
# Initial score of the compromise: 0.784132117504409
# Final score of the compromise: 0.819240577302143
# Gain: 3.51% 
# Loss (data filtering): 0.3% 
# Outlier gene(s) detected: ENSG00000159251_ACTC1;ENSG00000178363_CALML3;ENSG00000204007_GLT6D1
# 
# OUTLIERS (contains complete outliers)
# 
# Genes	Species
ENSG00000000003_TSPAN6	Callorhinus_ursinus
ENSG00000002745_WNT16	Otocyon_megalotis
ENSG00000005381_MPO	Ursus_maritimus
ENSG00000005381_MPO	Ailurus_fulgens
ENSG00000005381_MPO	Arctocephalus_gazella
ENSG00000005882_PDK2	Paradoxurus_hermaphroditus
ENSG00000005882_PDK2	Nasua_narica
ENSG00000006534_ALDH3B1	Arctocephalus_gazella
ENSG00000007520_TSR3	Puma_concolor
ENSG00000007866_TEAD3	Panthera_tigris
ENSG00000007866_TEAD3	Paradoxurus_hermaphroditus
ENSG00000007866_TEAD3	Nasua_narica
ENSG00000007933_FMO3	Cryptoprocta_ferox
ENSG00000007933_FMO3	Paradoxurus_hermaphroditus
ENSG00000007933_FMO3	Potos_flavus
ENSG00000007933_FMO3	Bassariscus_sumichrasti
ENSG00000008018_PSMB1	Spilogale_gracilis
ENSG00000009790_TRAF3IP3	Spilogale_gracilis
ENSG00000010295_IFFO1	Crocuta_Crocuta
ENSG00000010295_IFFO1	Panthera_tigris
ENSG00000010295_IFFO1	Puma_concolor
ENSG00000011454_RABGAP1	Cryptoprocta_ferox
ENSG00000011454_RABGAP1	Helogale_parvula
ENSG00000011454_RABGAP1	Prionailurus_bengalensis
ENSG00000011454_RABGAP1	Taxidea_taxus
ENSG00000011454_RABGAP1	Ursus_arctos
ENSG00000011454_RABGAP1	Leptonychotes_weddellii
ENSG00000011523_CEP68	Canis_familiaris
ENSG00000012223_LTF	Gulo_gulo
ENSG00000012223_LTF	Arctocephalus_gazella
ENSG00000012223_LTF	Leptonychotes_weddellii
ENSG00000012504_NR1H4	Leptonychotes_weddellii
ENSG00000013374_NUB1	Puma_concolor
ENSG00000020256_ZFP64	Panthera_tigris
ENSG00000021645_NRXN3	Panthera_tigris
ENSG00000023839_ABCC2	Potos_flavus
ENSG00000033100_CHPF2	Taxidea_taxus
ENSG00000034239_EFCAB1	Ursus_americanus
ENSG00000034239_EFCAB1	Arctocephalus_gazella
ENSG00000039987_BEST2	Puma_concolor
ENSG00000043355_ZIC2	Panthera_tigris
ENSG00000043355_ZIC2	Ursus_maritimus
ENSG00000047457_CP	Bassariscus_sumichrasti
ENSG00000048545_GUCA1A	Lynx_pardinus
ENSG00000048545_GUCA1A	Panthera_tigris
ENSG00000048545_GUCA1A	Acinonyx_jubatus
ENSG00000048828_FAM120A	Bassariscus_sumichrasti
ENSG00000048828_FAM120A	Panthera_leo
ENSG00000048828_FAM120A	Ursus_americanus
ENSG00000048828_FAM120A	Spilogale_gracilis
ENSG00000049860_HEXB	Taxidea_taxus
ENSG00000049860_HEXB	Arctocephalus_gazella
ENSG00000055732_MCOLN3	Neofelis_nebulosa
ENSG00000055813_CCDC85A	Taxidea_taxus
ENSG00000055917_PUM2	Crocuta_Crocuta
ENSG00000055917_PUM2	Suricata_suricatta
ENSG00000055917_PUM2	Panthera_onca
ENSG00000055917_PUM2	Neofelis_nebulosa
ENSG00000055917_PUM2	Taxidea_taxus
ENSG00000055917_PUM2	Lutra_lutra
ENSG00000055917_PUM2	Ursus_arctos
ENSG00000055917_PUM2	Potos_flavus
ENSG00000055917_PUM2	Phoca_vitulina
ENSG00000056558_TRAF1	Lycaon_pictus
ENSG00000057252_SOAT1	Odobenus_rosmarus
ENSG00000059377_TBXAS1	Helogale_parvula
ENSG00000059377_TBXAS1	Mellivora_capensis
ENSG00000059377_TBXAS1	Pteronura_brasiliensis
ENSG00000059377_TBXAS1	Procyon_lotor
ENSG00000060138_YBX3	Bassariscus_sumichrasti
ENSG00000060138_YBX3	Arctocephalus_gazella
ENSG00000061918_GUCY1B3	Bassariscus_sumichrasti
ENSG00000061918_GUCY1B3	Arctocephalus_gazella
ENSG00000063127_SLC6A16	Ailuropoda_melanoleuca
ENSG00000063127_SLC6A16	Neovison_vison
ENSG00000063127_SLC6A16	Potos_flavus
ENSG00000063127_SLC6A16	Canis_familiaris
ENSG00000063127_SLC6A16	Eumetopias_jubatus
ENSG00000063177_RPL18	Felis_catus
ENSG00000063587_ZNF275	Panthera_leo
ENSG00000064300_NGFR	Spilogale_gracilis
ENSG00000065150_IPO5	Taxidea_taxus
ENSG00000065150_IPO5	Ursus_americanus
ENSG00000066735_KIF26A	Nasua_narica
ENSG00000069275_NUCKS1	Felis_catus
ENSG00000070081_NUCB2	Ursus_americanus
ENSG00000070476_ZXDC	Taxidea_taxus
ENSG00000071859_FAM50A	Ailurus_fulgens
ENSG00000073050_XRCC1	Hyaena_hyaena
ENSG00000073050_XRCC1	Nasua_narica
ENSG00000073050_XRCC1	Procyon_lotor
ENSG00000073050_XRCC1	Phoca_vitulina
ENSG00000073670_ADAM11	Odobenus_rosmarus
ENSG00000076258_FMO4	Manis_javanica
ENSG00000076641_PAG1	Manis_javanica
ENSG00000076685_NT5C2	Panthera_onca
ENSG00000077721_UBE2A	Felis_catus
ENSG00000077721_UBE2A	Taxidea_taxus
ENSG00000077721_UBE2A	Mustela_putorius
ENSG00000078589_P2RY10	Gulo_gulo
ENSG00000079313_REXO1	Panthera_tigris
ENSG00000079313_REXO1	Acinonyx_jubatus
ENSG00000079950_STX7	Taxidea_taxus
ENSG00000083720_OXCT1	Cryptoprocta_ferox
ENSG00000084764_MAPRE3	Lynx_pardinus
ENSG00000084764_MAPRE3	Panthera_tigris
ENSG00000085377_PREP	Bassariscus_sumichrasti
ENSG00000085465_OVGP1	Panthera_pardus
ENSG00000085872_CHERP	Ailuropoda_melanoleuca
ENSG00000086475_SEPHS1	Procyon_lotor
ENSG00000086475_SEPHS1	Eumetopias_jubatus
ENSG00000088543_C3orf18	Taxidea_taxus
ENSG00000088543_C3orf18	Procyon_lotor
ENSG00000088766_CRLS1	Manis_javanica
ENSG00000089006_SNX5	Gulo_gulo
ENSG00000089006_SNX5	Arctocephalus_gazella
ENSG00000089169_RPH3A	Paradoxurus_hermaphroditus
ENSG00000089199_CHGB	Manis_javanica
ENSG00000089505_CMTM1	Panthera_pardus
ENSG00000090316_MAEA	Panthera_tigris
ENSG00000090621_PABPC4	Spilogale_gracilis
ENSG00000090621_PABPC4	Arctocephalus_gazella
ENSG00000091640_SPAG7	Acinonyx_jubatus
ENSG00000092607_TBX15	Gulo_gulo
ENSG00000093144_ECHDC1	Canis_familiaris
ENSG00000095932_SMIM24	Gulo_gulo
ENSG00000095932_SMIM24	Ursus_maritimus
ENSG00000096088_PGC	Lynx_pardinus
ENSG00000096088_PGC	Gulo_gulo
ENSG00000096088_PGC	Ursus_americanus
ENSG00000099783_HNRNPM	Gulo_gulo
ENSG00000099864_PALM	Puma_concolor
ENSG00000099864_PALM	Ursus_maritimus
ENSG00000099864_PALM	Spilogale_gracilis
ENSG00000099889_ARVCF	Taxidea_taxus
ENSG00000099889_ARVCF	Arctocephalus_gazella
ENSG00000100012_SEC14L3	Proteles_septentrionalis
ENSG00000100012_SEC14L3	Gulo_gulo
ENSG00000100079_LGALS2	Procyon_lotor
ENSG00000100139_MICALL1	Bassariscus_sumichrasti
ENSG00000100321_SYNGR1	Paradoxurus_hermaphroditus
ENSG00000101004_NINL	Manis_javanica
ENSG00000101144_BMP7	Taxidea_taxus
ENSG00000101180_HRH3	Acinonyx_jubatus
ENSG00000101198_NKAIN4	Odobenus_rosmarus
ENSG00000101331_CCM2L	Arctocephalus_gazella
ENSG00000101353_MROH8	Panthera_onca
ENSG00000101353_MROH8	Pteronura_brasiliensis
ENSG00000101353_MROH8	Ailurus_fulgens
ENSG00000101353_MROH8	Neomonachus_schauinslandi
ENSG00000101421_CHMP4B	Taxidea_taxus
ENSG00000101460_MAP1LC3A	Taxidea_taxus
ENSG00000101474_APMAP	Manis_javanica
ENSG00000101695_RNF125	Manis_javanica
ENSG00000101888_NXT2	Lynx_pardinus
ENSG00000101888_NXT2	Panthera_tigris
ENSG00000101888_NXT2	Gulo_gulo
ENSG00000101945_SUV39H1	Proteles_cristatus
ENSG00000101945_SUV39H1	Ursus_maritimus
ENSG00000101945_SUV39H1	Arctocephalus_gazella
ENSG00000102710_SUPT20H	Taxidea_taxus
ENSG00000102710_SUPT20H	Ursus_americanus
ENSG00000102710_SUPT20H	Arctocephalus_gazella
ENSG00000103184_SEC14L5	Acinonyx_jubatus
ENSG00000103310_ZP2	Taxidea_taxus
ENSG00000103310_ZP2	Procyon_lotor
ENSG00000103310_ZP2	Arctocephalus_gazella
ENSG00000103335_PIEZO1	Ursus_maritimus
ENSG00000103569_AQP9	Helogale_parvula
ENSG00000103569_AQP9	Procyon_lotor
ENSG00000103642_LACTB	Manis_javanica
ENSG00000104043_ATP8B4	Panthera_onca
ENSG00000104043_ATP8B4	Gulo_gulo
ENSG00000104043_ATP8B4	Arctocephalus_gazella
ENSG00000104529_EEF1D	Acinonyx_jubatus
ENSG00000104643_MTMR9	Proteles_cristatus
ENSG00000104643_MTMR9	Potos_flavus
ENSG00000104863_LIN7B	Procyon_lotor
ENSG00000104863_LIN7B	Leptonychotes_weddellii
ENSG00000104879_CKM	Panthera_leo
ENSG00000104885_DOT1L	Puma_concolor
ENSG00000104973_MED25	Lutra_lutra
ENSG00000105618_PRPF31	Arctocephalus_gazella
ENSG00000105679_GAPDHS	Gulo_gulo
ENSG00000105679_GAPDHS	Mirounga_angustirostris
ENSG00000105894_PTN	Nasua_narica
ENSG00000105894_PTN	Arctocephalus_gazella
ENSG00000105968_H2AFV	Panthera_tigris
ENSG00000105968_H2AFV	Mustela_putorius
ENSG00000105968_H2AFV	Paradoxurus_hermaphroditus
ENSG00000105968_H2AFV	Felis_catus
ENSG00000105968_H2AFV	Taxidea_taxus
ENSG00000105968_H2AFV	Ursus_thibetanus
ENSG00000105968_H2AFV	Procyon_lotor
ENSG00000105968_H2AFV	Odobenus_rosmarus
ENSG00000106004_HOXA5	Cryptoprocta_ferox
ENSG00000106004_HOXA5	Panthera_onca
ENSG00000106004_HOXA5	Ursus_arctos
ENSG00000106004_HOXA5	Spilogale_gracilis
ENSG00000106113_CRHR2	Panthera_onca
ENSG00000106113_CRHR2	Leptonychotes_weddellii
ENSG00000106278_PTPRZ1	Canis_familiaris
ENSG00000106615_RHEB	Paradoxurus_hermaphroditus
ENSG00000106723_SPIN1	Procyon_lotor
ENSG00000106723_SPIN1	Cryptoprocta_ferox
ENSG00000106723_SPIN1	Arctocephalus_gazella
ENSG00000107372_ZFAND5	Gulo_gulo
ENSG00000107443_CCNJ	Vulpes_vulpes
ENSG00000108179_PPIF	Taxidea_taxus
ENSG00000108312_UBTF	Panthera_onca
ENSG00000109063_MYH3	Gulo_gulo
ENSG00000109103_UNC119	Felis_catus
ENSG00000109184_DCUN1D4	Procyon_lotor
ENSG00000109184_DCUN1D4	Leptonychotes_weddellii
ENSG00000109606_DHX15	Ailurus_fulgens
ENSG00000110042_DTX4	Panthera_onca
ENSG00000110042_DTX4	Taxidea_taxus
ENSG00000110042_DTX4	Ursus_arctos
ENSG00000110042_DTX4	Nasua_narica
ENSG00000110171_TRIM3	Gulo_gulo
ENSG00000110455_ACCS	Helogale_parvula
ENSG00000110455_ACCS	Mellivora_capensis
ENSG00000111245_MYL2	Arctocephalus_gazella
ENSG00000111276_CDKN1B	Lynx_pardinus
ENSG00000111344_RASAL1	Crocuta_Crocuta
ENSG00000111344_RASAL1	Helogale_parvula
ENSG00000111344_RASAL1	Paradoxurus_hermaphroditus
ENSG00000111665_CDCA3	Arctocephalus_gazella
ENSG00000111674_ENO2	Leptonychotes_weddellii
ENSG00000111711_GOLT1B	Nasua_narica
ENSG00000111875_ASF1A	Lynx_pardinus
ENSG00000111875_ASF1A	Mungos_mungo
ENSG00000112305_SMAP1	Manis_javanica
ENSG00000112319_EYA4	Manis_javanica
ENSG00000112333_NR2E1	Arctocephalus_gazella
ENSG00000112394_SLC16A10	Manis_javanica
ENSG00000112699_GMDS	Bassariscus_sumichrasti
ENSG00000112761_WISP3	Vulpes_vulpes
ENSG00000112852_PCDHB2	Suricata_suricatta
ENSG00000113460_BRIX1	Gulo_gulo
ENSG00000114115_RBP1	Ursus_maritimus
ENSG00000114115_RBP1	Taxidea_taxus
ENSG00000114126_TFDP2	Helogale_parvula
ENSG00000114126_TFDP2	Prionailurus_bengalensis
ENSG00000114126_TFDP2	Arctocephalus_gazella
ENSG00000114126_TFDP2	Leptonychotes_weddellii
ENSG00000114279_FGF12	Otocyon_megalotis
ENSG00000114503_NCBP2	Ailuropoda_melanoleuca
ENSG00000114686_MRPL3	Taxidea_taxus
ENSG00000114686_MRPL3	Pteronura_brasiliensis
ENSG00000114686_MRPL3	Procyon_lotor
ENSG00000114686_MRPL3	Arctocephalus_gazella
ENSG00000114790_ARHGEF26	Canis_familiaris
ENSG00000114859_CLCN2	Procyon_lotor
ENSG00000115267_IFIH1	Manis_javanica
ENSG00000115594_IL1R1	Neovison_vison
ENSG00000115594_IL1R1	Leptonychotes_weddellii
ENSG00000115616_SLC9A2	Potos_flavus
ENSG00000115616_SLC9A2	Taxidea_taxus
ENSG00000115616_SLC9A2	Neovison_vison
ENSG00000115616_SLC9A2	Ursus_thibetanus
ENSG00000115875_SRSF7	Puma_concolor
ENSG00000116005_PCYOX1	Vulpes_vulpes
ENSG00000116120_FARSB	Felis_catus
ENSG00000116157_GPX7	Vulpes_vulpes
ENSG00000116329_OPRD1	Panthera_tigris
ENSG00000116329_OPRD1	Acinonyx_jubatus
ENSG00000116473_RAP1A	Manis_javanica
ENSG00000116473_RAP1A	Felis_catus
ENSG00000116473_RAP1A	Gulo_gulo
ENSG00000116473_RAP1A	Mustela_putorius
ENSG00000116473_RAP1A	Ailuropoda_melanoleuca
ENSG00000116473_RAP1A	Canis_familiaris
ENSG00000116574_RHOU	Paradoxurus_hermaphroditus
ENSG00000116663_FBXO6	Leptonychotes_weddellii
ENSG00000116981_NT5C1A	Otocyon_megalotis
ENSG00000117143_UAP1	Arctocephalus_gazella
ENSG00000117143_UAP1	Leptonychotes_weddellii
ENSG00000117155_SSX2IP	Paradoxurus_hermaphroditus
ENSG00000117394_SLC2A1	Spilogale_gracilis
ENSG00000117523_PRRC2C	Manis_javanica
ENSG00000118197_DDX59	Manis_javanica
ENSG00000118407_FILIP1	Manis_javanica
ENSG00000118515_SGK1	Arctocephalus_gazella
ENSG00000118689_FOXO3	Manis_javanica
ENSG00000118707_TGIF2	Neofelis_nebulosa
ENSG00000118707_TGIF2	Lutra_lutra
ENSG00000118707_TGIF2	Arctocephalus_gazella
ENSG00000118707_TGIF2	Mirounga_angustirostris
ENSG00000119280_C1orf198	Manis_javanica
ENSG00000119392_GLE1	Manis_javanica
ENSG00000119408_NEK6	Potos_flavus
ENSG00000119514_GALNT12	Manis_javanica
ENSG00000119541_VPS4B	Panthera_onca
ENSG00000119541_VPS4B	Neovison_vison
ENSG00000119541_VPS4B	Mirounga_angustirostris
ENSG00000119707_RBM25	Arctocephalus_gazella
ENSG00000119772_DNMT3A	Gulo_gulo
ENSG00000119888_EPCAM	Ursus_americanus
ENSG00000119888_EPCAM	Procyon_lotor
ENSG00000119888_EPCAM	Vulpes_vulpes
ENSG00000120053_GOT1	Gulo_gulo
ENSG00000120370_GORAB	Manis_javanica
ENSG00000120458_MSANTD2	Manis_javanica
ENSG00000120675_DNAJC15	Helogale_parvula
ENSG00000120675_DNAJC15	Mellivora_capensis
ENSG00000122254_HS3ST2	Gulo_gulo
ENSG00000122299_ZC3H7A	Prionailurus_bengalensis
ENSG00000122299_ZC3H7A	Neovison_vison
ENSG00000122299_ZC3H7A	Nasua_narica
ENSG00000122299_ZC3H7A	Arctocephalus_gazella
ENSG00000122386_ZNF205	Crocuta_Crocuta
ENSG00000122386_ZNF205	Paradoxurus_hermaphroditus
ENSG00000122386_ZNF205	Neovison_vison
ENSG00000122386_ZNF205	Pteronura_brasiliensis
ENSG00000123104_ITPR2	Cryptoprocta_ferox
ENSG00000123104_ITPR2	Neofelis_nebulosa
ENSG00000123104_ITPR2	Gulo_gulo
ENSG00000123104_ITPR2	Lutra_lutra
ENSG00000123104_ITPR2	Ursus_americanus
ENSG00000123104_ITPR2	Ailurus_fulgens
ENSG00000123146_ADGRE5	Pteronura_brasiliensis
ENSG00000123154_WDR83	Manis_javanica
ENSG00000123171_CCDC70	Manis_javanica
ENSG00000123307_NEUROD4	Arctocephalus_gazella
ENSG00000123364_HOXC13	Proteles_septentrionalis
ENSG00000123364_HOXC13	Acinonyx_jubatus
ENSG00000123364_HOXC13	Otocyon_megalotis
ENSG00000123415_SMUG1	Vulpes_vulpes
ENSG00000123562_MORF4L2	Arctocephalus_gazella
ENSG00000123576_ESX1	Helogale_parvula
ENSG00000123576_ESX1	Lycaon_pictus
ENSG00000123576_ESX1	Otocyon_megalotis
ENSG00000123600_METTL8	Mungos_mungo
ENSG00000123600_METTL8	Leptonychotes_weddellii
ENSG00000123612_ACVR1C	Canis_familiaris
ENSG00000123700_KCNJ2	Gulo_gulo
ENSG00000124145_SDC4	Manis_javanica
ENSG00000124391_IL17C	Manis_javanica
ENSG00000124449_IRGC	Panthera_tigris
ENSG00000124449_IRGC	Acinonyx_jubatus
ENSG00000124490_CRISP2	Crocuta_Crocuta
ENSG00000124490_CRISP2	Felis_catus
ENSG00000124557_BTN1A1	Crocuta_Crocuta
ENSG00000124721_DNAH8	Manis_javanica
ENSG00000124721_DNAH8	Pteronura_brasiliensis
ENSG00000124721_DNAH8	Ursus_maritimus
ENSG00000125207_PIWIL1	Pteronura_brasiliensis
ENSG00000125207_PIWIL1	Mirounga_angustirostris
ENSG00000125735_TNFSF14	Manis_javanica
ENSG00000125775_SDCBP2	Taxidea_taxus
ENSG00000125775_SDCBP2	Mirounga_angustirostris
ENSG00000125775_SDCBP2	Leptonychotes_weddellii
ENSG00000125779_PANK2	Procyon_lotor
ENSG00000125780_TGM3	Zalophus_californianus
ENSG00000125788_DEFB126	Gulo_gulo
ENSG00000125788_DEFB126	Ursus_thibetanus
ENSG00000125788_DEFB126	Procyon_lotor
ENSG00000125788_DEFB126	Phoca_vitulina
ENSG00000125810_CD93	Lycaon_pictus
ENSG00000126246_IGFLR1	Manis_javanica
ENSG00000126262_FFAR2	Mustela_putorius
ENSG00000126262_FFAR2	Arctocephalus_gazella
ENSG00000126858_RHOT1	Panthera_onca
ENSG00000127252_HRASLS	Neofelis_nebulosa
ENSG00000127252_HRASLS	Puma_concolor
ENSG00000128918_ALDH1A2	Gulo_gulo
ENSG00000129195_PIMREG	Puma_concolor
ENSG00000129250_KIF1C	Puma_concolor
ENSG00000130348_QRSL1	Manis_javanica
ENSG00000130377_ACSBG2	Arctocephalus_gazella
ENSG00000130508_PXDN	Paradoxurus_hermaphroditus
ENSG00000130508_PXDN	Ursus_thibetanus
ENSG00000130508_PXDN	Procyon_lotor
ENSG00000130508_PXDN	Neomonachus_schauinslandi
ENSG00000130649_CYP2E1	Taxidea_taxus
ENSG00000130816_DNMT1	Canis_familiaris
ENSG00000130822_PNCK	Panthera_tigris
ENSG00000130822_PNCK	Acinonyx_jubatus
ENSG00000131051_RBM39	Arctocephalus_gazella
ENSG00000131149_GSE1	Arctocephalus_gazella
ENSG00000131165_CHMP1A	Taxidea_taxus
ENSG00000131368_MRPS25	Gulo_gulo
ENSG00000131400_NAPSA	Pteronura_brasiliensis
ENSG00000131730_CKMT2	Crocuta_Crocuta
ENSG00000132254_ARFIP2	Arctocephalus_gazella
ENSG00000132329_RAMP1	Cryptoprocta_ferox
ENSG00000132329_RAMP1	Panthera_tigris
ENSG00000132329_RAMP1	Gulo_gulo
ENSG00000132329_RAMP1	Neomonachus_schauinslandi
ENSG00000132406_TMEM128	Manis_javanica
ENSG00000132478_UNK	Gulo_gulo
ENSG00000132478_UNK	Arctocephalus_gazella
ENSG00000132518_GUCY2D	Paradoxurus_hermaphroditus
ENSG00000132819_RBM38	Ursus_maritimus
ENSG00000132840_BHMT2	Ailuropoda_melanoleuca
ENSG00000132840_BHMT2	Neomonachus_schauinslandi
ENSG00000133020_MYH8	Procyon_lotor
ENSG00000133104_SPART	Manis_javanica
ENSG00000133112_TPT1	Lynx_pardinus
ENSG00000133135_RNF128	Cryptoprocta_ferox
ENSG00000133135_RNF128	Mellivora_capensis
ENSG00000133135_RNF128	Pteronura_brasiliensis
ENSG00000133135_RNF128	Ursus_americanus
ENSG00000133135_RNF128	Procyon_lotor
ENSG00000133135_RNF128	Phoca_vitulina
ENSG00000134202_GSTM3	Mellivora_capensis
ENSG00000134202_GSTM3	Procyon_lotor
ENSG00000134240_HMGCS2	Gulo_gulo
ENSG00000134240_HMGCS2	Spilogale_gracilis
ENSG00000134248_LAMTOR5	Paradoxurus_hermaphroditus
ENSG00000134438_RAX	Lycaon_pictus
ENSG00000134595_SOX3	Panthera_tigris
ENSG00000134684_YARS	Proteles_cristatus
ENSG00000134779_TPGS2	Prionailurus_bengalensis
ENSG00000134824_FADS2	Puma_concolor
ENSG00000134824_FADS2	Gulo_gulo
ENSG00000134909_ARHGAP32	Ailurus_fulgens
ENSG00000134909_ARHGAP32	Arctocephalus_gazella
ENSG00000135077_HAVCR2	Helogale_parvula
ENSG00000135547_HEY2	Lycaon_pictus
ENSG00000135870_RC3H1	Proteles_cristatus
ENSG00000136002_ARHGEF4	Cryptoprocta_ferox
ENSG00000136002_ARHGEF4	Arctocephalus_gazella
ENSG00000136002_ARHGEF4	Mirounga_angustirostris
ENSG00000136240_KDELR2	Lutra_lutra
ENSG00000136240_KDELR2	Procyon_lotor
ENSG00000136240_KDELR2	Leptonychotes_weddellii
ENSG00000136546_SCN7A	Taxidea_taxus
ENSG00000136848_DAB2IP	Arctocephalus_gazella
ENSG00000136870_ZNF189	Mungos_mungo
ENSG00000136870_ZNF189	Otocyon_megalotis
ENSG00000137133_HINT2	Ursus_arctos
ENSG00000137133_HINT2	Crocuta_Crocuta
ENSG00000137338_PGBD1	Neofelis_nebulosa
ENSG00000137338_PGBD1	Potos_flavus
ENSG00000137338_PGBD1	Lycaon_pictus
ENSG00000137338_PGBD1	Leptonychotes_weddellii
ENSG00000137440_FGFBP1	Manis_javanica
ENSG00000137500_CCDC90B	Taxidea_taxus
ENSG00000137500_CCDC90B	Nasua_narica
ENSG00000137502_RAB30	Manis_javanica
ENSG00000137522_RNF121	Puma_concolor
ENSG00000137522_RNF121	Nasua_narica
ENSG00000137522_RNF121	Arctocephalus_gazella
ENSG00000137707_BTG4	Gulo_gulo
ENSG00000137707_BTG4	Nasua_narica
ENSG00000137942_FNBP1L	Manis_javanica
ENSG00000138175_ARL3	Manis_javanica
ENSG00000138175_ARL3	Paradoxurus_hermaphroditus
ENSG00000138175_ARL3	Procyon_lotor
ENSG00000138175_ARL3	Otocyon_megalotis
ENSG00000138398_PPIG	Taxidea_taxus
ENSG00000138398_PPIG	Arctocephalus_gazella
ENSG00000138399_FASTKD1	Arctocephalus_gazella
ENSG00000138675_FGF5	Taxidea_taxus
ENSG00000138796_HADH	Felis_catus
ENSG00000138964_PARVG	Cryptoprocta_ferox
ENSG00000138964_PARVG	Helogale_parvula
ENSG00000138964_PARVG	Ursus_arctos
ENSG00000139083_ETV6	Taxidea_taxus
ENSG00000139168_ZCRB1	Felis_catus
ENSG00000139190_VAMP1	Puma_concolor
ENSG00000139211_AMIGO2	Manis_javanica
ENSG00000139218_SCAF11	Manis_javanica
ENSG00000139233_LLPH	Manis_javanica
ENSG00000139289_PHLDA1	Manis_javanica
ENSG00000139289_PHLDA1	Helogale_parvula
ENSG00000139289_PHLDA1	Lynx_pardinus
ENSG00000139292_LGR5	Canis_familiaris
ENSG00000139292_LGR5	Otocyon_megalotis
ENSG00000139354_GAS2L3	Otocyon_megalotis
ENSG00000139410_SDSL	Panthera_leo
ENSG00000139410_SDSL	Paradoxurus_hermaphroditus
ENSG00000139410_SDSL	Mellivora_capensis
ENSG00000139410_SDSL	Arctocephalus_gazella
ENSG00000139410_SDSL	Leptonychotes_weddellii
ENSG00000139874_SSTR1	Procyon_lotor
ENSG00000139926_FRMD6	Ursus_americanus
ENSG00000140265_ZSCAN29	Arctocephalus_gazella
ENSG00000140284_SLC27A2	Manis_javanica
ENSG00000140368_PSTPIP1	Vulpes_vulpes
ENSG00000140403_DNAJA4	Cryptoprocta_ferox
ENSG00000140403_DNAJA4	Nasua_narica
ENSG00000140835_CHST4	Taxidea_taxus
ENSG00000141316_SPACA3	Arctocephalus_gazella
ENSG00000141431_ASXL3	Manis_javanica
ENSG00000141441_GAREM1	Manis_javanica
ENSG00000141579_ZNF750	Lycaon_pictus
ENSG00000141579_ZNF750	Vulpes_vulpes
ENSG00000141858_SAMD1	Neovison_vison
ENSG00000141858_SAMD1	Lycaon_pictus
ENSG00000141858_SAMD1	Odobenus_rosmarus
ENSG00000142065_ZFP14	Mungos_mungo
ENSG00000142408_CACNG8	Lynx_pardinus
ENSG00000142669_SH3BGRL3	Lynx_pardinus
ENSG00000142669_SH3BGRL3	Neofelis_nebulosa
ENSG00000142669_SH3BGRL3	Potos_flavus
ENSG00000142669_SH3BGRL3	Mirounga_angustirostris
ENSG00000142698_C1orf94	Vulpes_vulpes
ENSG00000142973_CYP4B1	Gulo_gulo
ENSG00000142973_CYP4B1	Pteronura_brasiliensis
ENSG00000142973_CYP4B1	Lycaon_pictus
ENSG00000143179_UCK2	Manis_javanica
ENSG00000143320_CRABP2	Taxidea_taxus
ENSG00000143889_HNRNPLL	Hyaena_hyaena
ENSG00000143889_HNRNPLL	Suricata_suricatta
ENSG00000143889_HNRNPLL	Panthera_leo
ENSG00000143921_ABCG8	Mungos_mungo
ENSG00000143921_ABCG8	Phoca_vitulina
ENSG00000144048_DUSP11	Gulo_gulo
ENSG00000144331_ZNF385B	Ailurus_fulgens
ENSG00000144401_METTL21A	Panthera_onca
ENSG00000144401_METTL21A	Lutra_lutra
ENSG00000144579_CTDSP1	Ursus_maritimus
ENSG00000144579_CTDSP1	Lycaon_pictus
ENSG00000144791_LIMD1	Panthera_leo
ENSG00000144791_LIMD1	Puma_concolor
ENSG00000144791_LIMD1	Vulpes_vulpes
ENSG00000144791_LIMD1	Phoca_vitulina
ENSG00000145242_EPHA5	Taxidea_taxus
ENSG00000145287_PLAC8	Mellivora_capensis
ENSG00000145287_PLAC8	Bassariscus_sumichrasti
ENSG00000145780_FEM1C	Gulo_gulo
ENSG00000146054_TRIM7	Ailuropoda_melanoleuca
ENSG00000146215_CRIP3	Manis_javanica
ENSG00000146243_IRAK1BP1	Manis_javanica
ENSG00000146670_CDCA5	Nasua_narica
ENSG00000147036_LANCL3	Gulo_gulo
ENSG00000147036_LANCL3	Pteronura_brasiliensis
ENSG00000147118_ZNF182	Crocuta_Crocuta
ENSG00000147118_ZNF182	Bassariscus_sumichrasti
ENSG00000147789_ZNF7	Lutra_lutra
ENSG00000148082_SHC3	Crocuta_Crocuta
ENSG00000148110_MFSD14B	Neovison_vison
ENSG00000148156_ACTL7B	Vulpes_vulpes
ENSG00000148180_GSN	Lycaon_pictus
ENSG00000148291_SURF2	Lynx_pardinus
ENSG00000148606_POLR3A	Paradoxurus_hermaphroditus
ENSG00000148606_POLR3A	Panthera_leo
ENSG00000148606_POLR3A	Taxidea_taxus
ENSG00000148606_POLR3A	Ursus_americanus
ENSG00000148660_CAMK2G	Panthera_leo
ENSG00000149273_RPS3	Felis_catus
ENSG00000149357_LAMTOR1	Arctocephalus_gazella
ENSG00000149716_ORAOV1	Felis_catus
ENSG00000150401_DCUN1D2	Felis_catus
ENSG00000150401_DCUN1D2	Mustela_putorius
ENSG00000150401_DCUN1D2	Ailuropoda_melanoleuca
ENSG00000150401_DCUN1D2	Ursus_arctos
ENSG00000150401_DCUN1D2	Canis_familiaris
ENSG00000150787_PTS	Lynx_pardinus
ENSG00000150893_FREM2	Lutra_lutra
ENSG00000150907_FOXO1	Manis_javanica
ENSG00000151413_NUBPL	Bassariscus_sumichrasti
ENSG00000151418_ATP6V1G3	Manis_javanica
ENSG00000151418_ATP6V1G3	Cryptoprocta_ferox
ENSG00000151418_ATP6V1G3	Procyon_lotor
ENSG00000151726_ACSL1	Prionailurus_bengalensis
ENSG00000151726_ACSL1	Manis_javanica
ENSG00000151726_ACSL1	Gulo_gulo
ENSG00000151726_ACSL1	Ursus_maritimus
ENSG00000151743_AMN1	Manis_javanica
ENSG00000151882_CCL28	Ailurus_fulgens
ENSG00000152219_ARL14EP	Gulo_gulo
ENSG00000152219_ARL14EP	Arctocephalus_gazella
ENSG00000152670_DDX4	Mellivora_capensis
ENSG00000152670_DDX4	Spilogale_gracilis
ENSG00000152670_DDX4	Arctocephalus_gazella
ENSG00000152700_SAR1B	Felis_catus
ENSG00000152700_SAR1B	Mustela_putorius
ENSG00000152700_SAR1B	Ailuropoda_melanoleuca
ENSG00000152700_SAR1B	Canis_familiaris
ENSG00000153002_CPB1	Gulo_gulo
ENSG00000153187_HNRNPU	Arctocephalus_gazella
ENSG00000153214_TMEM87B	Taxidea_taxus
ENSG00000153214_TMEM87B	Phoca_vitulina
ENSG00000153443_UBALD1	Panthera_tigris
ENSG00000153443_UBALD1	Puma_concolor
ENSG00000153443_UBALD1	Lutra_lutra
ENSG00000153443_UBALD1	Ursus_maritimus
ENSG00000153443_UBALD1	Potos_flavus
ENSG00000153443_UBALD1	Mirounga_angustirostris
ENSG00000154118_JPH3	Paradoxurus_hermaphroditus
ENSG00000154165_GPR15	Otocyon_megalotis
ENSG00000154305_MIA3	Hyaena_hyaena
ENSG00000154380_ENAH	Ursus_thibetanus
ENSG00000154380_ENAH	Lycaon_pictus
ENSG00000154832_CXXC1	Bassariscus_sumichrasti
ENSG00000155366_RHOC	Gulo_gulo
ENSG00000155368_DBI	Potos_flavus
ENSG00000155729_KCTD18	Canis_familiaris
ENSG00000156222_SLC28A1	Hyaena_hyaena
ENSG00000157111_TMEM171	Lycaon_pictus
ENSG00000157219_HTR5A	Enhydra_lutris
ENSG00000157219_HTR5A	Crocuta_Crocuta
ENSG00000157219_HTR5A	Mungos_mungo
ENSG00000157219_HTR5A	Gulo_gulo
ENSG00000157219_HTR5A	Procyon_lotor
ENSG00000157600_TMEM164	Arctocephalus_gazella
ENSG00000157827_FMNL2	Panthera_pardus
ENSG00000158077_NLRP14	Leptonychotes_weddellii
ENSG00000158089_GALNT14	Taxidea_taxus
ENSG00000158163_DZIP1L	Vulpes_vulpes
ENSG00000158321_AUTS2	Ursus_thibetanus
ENSG00000158604_TMED4	Leptonychotes_weddellii
ENSG00000158691_ZSCAN12	Proteles_cristatus
ENSG00000158815_FGF17	Manis_javanica
ENSG00000159210_SNF8	Taxidea_taxus
ENSG00000159231_CBR3	Mellivora_capensis
ENSG00000159231_CBR3	Procyon_lotor
ENSG00000159337_PLA2G4D	Gulo_gulo
ENSG00000159337_PLA2G4D	Bassariscus_sumichrasti
ENSG00000159388_BTG2	Paradoxurus_hermaphroditus
ENSG00000159388_BTG2	Lycaon_pictus
ENSG00000159398_CES5A	Ursus_thibetanus
ENSG00000159398_CES5A	Otocyon_megalotis
ENSG00000159409_CELF3	Spilogale_gracilis
ENSG00000159409_CELF3	Arctocephalus_gazella
ENSG00000159479_MED8	Arctocephalus_gazella
ENSG00000159714_ZDHHC1	Taxidea_taxus
ENSG00000160307_S100B	Lycaon_pictus
ENSG00000160539_PLPP7	Paradoxurus_hermaphroditus
ENSG00000160551_TAOK1	Mungos_mungo
ENSG00000160563_MED27	Mungos_mungo
ENSG00000160691_SHC1	Lynx_pardinus
ENSG00000160917_CPSF4	Crocuta_Crocuta
ENSG00000160973_FOXH1	Acinonyx_jubatus
ENSG00000161298_ZNF382	Neofelis_nebulosa
ENSG00000161849_KRT84	Ailurus_fulgens
ENSG00000161849_KRT84	Panthera_leo
ENSG00000161850_KRT82	Panthera_onca
ENSG00000161850_KRT82	Procyon_lotor
ENSG00000161960_EIF4A1	Leptonychotes_weddellii
ENSG00000162040_HS3ST6	Ursus_maritimus
ENSG00000162105_SHANK2	Taxidea_taxus
ENSG00000162105_SHANK2	Ursus_americanus
ENSG00000162105_SHANK2	Phoca_vitulina
ENSG00000162231_NXF1	Enhydra_lutris
ENSG00000162402_USP24	Ursus_arctos
ENSG00000162402_USP24	Crocuta_Crocuta
ENSG00000162402_USP24	Mungos_mungo
ENSG00000162402_USP24	Prionailurus_bengalensis
ENSG00000162402_USP24	Panthera_onca
ENSG00000162402_USP24	Taxidea_taxus
ENSG00000162402_USP24	Lutra_lutra
ENSG00000162402_USP24	Vulpes_vulpes
ENSG00000162402_USP24	Phoca_vitulina
ENSG00000162438_CTRC	Arctocephalus_gazella
ENSG00000162551_ALPL	Gulo_gulo
ENSG00000162711_NLRP3	Lycaon_pictus
ENSG00000162771_FAM71A	Gulo_gulo
ENSG00000162783_IER5	Manis_javanica
ENSG00000162999_DUSP19	Lycaon_pictus
ENSG00000163053_SLC16A14	Canis_familiaris
ENSG00000163082_SGPP2	Canis_familiaris
ENSG00000163472_TMEM79	Canis_familiaris
ENSG00000163472_TMEM79	Otocyon_megalotis
ENSG00000163520_FBLN2	Arctocephalus_gazella
ENSG00000163623_NKX6-1	Lutra_lutra
ENSG00000163629_PTPN13	Paradoxurus_hermaphroditus
ENSG00000163629_PTPN13	Ailurus_fulgens
ENSG00000163736_PPBP	Pteronura_brasiliensis
ENSG00000163754_GYG1	Prionailurus_bengalensis
ENSG00000163754_GYG1	Arctocephalus_gazella
ENSG00000163874_ZC3H12A	Lycaon_pictus
ENSG00000164050_PLXNB1	Manis_javanica
ENSG00000164104_HMGB2	Manis_javanica
ENSG00000164167_LSM6	Taxidea_taxus
ENSG00000164167_LSM6	Procyon_lotor
ENSG00000164325_TMEM174	Lycaon_pictus
ENSG00000164484_TMEM200A	Vulpes_vulpes
ENSG00000164484_TMEM200A	Lycaon_pictus
ENSG00000164684_ZNF704	Paradoxurus_hermaphroditus
ENSG00000164690_SHH	Lynx_pardinus
ENSG00000164690_SHH	Puma_concolor
ENSG00000164690_SHH	Ailurus_fulgens
ENSG00000164867_NOS3	Manis_javanica
ENSG00000165023_DIRAS2	Arctocephalus_gazella
ENSG00000165474_GJB2	Ursus_americanus
ENSG00000165474_GJB2	Procyon_lotor
ENSG00000165474_GJB2	Arctocephalus_gazella
ENSG00000165512_ZNF22	Mellivora_capensis
ENSG00000165512_ZNF22	Phoca_vitulina
ENSG00000165688_PMPCA	Lynx_canadensis
ENSG00000165732_DDX21	Spilogale_gracilis
ENSG00000165792_METTL17	Lycaon_pictus
ENSG00000165804_ZNF219	Canis_familiaris
ENSG00000165804_ZNF219	Otocyon_megalotis
ENSG00000165821_SALL2	Canis_familiaris
ENSG00000165966_PDZRN4	Manis_javanica
ENSG00000166069_TMCO5A	Prionailurus_bengalensis
ENSG00000166169_POLL	Arctocephalus_gazella
ENSG00000166289_PLEKHF1	Panthera_tigris
ENSG00000166289_PLEKHF1	Acinonyx_jubatus
ENSG00000166289_PLEKHF1	Ursus_maritimus
ENSG00000166289_PLEKHF1	Lycaon_pictus
ENSG00000166326_TRIM44	Canis_familiaris
ENSG00000166349_RAG1	Lycaon_pictus
ENSG00000166446_CDYL2	Proteles_septentrionalis
ENSG00000166446_CDYL2	Mungos_mungo
ENSG00000166446_CDYL2	Ursus_thibetanus
ENSG00000166446_CDYL2	Procyon_lotor
ENSG00000166446_CDYL2	Arctocephalus_gazella
ENSG00000166510_CCDC68	Taxidea_taxus
ENSG00000166529_ZSCAN21	Phoca_vitulina
ENSG00000166676_TVP23A	Panthera_tigris
ENSG00000166676_TVP23A	Ursus_maritimus
ENSG00000166676_TVP23A	Arctocephalus_gazella
ENSG00000166681_BEX3	Crocuta_Crocuta
ENSG00000166704_ZNF606	Bassariscus_sumichrasti
ENSG00000166704_ZNF606	Lycaon_pictus
ENSG00000166801_FAM111A	Mungos_mungo
ENSG00000166839_ANKDD1A	Manis_javanica
ENSG00000166856_GPR182	Vulpes_vulpes
ENSG00000166862_CACNG2	Arctocephalus_gazella
ENSG00000166913_YWHAB	Neofelis_nebulosa
ENSG00000166928_MS4A14	Acinonyx_jubatus
ENSG00000166928_MS4A14	Taxidea_taxus
ENSG00000166928_MS4A14	Neovison_vison
ENSG00000166928_MS4A14	Ailurus_fulgens
ENSG00000166928_MS4A14	Arctocephalus_gazella
ENSG00000166961_MS4A15	Paradoxurus_hermaphroditus
ENSG00000166961_MS4A15	Panthera_tigris
ENSG00000166961_MS4A15	Puma_concolor
ENSG00000166961_MS4A15	Taxidea_taxus
ENSG00000167291_TBC1D16	Odobenus_rosmarus
ENSG00000167384_ZNF180	Crocuta_Crocuta
ENSG00000167384_ZNF180	Panthera_leo
ENSG00000167384_ZNF180	Lynx_canadensis
ENSG00000167384_ZNF180	Mellivora_capensis
ENSG00000167384_ZNF180	Lutra_lutra
ENSG00000167395_ZNF646	Arctocephalus_gazella
ENSG00000167508_MVD	Manis_javanica
ENSG00000167641_PPP1R14A	Taxidea_taxus
ENSG00000167641_PPP1R14A	Arctocephalus_gazella
ENSG00000167657_DAPK3	Puma_concolor
ENSG00000167671_UBXN6	Acinonyx_jubatus
ENSG00000167695_FAM57A	Panthera_pardus
ENSG00000167695_FAM57A	Arctocephalus_gazella
ENSG00000167759_KLK13	Mungos_mungo
ENSG00000167771_RCOR2	Crocuta_Crocuta
ENSG00000167771_RCOR2	Puma_concolor
ENSG00000167785_ZNF558	Panthera_leo
ENSG00000167916_KRT24	Crocuta_Crocuta
ENSG00000167972_ABCA3	Potos_flavus
ENSG00000168101_NUDT16L1	Lynx_pardinus
ENSG00000168101_NUDT16L1	Panthera_tigris
ENSG00000168101_NUDT16L1	Acinonyx_jubatus
ENSG00000168101_NUDT16L1	Lutra_lutra
ENSG00000168101_NUDT16L1	Potos_flavus
ENSG00000168101_NUDT16L1	Mirounga_angustirostris
ENSG00000168118_RAB4A	Gulo_gulo
ENSG00000168118_RAB4A	Spilogale_gracilis
ENSG00000168118_RAB4A	Procyon_lotor
ENSG00000168158_OR2C1	Mirounga_angustirostris
ENSG00000168268_NT5DC2	Acinonyx_jubatus
ENSG00000168268_NT5DC2	Ursus_maritimus
ENSG00000168397_ATG4B	Cryptoprocta_ferox
ENSG00000168397_ATG4B	Mungos_mungo
ENSG00000168556_ING2	Acinonyx_jubatus
ENSG00000168779_SHOX2	Procyon_lotor
ENSG00000168779_SHOX2	Puma_concolor
ENSG00000169085_C8orf46	Gulo_gulo
ENSG00000169131_ZNF354A	Lycaon_pictus
ENSG00000169169_CPT1C	Acinonyx_jubatus
ENSG00000169181_GSG1L	Spilogale_gracilis
ENSG00000169181_GSG1L	Prionailurus_bengalensis
ENSG00000169181_GSG1L	Taxidea_taxus
ENSG00000169181_GSG1L	Arctocephalus_gazella
ENSG00000169359_SLC33A1	Otocyon_megalotis
ENSG00000169379_ARL13B	Gulo_gulo
ENSG00000169379_ARL13B	Neovison_vison
ENSG00000169379_ARL13B	Nasua_narica
ENSG00000169564_PCBP1	Arctocephalus_gazella
ENSG00000169860_P2RY1	Otocyon_megalotis
ENSG00000170142_UBE2E1	Lycaon_pictus
ENSG00000170142_UBE2E1	Vulpes_vulpes
ENSG00000170145_SIK2	Helogale_parvula
ENSG00000170145_SIK2	Bassariscus_sumichrasti
ENSG00000170209_ANKK1	Mustela_putorius
ENSG00000170209_ANKK1	Enhydra_lutris
ENSG00000170396_ZNF804A	Vulpes_vulpes
ENSG00000170439_METTL7B	Taxidea_taxus
ENSG00000170439_METTL7B	Nasua_narica
ENSG00000170439_METTL7B	Arctocephalus_gazella
ENSG00000170502_NUDT9	Paradoxurus_hermaphroditus
ENSG00000170509_HSD17B13	Taxidea_taxus
ENSG00000170509_HSD17B13	Mirounga_angustirostris
ENSG00000170509_HSD17B13	Leptonychotes_weddellii
ENSG00000170615_SLC26A5	Arctocephalus_gazella
ENSG00000170807_LMOD2	Canis_familiaris
ENSG00000170807_LMOD2	Otocyon_megalotis
ENSG00000171054_OR13H1	Canis_familiaris
ENSG00000171121_KCNMB3	Odobenus_rosmarus
ENSG00000171121_KCNMB3	Gulo_gulo
ENSG00000171121_KCNMB3	Phoca_vitulina
ENSG00000171121_KCNMB3	Leptonychotes_weddellii
ENSG00000171161_ZNF672	Panthera_leo
ENSG00000171222_SCAND1	Panthera_tigris
ENSG00000171222_SCAND1	Acinonyx_jubatus
ENSG00000171222_SCAND1	Ursus_maritimus
ENSG00000171530_TBCA	Neomonachus_schauinslandi
ENSG00000171617_ENC1	Lycaon_pictus
ENSG00000171617_ENC1	Otocyon_megalotis
ENSG00000172037_LAMB2	Taxidea_taxus
ENSG00000172199_OR8U1	Neofelis_nebulosa
ENSG00000172199_OR8U1	Bassariscus_sumichrasti
ENSG00000172199_OR8U1	Zalophus_californianus
ENSG00000172466_ZNF24	Panthera_tigris
ENSG00000172466_ZNF24	Ursus_maritimus
ENSG00000172466_ZNF24	Neomonachus_schauinslandi
ENSG00000172466_ZNF24	Manis_javanica
ENSG00000172466_ZNF24	Prionailurus_bengalensis
ENSG00000172466_ZNF24	Panthera_onca
ENSG00000172466_ZNF24	Felis_catus
ENSG00000172466_ZNF24	Acinonyx_jubatus
ENSG00000172466_ZNF24	Mellivora_capensis
ENSG00000172466_ZNF24	Mustela_putorius
ENSG00000172466_ZNF24	Procyon_lotor
ENSG00000172466_ZNF24	Canis_familiaris
ENSG00000172466_ZNF24	Odobenus_rosmarus
ENSG00000172794_RAB37	Neofelis_nebulosa
ENSG00000172794_RAB37	Panthera_pardus
ENSG00000172922_RNASEH2C	Manis_javanica
ENSG00000173083_HPSE	Gulo_gulo
ENSG00000173193_PARP14	Panthera_onca
ENSG00000173221_GLRX	Canis_familiaris
ENSG00000173221_GLRX	Otocyon_megalotis
ENSG00000173239_LIPM	Bassariscus_sumichrasti
ENSG00000173402_DAG1	Manis_javanica
ENSG00000173409_ARV1	Felis_catus
ENSG00000173452_TMEM196	Enhydra_lutris
ENSG00000173726_TOMM20	Potos_flavus
ENSG00000173786_CNP	Manis_javanica
ENSG00000173786_CNP	Arctocephalus_gazella
ENSG00000174004_NRROS	Lycaon_pictus
ENSG00000174004_NRROS	Otocyon_megalotis
ENSG00000174099_MSRB3	Hyaena_hyaena
ENSG00000174099_MSRB3	Paradoxurus_hermaphroditus
ENSG00000174099_MSRB3	Nasua_narica
ENSG00000174099_MSRB3	Procyon_lotor
ENSG00000174132_FAM174A	Otocyon_megalotis
ENSG00000174136_RGMB	Otocyon_megalotis
ENSG00000174417_TRHR	Gulo_gulo
ENSG00000174718_KIAA1551	Manis_javanica
ENSG00000175130_MARCKSL1	Arctocephalus_gazella
ENSG00000175155_YPEL2	Ursus_maritimus
ENSG00000175155_YPEL2	Leptonychotes_weddellii
ENSG00000175183_CSRP2	Vulpes_vulpes
ENSG00000175352_NRIP3	Acinonyx_jubatus
ENSG00000175352_NRIP3	Ailurus_fulgens
ENSG00000175352_NRIP3	Bassariscus_sumichrasti
ENSG00000175390_EIF3F	Felis_catus
ENSG00000175535_PNLIP	Proteles_septentrionalis
ENSG00000175535_PNLIP	Ailurus_fulgens
ENSG00000175535_PNLIP	Lycaon_pictus
ENSG00000175535_PNLIP	Vulpes_vulpes
ENSG00000175567_UCP2	Lutra_lutra
ENSG00000175591_P2RY2	Panthera_tigris
ENSG00000175591_P2RY2	Puma_concolor
ENSG00000175591_P2RY2	Ursus_maritimus
ENSG00000175600_SUGCT	Ursus_thibetanus
ENSG00000175766_EIF4E1B	Leptonychotes_weddellii
ENSG00000175787_ZNF169	Panthera_onca
ENSG00000175806_MSRA	Bassariscus_sumichrasti
ENSG00000176371_ZSCAN2	Taxidea_taxus
ENSG00000176371_ZSCAN2	Spilogale_gracilis
ENSG00000176540_OR4C5	Lynx_pardinus
ENSG00000176774_MAGEB18	Crocuta_Crocuta
ENSG00000176903_PNMA1	Lynx_pardinus
ENSG00000177105_RHOG	Mellivora_capensis
ENSG00000177105_RHOG	Pteronura_brasiliensis
ENSG00000177105_RHOG	Lutra_lutra
ENSG00000177565_TBL1XR1	Hyaena_hyaena
ENSG00000177565_TBL1XR1	Taxidea_taxus
ENSG00000177565_TBL1XR1	Leptonychotes_weddellii
ENSG00000177575_CD163	Gulo_gulo
ENSG00000177613_CSTF2T	Canis_familiaris
ENSG00000177613_CSTF2T	Otocyon_megalotis
ENSG00000177932_ZNF354C	Lynx_canadensis
ENSG00000177932_ZNF354C	Gulo_gulo
ENSG00000177932_ZNF354C	Callorhinus_ursinus
ENSG00000177994_C2orf73	Manis_javanica
ENSG00000178338_ZNF354B	Panthera_leo
ENSG00000178338_ZNF354B	Vulpes_vulpes
ENSG00000178445_GLDC	Bassariscus_sumichrasti
ENSG00000178913_TAF7	Arctocephalus_gazella
ENSG00000179023_KLHDC7A	Acinonyx_jubatus
ENSG00000179023_KLHDC7A	Panthera_tigris
ENSG00000179023_KLHDC7A	Arctocephalus_gazella
ENSG00000179195_ZNF664	Prionailurus_bengalensis
ENSG00000179222_MAGED1	Puma_concolor
ENSG00000179292_TMEM151A	Puma_concolor
ENSG00000179295_PTPN11	Manis_javanica
ENSG00000179477_ALOX12B	Puma_concolor
ENSG00000179604_CDC42EP4	Arctocephalus_gazella
ENSG00000179965_ZNF771	Paradoxurus_hermaphroditus
ENSG00000179965_ZNF771	Neomonachus_schauinslandi
ENSG00000179965_ZNF771	Manis_javanica
ENSG00000179965_ZNF771	Panthera_pardus
ENSG00000179965_ZNF771	Enhydra_lutris
ENSG00000179965_ZNF771	Ailurus_fulgens
ENSG00000179965_ZNF771	Canis_familiaris
ENSG00000179965_ZNF771	Odobenus_rosmarus
ENSG00000179981_TSHZ1	Lutra_lutra
ENSG00000180530_NRIP1	Otocyon_megalotis
ENSG00000180535_BHLHA15	Manis_javanica
ENSG00000180543_TSPYL5	Lycaon_pictus
ENSG00000181007_ZFP82	Prionailurus_bengalensis
ENSG00000181631_P2RY13	Arctocephalus_gazella
ENSG00000181785_OR5AS1	Bassariscus_sumichrasti
ENSG00000181785_OR5AS1	Arctocephalus_gazella
ENSG00000181785_OR5AS1	Phoca_vitulina
ENSG00000181894_ZNF329	Hyaena_hyaena
ENSG00000181894_ZNF329	Ursus_thibetanus
ENSG00000181958_OR4A15	Prionailurus_bengalensis
ENSG00000181958_OR4A15	Panthera_onca
ENSG00000182195_LDOC1	Acinonyx_jubatus
ENSG00000182247_UBE2E2	Felis_catus
ENSG00000182263_FIGN	Canis_familiaris
ENSG00000182521_TBPL2	Procyon_lotor
ENSG00000182831_C16orf72	Gulo_gulo
ENSG00000182831_C16orf72	Lynx_pardinus
ENSG00000183396_TMEM89	Manis_javanica
ENSG00000183479_TREX2	Acinonyx_jubatus
ENSG00000183479_TREX2	Ursus_maritimus
ENSG00000183625_CCR3	Gulo_gulo
ENSG00000183662_FAM19A1	Neomonachus_schauinslandi
ENSG00000183726_TMEM50A	Panthera_onca
ENSG00000183729_NPBWR1	Lynx_pardinus
ENSG00000183729_NPBWR1	Panthera_tigris
ENSG00000183729_NPBWR1	Acinonyx_jubatus
ENSG00000183733_FIGLA	Lycaon_pictus
ENSG00000183918_SH2D1A	Neofelis_nebulosa
ENSG00000183918_SH2D1A	Taxidea_taxus
ENSG00000184207_PGP	Puma_concolor
ENSG00000184207_PGP	Panthera_tigris
ENSG00000184207_PGP	Taxidea_taxus
ENSG00000184226_PCDH9	Arctocephalus_gazella
ENSG00000184517_ZFP1	Prionailurus_bengalensis
ENSG00000184672_RALYL	Taxidea_taxus
ENSG00000184939_ZFP90	Mungos_mungo
ENSG00000184995_IFNE	Arctocephalus_gazella
ENSG00000185088_RPS27L	Canis_familiaris
ENSG00000185105_MYADML2	Acinonyx_jubatus
ENSG00000185105_MYADML2	Neofelis_nebulosa
ENSG00000185112_FAM43A	Lycaon_pictus
ENSG00000185271_KLHL33	Otocyon_megalotis
ENSG00000185272_RBM11	Cryptoprocta_ferox
ENSG00000185272_RBM11	Gulo_gulo
ENSG00000185272_RBM11	Nasua_narica
ENSG00000185324_CDK10	Paradoxurus_hermaphroditus
ENSG00000185324_CDK10	Gulo_gulo
ENSG00000185324_CDK10	Arctocephalus_gazella
ENSG00000185352_HS6ST3	Taxidea_taxus
ENSG00000185467_KPNA7	Cryptoprocta_ferox
ENSG00000185467_KPNA7	Taxidea_taxus
ENSG00000185467_KPNA7	Ursus_maritimus
ENSG00000185668_POU3F1	Suricata_suricatta
ENSG00000185800_DMWD	Panthera_tigris
ENSG00000185818_NAT8L	Acinonyx_jubatus
ENSG00000185818_NAT8L	Lynx_pardinus
ENSG00000185818_NAT8L	Panthera_tigris
ENSG00000185818_NAT8L	Ursus_americanus
ENSG00000185982_DEFB128	Mellivora_capensis
ENSG00000185982_DEFB128	Pteronura_brasiliensis
ENSG00000185982_DEFB128	Ursus_maritimus
ENSG00000186001_LRCH3	Otocyon_megalotis
ENSG00000186001_LRCH3	Cryptoprocta_ferox
ENSG00000186001_LRCH3	Taxidea_taxus
ENSG00000186001_LRCH3	Ursus_thibetanus
ENSG00000186132_C2orf76	Felis_catus
ENSG00000186298_PPP1CC	Arctocephalus_gazella
ENSG00000186314_PRELID2	Manis_javanica
ENSG00000186529_CYP4F3	Lynx_pardinus
ENSG00000186812_ZNF397	Crocuta_Crocuta
ENSG00000186812_ZNF397	Mellivora_capensis
ENSG00000186812_ZNF397	Pteronura_brasiliensis
ENSG00000186812_ZNF397	Ursus_arctos
ENSG00000186970_KRTAP15-1	Crocuta_Crocuta
ENSG00000187017_ESPN	Neovison_vison
ENSG00000187017_ESPN	Ursus_maritimus
ENSG00000187021_PNLIPRP1	Arctocephalus_gazella
ENSG00000187054_TMPRSS11A	Leptonychotes_weddellii
ENSG00000187189_TSPYL4	Otocyon_megalotis
ENSG00000187672_ERC2	Acinonyx_jubatus
ENSG00000187773_FAM69C	Manis_javanica
ENSG00000187840_EIF4EBP1	Puma_concolor
ENSG00000187855_ASCL4	Otocyon_megalotis
ENSG00000188340_OR6N2	Arctocephalus_gazella
ENSG00000188643_S100A16	Ailurus_fulgens
ENSG00000188771_PLET1	Manis_javanica
ENSG00000188833_ENTPD8	Mungos_mungo
ENSG00000188833_ENTPD8	Procyon_lotor
ENSG00000188984_NT.fastaDACL3	Taxidea_taxus
ENSG00000189099_PRSS48	Leptonychotes_weddellii
ENSG00000189099_PRSS48	Felis_catus
ENSG00000189184_PCDH18	Otocyon_megalotis
ENSG00000189241_TSPYL1	Vulpes_vulpes
ENSG00000189280_GJB5	Lycaon_pictus
ENSG00000189299_FOXR2	Manis_javanica
ENSG00000189420_ZFP92	Otocyon_megalotis
ENSG00000196248_OR10S1	Mellivora_capensis
ENSG00000196405_EVL	Ursus_americanus
ENSG00000196433_ASMT	Manis_javanica
ENSG00000196433_ASMT	Spilogale_gracilis
ENSG00000196433_ASMT	Nasua_narica
ENSG00000196581_AJAP1	Panthera_tigris
ENSG00000196591_HDAC2	Hyaena_hyaena
ENSG00000196591_HDAC2	Helogale_parvula
ENSG00000196591_HDAC2	Ursus_americanus
ENSG00000196867_ZFP28	Neofelis_nebulosa
ENSG00000196914_ARHGEF12	Ailurus_fulgens
ENSG00000196917_HCAR1	Arctocephalus_gazella
ENSG00000197079_KRT35	Arctocephalus_gazella
ENSG00000197323_TRIM33	Neovison_vison
ENSG00000197323_TRIM33	Procyon_lotor
ENSG00000197444_OGDHL	Mungos_mungo
ENSG00000197444_OGDHL	Prionailurus_bengalensis
ENSG00000197444_OGDHL	Taxidea_taxus
ENSG00000197444_OGDHL	Potos_flavus
ENSG00000197444_OGDHL	Arctocephalus_gazella
ENSG00000197576_HOXA4	Helogale_parvula
ENSG00000197586_ENTPD6	Manis_javanica
ENSG00000197724_PHF2	Neomonachus_schauinslandi
ENSG00000197724_PHF2	Paradoxurus_hermaphroditus
ENSG00000197724_PHF2	Taxidea_taxus
ENSG00000197790_OR52M1	Gulo_gulo
ENSG00000197891_SLC22A12	Puma_concolor
ENSG00000197891_SLC22A12	Gulo_gulo
ENSG00000198018_ENTPD7	Paradoxurus_hermaphroditus
ENSG00000198018_ENTPD7	Spilogale_gracilis
ENSG00000198018_ENTPD7	Bassariscus_sumichrasti
ENSG00000198283_OR5B21	Neofelis_nebulosa
ENSG00000198301_SDAD1	Ailuropoda_melanoleuca
ENSG00000198420_TCAF1	Panthera_leo
ENSG00000198440_ZNF583	Lutra_lutra
ENSG00000198440_ZNF583	Neofelis_nebulosa
ENSG00000198440_ZNF583	Spilogale_gracilis
ENSG00000198440_ZNF583	Lycaon_pictus
ENSG00000198467_TPM2	Arctocephalus_gazella
ENSG00000198478_SH3BGRL2	Manis_javanica
ENSG00000198515_CNGA1	Gulo_gulo
ENSG00000198515_CNGA1	Arctocephalus_gazella
ENSG00000198742_SMURF1	Arctocephalus_gazella
ENSG00000198742_SMURF1	Leptonychotes_weddellii
ENSG00000198812_LRRC10	Lycaon_pictus
ENSG00000198854_C1orf68	Spilogale_gracilis
ENSG00000198890_PRMT6	Lycaon_pictus
ENSG00000198925_ATG9A	Arctocephalus_gazella
ENSG00000198948_MFAP3L	Manis_javanica
ENSG00000203797_DDO	Vulpes_vulpes
ENSG00000204007_GLT6D1	Ailuropoda_melanoleuca
ENSG00000204007_GLT6D1	Manis_javanica
ENSG00000204007_GLT6D1	Suricata_suricatta
ENSG00000204007_GLT6D1	Mungos_mungo
ENSG00000204007_GLT6D1	Felis_catus
ENSG00000204007_GLT6D1	Taxidea_taxus
ENSG00000204007_GLT6D1	Neovison_vison
ENSG00000204007_GLT6D1	Ursus_americanus
ENSG00000204007_GLT6D1	Potos_flavus
ENSG00000204007_GLT6D1	Canis_familiaris
ENSG00000204007_GLT6D1	Arctocephalus_gazella
ENSG00000204007_GLT6D1	Phoca_vitulina
ENSG00000204103_MAFB	Ursus_maritimus
ENSG00000204103_MAFB	Arctocephalus_gazella
ENSG00000204175_GPRIN2	Canis_familiaris
ENSG00000204256_BRD2	Panthera_leo
ENSG00000204897_KRT25	Cryptoprocta_ferox
ENSG00000204897_KRT25	Mungos_mungo
ENSG00000204897_KRT25	Ursus_thibetanus
ENSG00000205250_E2F4	Gulo_gulo
ENSG00000205669_ACOT6	Lynx_pardinus
ENSG00000205669_ACOT6	Spilogale_gracilis
ENSG00000205669_ACOT6	Bassariscus_sumichrasti
ENSG00000205669_ACOT6	Lycaon_pictus
ENSG00000205903_ZNF316	Ailurus_fulgens
ENSG00000212657_KRTAP16-1	Ursus_arctos
ENSG00000212901_KRTAP3-1	Gulo_gulo
ENSG00000213064_SFT2D2	Mungos_mungo
ENSG00000213064_SFT2D2	Mellivora_capensis
ENSG00000213064_SFT2D2	Lutra_lutra
ENSG00000214113_LYRM4	Lycaon_pictus
ENSG00000215021_PHB2	Arctocephalus_gazella
ENSG00000221963_APOL6	Gulo_gulo
ENSG00000221963_APOL6	Arctocephalus_gazella
ENSG00000231213_PLSCR5	Prionailurus_bengalensis
ENSG00000231213_PLSCR5	Arctocephalus_gazella
ENSG00000236320_SLFN14	Manis_javanica
ENSG00000237330_RNF223	Suricata_suricatta
ENSG00000237330_RNF223	Panthera_tigris
ENSG00000237330_RNF223	Acinonyx_jubatus
ENSG00000237330_RNF223	Ailurus_fulgens
ENSG00000240303_ACAD11	Bassariscus_sumichrasti
ENSG00000240694_PNMA2	Mungos_mungo
ENSG00000240694_PNMA2	Mellivora_capensis
ENSG00000240694_PNMA2	Spilogale_gracilis
ENSG00000240694_PNMA2	Otocyon_megalotis
ENSG00000240764_PCDHGC5	Arctocephalus_gazella
ENSG00000241106_HLA-DOB	Prionailurus_bengalensis
ENSG00000241106_HLA-DOB	Lynx_pardinus
ENSG00000241106_HLA-DOB	Arctocephalus_gazella
ENSG00000243566_UPK3B	Lynx_pardinus
ENSG00000250799_PRODH2	Leptonychotes_weddellii
ENSG00000253719_ATXN7L3B	Otocyon_megalotis
ENSG00000254004_ZNF260	Panthera_onca
ENSG00000254585_MAGEL2	Lutra_lutra
ENSG00000256463_SALL3	Ailurus_fulgens
ENSG00000256537_SMIM10L1	Lynx_pardinus
ENSG00000257103_LSM14A	Ailuropoda_melanoleuca
ENSG00000258429_PDF	Manis_javanica
ENSG00000259956_RBM15B	Manis_javanica
ENSG00000261603_PRSS46	Otocyon_megalotis
ENSG00000266524_GDF10	Lycaon_pictus
ENSG00000266524_GDF10	Otocyon_megalotis
ENSG00000272325_NUDT3	Suricata_suricatta
ENSG00000272325_NUDT3	Crocuta_Crocuta
ENSG00000272325_NUDT3	Gulo_gulo
ENSG00000272325_NUDT3	Neovison_vison
ENSG00000272325_NUDT3	Vulpes_vulpes
ENSG00000272325_NUDT3	Arctocephalus_gazella
ENSG00000276023_DUSP14	Manis_javanica
ENSG00000276950_GSTTP1	Manis_javanica
ENSG00000276950_GSTTP1	Lynx_pardinus
ENSG00000277258_PCGF2	Gulo_gulo
ENSG00000277258_PCGF2	Procyon_lotor
ENSG00000277258_PCGF2	Arctocephalus_gazella
ENSG00000002745_WNT16	Vulpes_vulpes
ENSG00000002919_SNX11	Canis_familiaris
ENSG00000006534_ALDH3B1	Mellivora_capensis
ENSG00000006534_ALDH3B1	Panthera_tigris
ENSG00000007866_TEAD3	Panthera_pardus
ENSG00000007933_FMO3	Manis_javanica
ENSG00000007933_FMO3	Taxidea_taxus
ENSG00000007933_FMO3	Procyon_lotor
ENSG00000015475_BID	Manis_javanica
ENSG00000034971_MYOC	Enhydra_lutris
ENSG00000047849_MAP4	Manis_javanica
ENSG00000049540_ELN	Enhydra_lutris
ENSG00000054392_HHAT	Potos_flavus
ENSG00000056558_TRAF1	Canis_familiaris
ENSG00000060491_OGFR	Panthera_pardus
ENSG00000063177_RPL18	Gulo_gulo
ENSG00000063180_CA11	Spilogale_gracilis
ENSG00000063587_ZNF275	Panthera_tigris
ENSG00000063587_ZNF275	Mustela_putorius
ENSG00000063587_ZNF275	Enhydra_lutris
ENSG00000064726_BTBD1	Manis_javanica
ENSG00000067064_IDI1	Enhydra_lutris
ENSG00000068078_FGFR3	Potos_flavus
ENSG00000070814_TCOF1	Manis_javanica
ENSG00000078018_MAP2	Canis_familiaris
ENSG00000078328_RBFOX1	Mustela_putorius
ENSG00000078328_RBFOX1	Enhydra_lutris
ENSG00000080644_CHRNA3	Manis_javanica
ENSG00000081721_DUSP12	Canis_familiaris
ENSG00000086504_MRPL28	Canis_familiaris
ENSG00000086504_MRPL28	Otocyon_megalotis
ENSG00000087460_GNAS	Lycaon_pictus
ENSG00000090339_ICAM1	Arctocephalus_gazella
ENSG00000092054_MYH7	Enhydra_lutris
ENSG00000092969_TGFB2	Vulpes_vulpes
ENSG00000092969_TGFB2	Spilogale_gracilis
ENSG00000093144_ECHDC1	Otocyon_megalotis
ENSG00000093144_ECHDC1	Lycaon_pictus
ENSG00000100228_RAB36	Manis_javanica
ENSG00000100290_BIK	Lynx_canadensis
ENSG00000100290_BIK	Enhydra_lutris
ENSG00000100290_BIK	Mirounga_angustirostris
ENSG00000100290_BIK	Acinonyx_jubatus
ENSG00000100290_BIK	Potos_flavus
ENSG00000100290_BIK	Odobenus_rosmarus
ENSG00000100290_BIK	Eumetopias_jubatus
ENSG00000100410_PHF5A	Manis_javanica
ENSG00000100604_CHGA	Lycaon_pictus
ENSG00000100604_CHGA	Otocyon_megalotis
ENSG00000101997_CCDC22	Mellivora_capensis
ENSG00000102144_PGK1	Manis_javanica
ENSG00000102144_PGK1	Mungos_mungo
ENSG00000102144_PGK1	Gulo_gulo
ENSG00000102144_PGK1	Mustela_putorius
ENSG00000102144_PGK1	Ailuropoda_melanoleuca
ENSG00000102144_PGK1	Canis_familiaris
ENSG00000102181_CD99L2	Mustela_putorius
ENSG00000102466_FGF14	Lynx_canadensis
ENSG00000102466_FGF14	Puma_concolor
ENSG00000102466_FGF14	Manis_javanica
ENSG00000102466_FGF14	Mustela_putorius
ENSG00000102466_FGF14	Enhydra_lutris
ENSG00000103489_XYLT1	Manis_javanica
ENSG00000104213_PDGFRL	Manis_javanica
ENSG00000105607_GCDH	Manis_javanica
ENSG00000105821_DNAJC2	Felis_catus
ENSG00000105968_H2AFV	Panthera_pardus
ENSG00000105968_H2AFV	Neovison_vison
ENSG00000105974_CAV1	Paradoxurus_hermaphroditus
ENSG00000106006_HOXA6	Gulo_gulo
ENSG00000106006_HOXA6	Mustela_putorius
ENSG00000107443_CCNJ	Manis_javanica
ENSG00000107611_CUBN	Lynx_canadensis
ENSG00000108511_HOXB6	Lynx_pardinus
ENSG00000108511_HOXB6	Lynx_canadensis
ENSG00000108561_C1QBP	Crocuta_Crocuta
ENSG00000108561_C1QBP	Felis_catus
ENSG00000109475_RPL34	Taxidea_taxus
ENSG00000109851_DBX1	Lycaon_pictus
ENSG00000109851_DBX1	Manis_javanica
ENSG00000110092_CCND1	Taxidea_taxus
ENSG00000110104_CCDC86	Canis_familiaris
ENSG00000110104_CCDC86	Otocyon_megalotis
ENSG00000111012_CYP27B1	Otocyon_megalotis
ENSG00000111046_MYF6	Otocyon_megalotis
ENSG00000111077_TNS2	Otocyon_megalotis
ENSG00000111254_AKAP3	Manis_javanica
ENSG00000111452_ADGRD1	Manis_javanica
ENSG00000112208_BAG2	Manis_javanica
ENSG00000112238_PRDM13	Canis_familiaris
ENSG00000112238_PRDM13	Otocyon_megalotis
ENSG00000112761_WISP3	Canis_familiaris
ENSG00000112761_WISP3	Otocyon_megalotis
ENSG00000113248_PCDHB15	Hyaena_hyaena
ENSG00000113248_PCDHB15	Neofelis_nebulosa
ENSG00000113248_PCDHB15	Lutra_lutra
ENSG00000114771_NT.fastaDAC	Manis_javanica
ENSG00000114867_EIF4G1	Lycaon_pictus
ENSG00000116005_PCYOX1	Otocyon_megalotis
ENSG00000116745_RPE65	Lycaon_pictus
ENSG00000116954_RRAGC	Manis_javanica
ENSG00000117543_DPH5	Gulo_gulo
ENSG00000118420_UBE3D	Manis_javanica
ENSG00000118971_CCND2	Manis_javanica
ENSG00000120306_CYSTM1	Manis_javanica
ENSG00000120306_CYSTM1	Felis_catus
ENSG00000120306_CYSTM1	Gulo_gulo
ENSG00000120306_CYSTM1	Lutra_lutra
ENSG00000120306_CYSTM1	Canis_familiaris
ENSG00000120451_SNX19	Lycaon_pictus
ENSG00000123612_ACVR1C	Lycaon_pictus
ENSG00000123612_ACVR1C	Otocyon_megalotis
ENSG00000124449_IRGC	Ailuropoda_melanoleuca
ENSG00000124812_CRISP1	Ailurus_fulgens
ENSG00000125505_MBOAT7	Manis_javanica
ENSG00000125534_PPDPF	Taxidea_taxus
ENSG00000125788_DEFB126	Taxidea_taxus
ENSG00000125810_CD93	Vulpes_vulpes
ENSG00000127554_GFER	Otocyon_megalotis
ENSG00000128739_SNRPN	Felis_catus
ENSG00000128739_SNRPN	Canis_familiaris
ENSG00000130066_SAT1	Manis_javanica
ENSG00000130270_ATP8B3	Mustela_putorius
ENSG00000130270_ATP8B3	Enhydra_lutris
ENSG00000130427_EPO	Manis_javanica
ENSG00000130724_CHMP2A	Lycaon_pictus
ENSG00000130724_CHMP2A	Vulpes_vulpes
ENSG00000131634_TMEM204	Manis_javanica
ENSG00000131669_NINJ1	Manis_javanica
ENSG00000132530_XAF1	Ursus_americanus
ENSG00000133020_MYH8	Mustela_putorius
ENSG00000133106_EPSTI1	Felis_catus
ENSG00000133318_RTN3	Manis_javanica
ENSG00000133561_GIMAP6	Enhydra_lutris
ENSG00000133858_ZFC3H1	Lycaon_pictus
ENSG00000134153_EMC7	Vulpes_vulpes
ENSG00000134873_CLDN10	Manis_javanica
ENSG00000134917_ADAMTS8	Lycaon_pictus
ENSG00000135439_AGAP2	Canis_familiaris
ENSG00000135547_HEY2	Canis_familiaris
ENSG00000137720_C11orf1	Manis_javanica
ENSG00000139354_GAS2L3	Canis_familiaris
ENSG00000139540_SLC39A5	Lycaon_pictus
ENSG00000140368_PSTPIP1	Canis_familiaris
ENSG00000140398_NEIL1	Canis_familiaris
ENSG00000141338_ABCA8	Leptonychotes_weddellii
ENSG00000142530_FAM71E1	Manis_javanica
ENSG00000142546_NOSIP	Lynx_pardinus
ENSG00000143603_KCNN3	Enhydra_lutris
ENSG00000144057_ST6GAL2	Otocyon_megalotis
ENSG00000144231_POLR2D	Manis_javanica
ENSG00000145996_CDKAL1	Potos_flavus
ENSG00000146054_TRIM7	Lycaon_pictus
ENSG00000146054_TRIM7	Otocyon_megalotis
ENSG00000146278_PNRC1	Acinonyx_jubatus
ENSG00000146410_MTFR2	Pteronura_brasiliensis
ENSG00000147206_NXF3	Lynx_pardinus
ENSG00000147206_NXF3	Panthera_tigris
ENSG00000148156_ACTL7B	Canis_familiaris
ENSG00000148156_ACTL7B	Otocyon_megalotis
ENSG00000148602_LRIT1	Lycaon_pictus
ENSG00000148604_RGR	Lycaon_pictus
ENSG00000148604_RGR	Otocyon_megalotis
ENSG00000149582_TMEM25	Arctocephalus_gazella
ENSG00000149609_C20orf144	Canis_familiaris
ENSG00000150275_PCDH15	Panthera_pardus
ENSG00000150275_PCDH15	Leptonychotes_weddellii
ENSG00000150275_PCDH15	Felis_catus
ENSG00000150556_LYPD6B	Canis_familiaris
ENSG00000151090_THRB	Eumetopias_jubatus
ENSG00000151090_THRB	Felis_catus
ENSG00000151090_THRB	Panthera_pardus
ENSG00000151090_THRB	Mustela_putorius
ENSG00000151090_THRB	Ailuropoda_melanoleuca
ENSG00000151687_ANKAR	Mustela_putorius
ENSG00000151687_ANKAR	Enhydra_lutris
ENSG00000152402_GUCY1A2	Mustela_putorius
ENSG00000152402_GUCY1A2	Enhydra_lutris
ENSG00000152785_BMP3	Mustela_putorius
ENSG00000153162_BMP6	Manis_javanica
ENSG00000153498_SPACA7	Odobenus_rosmarus
ENSG00000154165_GPR15	Canis_familiaris
ENSG00000154447_SH3RF1	Manis_javanica
ENSG00000155093_PTPRN2	Felis_catus
ENSG00000155093_PTPRN2	Panthera_pardus
ENSG00000155093_PTPRN2	Mustela_putorius
ENSG00000155093_PTPRN2	Enhydra_lutris
ENSG00000155729_KCTD18	Lycaon_pictus
ENSG00000155729_KCTD18	Otocyon_megalotis
ENSG00000156127_BATF	Taxidea_taxus
ENSG00000156127_BATF	Spilogale_gracilis
ENSG00000157064_NMNAT2	Manis_javanica
ENSG00000157111_TMEM171	Canis_familiaris
ENSG00000157219_HTR5A	Pteronura_brasiliensis
ENSG00000157600_TMEM164	Pteronura_brasiliensis
ENSG00000157600_TMEM164	Ursus_americanus
ENSG00000157600_TMEM164	Vulpes_vulpes
ENSG00000158163_DZIP1L	Canis_familiaris
ENSG00000158163_DZIP1L	Otocyon_megalotis
ENSG00000159231_CBR3	Neovison_vison
ENSG00000159251_ACTC1	Ursus_maritimus
ENSG00000159251_ACTC1	Mustela_putorius
ENSG00000159251_ACTC1	Canis_familiaris
ENSG00000159251_ACTC1	Leptonychotes_weddellii
ENSG00000161016_RPL8	Lynx_pardinus
ENSG00000161638_ITGA5	Lycaon_pictus
ENSG00000161849_KRT84	Spilogale_gracilis
ENSG00000162733_DDR2	Manis_javanica
ENSG00000162817_C1orf115	Ursus_maritimus
ENSG00000163082_SGPP2	Otocyon_megalotis
ENSG00000163083_INHBB	Ailurus_fulgens
ENSG00000163362_INAVA	Canis_familiaris
ENSG00000163362_INAVA	Otocyon_megalotis
ENSG00000163431_LMOD1	Vulpes_vulpes
ENSG00000163630_SYNPR	Manis_javanica
ENSG00000163874_ZC3H12A	Canis_familiaris
ENSG00000163975_MELTF	Lycaon_pictus
ENSG00000164045_CDC25A	Manis_javanica
ENSG00000164270_HTR4	Manis_javanica
ENSG00000164325_TMEM174	Canis_familiaris
ENSG00000164400_CSF2	Ursus_maritimus
ENSG00000164442_CITED2	Vulpes_vulpes
ENSG00000164484_TMEM200A	Canis_familiaris
ENSG00000164484_TMEM200A	Otocyon_megalotis
ENSG00000164746_C7orf57	Manis_javanica
ENSG00000165125_TRPV6	Mirounga_angustirostris
ENSG00000165572_KBTBD6	Felis_catus
ENSG00000165572_KBTBD6	Neofelis_nebulosa
ENSG00000165572_KBTBD6	Enhydra_lutris
ENSG00000165792_METTL17	Canis_familiaris
ENSG00000165821_SALL2	Otocyon_megalotis
ENSG00000165970_SLC6A5	Otocyon_megalotis
ENSG00000166106_ADAMTS15	Canis_familiaris
ENSG00000166326_TRIM44	Vulpes_vulpes
ENSG00000166326_TRIM44	Lycaon_pictus
ENSG00000166349_RAG1	Vulpes_vulpes
ENSG00000166856_GPR182	Lycaon_pictus
ENSG00000166856_GPR182	Otocyon_megalotis
ENSG00000166927_MS4A7	Panthera_pardus
ENSG00000166927_MS4A7	Acinonyx_jubatus
ENSG00000166927_MS4A7	Ailuropoda_melanoleuca
ENSG00000166927_MS4A7	Felis_catus
ENSG00000166927_MS4A7	Mustela_putorius
ENSG00000166927_MS4A7	Enhydra_lutris
ENSG00000167173_C15orf39	Vulpes_vulpes
ENSG00000167178_ISLR2	Lycaon_pictus
ENSG00000167768_KRT1	Puma_concolor
ENSG00000167972_ABCA3	Procyon_lotor
ENSG00000168454_TXNDC2	Spilogale_gracilis
ENSG00000168497_CAVIN2	Mustela_putorius
ENSG00000168497_CAVIN2	Enhydra_lutris
ENSG00000168497_CAVIN2	Lycaon_pictus
ENSG00000168505_GBX2	Ailurus_fulgens
ENSG00000168874_ATOH8	Otocyon_megalotis
ENSG00000169139_UBE2V2	Mustela_putorius
ENSG00000169564_PCBP1	Lynx_canadensis
ENSG00000169564_PCBP1	Acinonyx_jubatus
ENSG00000169564_PCBP1	Neovison_vison
ENSG00000169564_PCBP1	Zalophus_californianus
ENSG00000169689_CENPX	Manis_javanica
ENSG00000170099_SERPINA6	Spilogale_gracilis
ENSG00000170374_SP7	Vulpes_vulpes
ENSG00000170807_LMOD2	Lycaon_pictus
ENSG00000171617_ENC1	Canis_familiaris
ENSG00000172403_SYNPO2	Otocyon_megalotis
ENSG00000172795_DCP2	Manis_javanica
ENSG00000172809_RPL38	Spilogale_gracilis
ENSG00000173011_TADA2B	Manis_javanica
ENSG00000173221_GLRX	Vulpes_vulpes
ENSG00000174004_NRROS	Canis_familiaris
ENSG00000174628_IQCK	Gulo_gulo
ENSG00000174684_B4GAT1	Manis_javanica
ENSG00000175040_CHST2	Vulpes_vulpes
ENSG00000175040_CHST2	Lycaon_pictus
ENSG00000175155_YPEL2	Lynx_pardinus
ENSG00000175155_YPEL2	Acinonyx_jubatus
ENSG00000175262_C1orf127	Canis_familiaris
ENSG00000175485_OR52W1	Mirounga_angustirostris
ENSG00000175518_UBQLNL	Ursus_americanus
ENSG00000175567_UCP2	Hyaena_hyaena
ENSG00000176046_NUPR1	Enhydra_lutris
ENSG00000176055_MBLAC2	Spilogale_gracilis
ENSG00000176399_DMRTA1	Lycaon_pictus
ENSG00000176399_DMRTA1	Otocyon_megalotis
ENSG00000176946_THAP4	Ailurus_fulgens
ENSG00000177479_ARIH2	Manis_javanica
ENSG00000177954_RPS27	Ursus_maritimus
ENSG00000178363_CALML3	Manis_javanica
ENSG00000178363_CALML3	Taxidea_taxus
ENSG00000178363_CALML3	Mustela_putorius
ENSG00000178363_CALML3	Ailuropoda_melanoleuca
ENSG00000178363_CALML3	Canis_familiaris
ENSG00000178776_C5orf46	Manis_javanica
ENSG00000178796_RIIAD1	Paradoxurus_hermaphroditus
ENSG00000179168_GGN	Manis_javanica
ENSG00000179941_BBS10	Canis_familiaris
ENSG00000179941_BBS10	Otocyon_megalotis
ENSG00000180116_C12orf40	Gulo_gulo
ENSG00000180530_NRIP1	Canis_familiaris
ENSG00000181785_OR5AS1	Pteronura_brasiliensis
ENSG00000182263_FIGN	Lycaon_pictus
ENSG00000182307_C8orf33	Canis_familiaris
ENSG00000182578_CSF1R	Lynx_canadensis
ENSG00000182871_COL18A1	Lutra_lutra
ENSG00000182871_COL18A1	Gulo_gulo
ENSG00000182871_COL18A1	Mustela_putorius
ENSG00000182871_COL18A1	Canis_familiaris
ENSG00000183117_CSMD1	Manis_javanica
ENSG00000183117_CSMD1	Enhydra_lutris
ENSG00000183733_FIGLA	Canis_familiaris
ENSG00000184507_NUTM1	Vulpes_vulpes
ENSG00000184719_RNLS	Canis_familiaris
ENSG00000184719_RNLS	Otocyon_megalotis
ENSG00000184983_NDUFA6	Taxidea_taxus
ENSG00000185056_C5orf47	Mustela_putorius
ENSG00000185291_IL3RA	Lynx_canadensis
ENSG00000185291_IL3RA	Panthera_pardus
ENSG00000185359_HGS	Potos_flavus
ENSG00000185420_SMYD3	Gulo_gulo
ENSG00000185668_POU3F1	Felis_catus
ENSG00000185668_POU3F1	Panthera_pardus
ENSG00000185669_SNAI3	Felis_catus
ENSG00000185669_SNAI3	Panthera_pardus
ENSG00000185669_SNAI3	Taxidea_taxus
ENSG00000185669_SNAI3	Mustela_putorius
ENSG00000185669_SNAI3	Enhydra_lutris
ENSG00000187398_LUZP2	Gulo_gulo
ENSG00000188352_FOCAD	Felis_catus
ENSG00000188771_PLET1	Mustela_putorius
ENSG00000188771_PLET1	Enhydra_lutris
ENSG00000188984_NT.fastaDACL3	Gulo_gulo
ENSG00000189182_KRT77	Mustela_putorius
ENSG00000189241_TSPYL1	Canis_familiaris
ENSG00000189283_FHIT	Manis_javanica
ENSG00000189362_NEMP2	Canis_familiaris
ENSG00000189367_KIAA0408	Otocyon_megalotis
ENSG00000189430_NCR1	Panthera_pardus
ENSG00000189430_NCR1	Manis_javanica
ENSG00000189430_NCR1	Panthera_onca
ENSG00000189430_NCR1	Acinonyx_jubatus
ENSG00000189430_NCR1	Enhydra_lutris
ENSG00000196371_FUT4	Otocyon_megalotis
ENSG00000197329_PELI1	Manis_javanica
ENSG00000197487_GALP	Lynx_pardinus
ENSG00000197487_GALP	Lynx_canadensis
ENSG00000197487_GALP	Acinonyx_jubatus
ENSG00000197487_GALP	Enhydra_lutris
ENSG00000197487_GALP	Potos_flavus
ENSG00000197728_RPS26	Prionailurus_bengalensis
ENSG00000198478_SH3BGRL2	Felis_catus
ENSG00000198812_LRRC10	Vulpes_vulpes
ENSG00000198843_SELENOT	Gulo_gulo
ENSG00000198843_SELENOT	Lutra_lutra
ENSG00000198843_SELENOT	Zalophus_californianus
ENSG00000198843_SELENOT	Prionailurus_bengalensis
ENSG00000198843_SELENOT	Neovison_vison
ENSG00000198890_PRMT6	Otocyon_megalotis
ENSG00000198964_SGMS1	Manis_javanica
ENSG00000204007_GLT6D1	Mellivora_capensis
ENSG00000204007_GLT6D1	Lutra_lutra
ENSG00000204033_LRIT2	Lycaon_pictus
ENSG00000204640_NMS	Manis_javanica
ENSG00000204640_NMS	Acinonyx_jubatus
ENSG00000204669_C9orf57	Neovison_vison
ENSG00000204669_C9orf57	Ursus_maritimus
ENSG00000204669_C9orf57	Ailurus_fulgens
ENSG00000204669_C9orf57	Leptonychotes_weddellii
ENSG00000204897_KRT25	Taxidea_taxus
ENSG00000205002_NT.fastaRD	Ursus_arctos
ENSG00000205078_SYCE1L	Felis_catus
ENSG00000205669_ACOT6	Prionailurus_bengalensis
ENSG00000205669_ACOT6	Neovison_vison
ENSG00000206474_OR10C1	Cryptoprocta_ferox
ENSG00000206474_OR10C1	Paradoxurus_hermaphroditus
ENSG00000213928_IRF9	Canis_familiaris
ENSG00000214253_FIS1	Arctocephalus_gazella
ENSG00000219607_PPP1R3G	Canis_familiaris
ENSG00000221858_OR2A12	Neovison_vison
ENSG00000221937_TAS2R40	Mustela_putorius
ENSG00000221937_TAS2R40	Manis_javanica
ENSG00000229453_SPINK8	Arctocephalus_gazella
ENSG00000231824_AKAIN1	Paradoxurus_hermaphroditus
ENSG00000231824_AKAIN1	Enhydra_lutris
ENSG00000234965_SHISA8	Puma_concolor
ENSG00000236609_ZNF853	Manis_javanica
ENSG00000236609_ZNF853	Enhydra_lutris
ENSG00000247626_MARS2	Canis_familiaris
ENSG00000247626_MARS2	Mustela_putorius
ENSG00000247626_MARS2	Enhydra_lutris
ENSG00000248487_ABHD14A	Neofelis_nebulosa
ENSG00000248487_ABHD14A	Panthera_pardus
ENSG00000254656_RTL1	Enhydra_lutris
ENSG00000255359_CCDC179	Lutra_lutra
ENSG00000255359_CCDC179	Helogale_parvula
ENSG00000255359_CCDC179	Potos_flavus
ENSG00000255359_CCDC179	Canis_familiaris
ENSG00000260456_C16orf95	Potos_flavus
ENSG00000266524_GDF10	Canis_familiaris
ENSG00000272325_NUDT3	Helogale_parvula
ENSG00000278637_HIST1H4A	Gulo_gulo
ENSG00000278637_HIST1H4A	Potos_flavus
ENSG00000278637_HIST1H4A	Mirounga_angustirostris
ENSG00000002745_WNT16	Canis_familiaris
ENSG00000002919_SNX11	Lycaon_pictus
ENSG00000003756_RBM5	Manis_javanica
ENSG00000006534_ALDH3B1	Neovison_vison
ENSG00000011523_CEP68	Lycaon_pictus
ENSG00000011523_CEP68	Otocyon_megalotis
ENSG00000034971_MYOC	Pteronura_brasiliensis
ENSG00000056558_TRAF1	Otocyon_megalotis
ENSG00000067064_IDI1	Neovison_vison
ENSG00000067064_IDI1	Pteronura_brasiliensis
ENSG00000067064_IDI1	Lutra_lutra
ENSG00000068078_FGFR3	Manis_javanica
ENSG00000068078_FGFR3	Lutra_lutra
ENSG00000068745_IP6K2	Manis_javanica
ENSG00000076604_TRAF4	Manis_javanica
ENSG00000078018_MAP2	Lycaon_pictus
ENSG00000078018_MAP2	Vulpes_vulpes
ENSG00000079459_FDFT1	Manis_javanica
ENSG00000092054_MYH7	Ailuropoda_melanoleuca
ENSG00000092054_MYH7	Potos_flavus
ENSG00000092054_MYH7	Canis_familiaris
ENSG00000092054_MYH7	Mirounga_angustirostris
ENSG00000092969_TGFB2	Lycaon_pictus
ENSG00000093144_ECHDC1	Vulpes_vulpes
ENSG00000100314_CABP7	Manis_javanica
ENSG00000102181_CD99L2	Potos_flavus
ENSG00000102466_FGF14	Felis_catus
ENSG00000102466_FGF14	Panthera_pardus
ENSG00000102466_FGF14	Ursus_maritimus
ENSG00000102466_FGF14	Potos_flavus
ENSG00000102466_FGF14	Canis_familiaris
ENSG00000105851_PIK3CG	Otocyon_megalotis
ENSG00000107611_CUBN	Felis_catus
ENSG00000108344_PSMD3	Ursus_maritimus
ENSG00000108344_PSMD3	Ursus_arctos
ENSG00000109851_DBX1	Canis_familiaris
ENSG00000110104_CCDC86	Lycaon_pictus
ENSG00000111046_MYF6	Lycaon_pictus
ENSG00000111077_TNS2	Lycaon_pictus
ENSG00000111196_MAGOHB	Enhydra_lutris
ENSG00000112511_PHF1	Manis_javanica
ENSG00000112761_WISP3	Lycaon_pictus
ENSG00000113248_PCDHB15	Crocuta_Crocuta
ENSG00000113248_PCDHB15	Taxidea_taxus
ENSG00000113248_PCDHB15	Ursus_thibetanus
ENSG00000113248_PCDHB15	Vulpes_vulpes
ENSG00000114279_FGF12	Gulo_gulo
ENSG00000116005_PCYOX1	Lycaon_pictus
ENSG00000116745_RPE65	Vulpes_vulpes
ENSG00000118680_MYL12B	Lutra_lutra
ENSG00000120306_CYSTM1	Panthera_pardus
ENSG00000120306_CYSTM1	Ailuropoda_melanoleuca
ENSG00000120306_CYSTM1	Lynx_canadensis
ENSG00000120306_CYSTM1	Acinonyx_jubatus
ENSG00000120306_CYSTM1	Potos_flavus
ENSG00000120306_CYSTM1	Odobenus_rosmarus
ENSG00000120306_CYSTM1	Leptonychotes_weddellii
ENSG00000120451_SNX19	Vulpes_vulpes
ENSG00000121853_GHSR	Vulpes_vulpes
ENSG00000123342_MMP19	Manis_javanica
ENSG00000123612_ACVR1C	Vulpes_vulpes
ENSG00000125741_OPA3	Canis_familiaris
ENSG00000125810_CD93	Canis_familiaris
ENSG00000127554_GFER	Vulpes_vulpes
ENSG00000127995_CASD1	Manis_javanica
ENSG00000130270_ATP8B3	Felis_catus
ENSG00000133488_SEC14L4	Proteles_cristatus
ENSG00000133561_GIMAP6	Manis_javanica
ENSG00000133858_ZFC3H1	Vulpes_vulpes
ENSG00000134917_ADAMTS8	Vulpes_vulpes
ENSG00000135297_MTO1	Manis_javanica
ENSG00000135439_AGAP2	Otocyon_megalotis
ENSG00000135547_HEY2	Otocyon_megalotis
ENSG00000139266_MARCH9	Manis_javanica
ENSG00000139354_GAS2L3	Lycaon_pictus
ENSG00000139354_GAS2L3	Vulpes_vulpes
ENSG00000139540_SLC39A5	Canis_familiaris
ENSG00000140368_PSTPIP1	Lycaon_pictus
ENSG00000140398_NEIL1	Lycaon_pictus
ENSG00000140398_NEIL1	Vulpes_vulpes
ENSG00000144597_EAF1	Manis_javanica
ENSG00000144815_NXPE3	Manis_javanica
ENSG00000145936_KCNMB1	Manis_javanica
ENSG00000148110_MFSD14B	Enhydra_lutris
ENSG00000148110_MFSD14B	Ursus_arctos
ENSG00000148737_TCF7L2	Ailurus_fulgens
ENSG00000150556_LYPD6B	Otocyon_megalotis
ENSG00000150556_LYPD6B	Lycaon_pictus
ENSG00000151090_THRB	Acinonyx_jubatus
ENSG00000151090_THRB	Manis_javanica
ENSG00000151090_THRB	Panthera_tigris
ENSG00000151090_THRB	Enhydra_lutris
ENSG00000151090_THRB	Ursus_maritimus
ENSG00000151090_THRB	Odobenus_rosmarus
ENSG00000152402_GUCY1A2	Lynx_canadensis
ENSG00000152402_GUCY1A2	Panthera_pardus
ENSG00000152402_GUCY1A2	Acinonyx_jubatus
ENSG00000152402_GUCY1A2	Gulo_gulo
ENSG00000152402_GUCY1A2	Ursus_maritimus
ENSG00000152402_GUCY1A2	Odobenus_rosmarus
ENSG00000152402_GUCY1A2	Leptonychotes_weddellii
ENSG00000152785_BMP3	Neovison_vison
ENSG00000152785_BMP3	Enhydra_lutris
ENSG00000153485_TMEM251	Manis_javanica
ENSG00000154165_GPR15	Lycaon_pictus
ENSG00000154165_GPR15	Vulpes_vulpes
ENSG00000155093_PTPRN2	Manis_javanica
ENSG00000155093_PTPRN2	Lynx_canadensis
ENSG00000155093_PTPRN2	Puma_concolor
ENSG00000155729_KCTD18	Vulpes_vulpes
ENSG00000158169_FANCC	Manis_javanica
ENSG00000159251_ACTC1	Paradoxurus_hermaphroditus
ENSG00000159251_ACTC1	Felis_catus
ENSG00000159251_ACTC1	Puma_concolor
ENSG00000159251_ACTC1	Gulo_gulo
ENSG00000159251_ACTC1	Ailuropoda_melanoleuca
ENSG00000161638_ITGA5	Canis_familiaris
ENSG00000161849_KRT84	Mellivora_capensis
ENSG00000163082_SGPP2	Vulpes_vulpes
ENSG00000163191_S100A11	Felis_catus
ENSG00000163431_LMOD1	Canis_familiaris
ENSG00000163431_LMOD1	Otocyon_megalotis
ENSG00000163806_SPDYA	Paradoxurus_hermaphroditus
ENSG00000163874_ZC3H12A	Otocyon_megalotis
ENSG00000163975_MELTF	Vulpes_vulpes
ENSG00000164125_FAM198B	Vulpes_vulpes
ENSG00000164325_TMEM174	Vulpes_vulpes
ENSG00000164442_CITED2	Manis_javanica
ENSG00000164442_CITED2	Acinonyx_jubatus
ENSG00000165792_METTL17	Otocyon_megalotis
ENSG00000165805_C12orf50	Manis_javanica
ENSG00000165821_SALL2	Vulpes_vulpes
ENSG00000165970_SLC6A5	Vulpes_vulpes
ENSG00000166106_ADAMTS15	Vulpes_vulpes
ENSG00000166106_ADAMTS15	Lycaon_pictus
ENSG00000166326_TRIM44	Manis_javanica
ENSG00000166326_TRIM44	Otocyon_megalotis
ENSG00000166349_RAG1	Canis_familiaris
ENSG00000166349_RAG1	Otocyon_megalotis
ENSG00000166856_GPR182	Canis_familiaris
ENSG00000167685_ZNF444	Mungos_mungo
ENSG00000168497_CAVIN2	Lutra_lutra
ENSG00000168542_COL3A1	Lycaon_pictus
ENSG00000169139_UBE2V2	Proteles_cristatus
ENSG00000169139_UBE2V2	Paradoxurus_hermaphroditus
ENSG00000169139_UBE2V2	Panthera_pardus
ENSG00000169139_UBE2V2	Acinonyx_jubatus
ENSG00000169139_UBE2V2	Pteronura_brasiliensis
ENSG00000169410_PTPN9	Spilogale_gracilis
ENSG00000169564_PCBP1	Panthera_tigris
ENSG00000169564_PCBP1	Gulo_gulo
ENSG00000169564_PCBP1	Felis_catus
ENSG00000170374_SP7	Lycaon_pictus
ENSG00000170374_SP7	Otocyon_megalotis
ENSG00000170619_COMMD5	Lycaon_pictus
ENSG00000170807_LMOD2	Manis_javanica
ENSG00000171311_EXOSC1	Neovison_vison
ENSG00000171617_ENC1	Vulpes_vulpes
ENSG00000172403_SYNPO2	Canis_familiaris
ENSG00000175040_CHST2	Otocyon_megalotis
ENSG00000176200_OR4D11	Procyon_lotor
ENSG00000177954_RPS27	Paradoxurus_hermaphroditus
ENSG00000179941_BBS10	Lycaon_pictus
ENSG00000179941_BBS10	Vulpes_vulpes
ENSG00000180530_NRIP1	Lycaon_pictus
ENSG00000180530_NRIP1	Vulpes_vulpes
ENSG00000181785_OR5AS1	Suricata_suricatta
ENSG00000181785_OR5AS1	Gulo_gulo
ENSG00000182307_C8orf33	Vulpes_vulpes
ENSG00000182307_C8orf33	Lycaon_pictus
ENSG00000183117_CSMD1	Felis_catus
ENSG00000183117_CSMD1	Panthera_pardus
ENSG00000183733_FIGLA	Vulpes_vulpes
ENSG00000185129_PURA	Neovison_vison
ENSG00000185231_MC2R	Lycaon_pictus
ENSG00000185610_DBX2	Manis_javanica
ENSG00000185668_POU3F1	Manis_javanica
ENSG00000185668_POU3F1	Bassariscus_sumichrasti
ENSG00000188191_PRKAR1B	Manis_javanica
ENSG00000188771_PLET1	Lynx_pardinus
ENSG00000189127_ANKRD34B	Canis_familiaris
ENSG00000189182_KRT77	Felis_catus
ENSG00000189182_KRT77	Panthera_pardus
ENSG00000189182_KRT77	Acinonyx_jubatus
ENSG00000189362_NEMP2	Lycaon_pictus
ENSG00000189367_KIAA0408	Vulpes_vulpes
ENSG00000196371_FUT4	Vulpes_vulpes
ENSG00000197728_RPS26	Felis_catus
ENSG00000197728_RPS26	Lycaon_pictus
ENSG00000197728_RPS26	Phoca_vitulina
ENSG00000198812_LRRC10	Canis_familiaris
ENSG00000198812_LRRC10	Otocyon_megalotis
ENSG00000198890_PRMT6	Canis_familiaris
ENSG00000203705_TATDN3	Lycaon_pictus
ENSG00000203705_TATDN3	Otocyon_megalotis
ENSG00000204640_NMS	Panthera_pardus
ENSG00000204897_KRT25	Proteles_septentrionalis
ENSG00000205002_NT.fastaRD	Ursus_americanus
ENSG00000205002_NT.fastaRD	Ursus_thibetanus
ENSG00000213928_IRF9	Lycaon_pictus
ENSG00000213928_IRF9	Otocyon_megalotis
ENSG00000214253_FIS1	Odobenus_rosmarus
ENSG00000221858_OR2A12	Ursus_arctos
ENSG00000221937_TAS2R40	Enhydra_lutris
ENSG00000247626_MARS2	Otocyon_megalotis
ENSG00000247626_MARS2	Lycaon_pictus
ENSG00000254656_RTL1	Lynx_canadensis
ENSG00000254656_RTL1	Mustela_putorius
ENSG00000260456_C16orf95	Ursus_maritimus
ENSG00000002919_SNX11	Vulpes_vulpes
ENSG00000011243_AKAP8L	Manis_javanica
ENSG00000011523_CEP68	Vulpes_vulpes
ENSG00000038382_TRIO	Lycaon_pictus
ENSG00000038382_TRIO	Vulpes_vulpes
ENSG00000056558_TRAF1	Vulpes_vulpes
ENSG00000066557_LRRC40	Otocyon_megalotis
ENSG00000067064_IDI1	Taxidea_taxus
ENSG00000067064_IDI1	Mellivora_capensis
ENSG00000068078_FGFR3	Mustela_putorius
ENSG00000068078_FGFR3	Enhydra_lutris
ENSG00000079387_SENP1	Manis_javanica
ENSG00000082074_FYB1	Suricata_suricatta
ENSG00000102466_FGF14	Leptonychotes_weddellii
ENSG00000102466_FGF14	Lynx_pardinus
ENSG00000102466_FGF14	Panthera_tigris
ENSG00000102466_FGF14	Ailuropoda_melanoleuca
ENSG00000102466_FGF14	Odobenus_rosmarus
ENSG00000105851_PIK3CG	Vulpes_vulpes
ENSG00000109851_DBX1	Otocyon_megalotis
ENSG00000111046_MYF6	Canis_familiaris
ENSG00000111196_MAGOHB	Canis_familiaris
ENSG00000114982_KANSL3	Manis_javanica
ENSG00000115266_APC2	Leptonychotes_weddellii
ENSG00000116005_PCYOX1	Canis_familiaris
ENSG00000116745_RPE65	Canis_familiaris
ENSG00000116745_RPE65	Otocyon_megalotis
ENSG00000119547_ONECUT2	Vulpes_vulpes
ENSG00000120451_SNX19	Canis_familiaris
ENSG00000120451_SNX19	Otocyon_megalotis
ENSG00000121853_GHSR	Lycaon_pictus
ENSG00000123612_ACVR1C	Arctocephalus_gazella
ENSG00000127554_GFER	Canis_familiaris
ENSG00000128739_SNRPN	Taxidea_taxus
ENSG00000129991_TNNI3	Manis_javanica
ENSG00000133488_SEC14L4	Proteles_septentrionalis
ENSG00000133561_GIMAP6	Puma_concolor
ENSG00000133561_GIMAP6	Paradoxurus_hermaphroditus
ENSG00000133561_GIMAP6	Felis_catus
ENSG00000133858_ZFC3H1	Canis_familiaris
ENSG00000133858_ZFC3H1	Otocyon_megalotis
ENSG00000135387_CAPRIN1	Otocyon_megalotis
ENSG00000135439_AGAP2	Vulpes_vulpes
ENSG00000136114_THSD1	Manis_javanica
ENSG00000139291_TMEM19	Canis_familiaris
ENSG00000139540_SLC39A5	Vulpes_vulpes
ENSG00000140368_PSTPIP1	Otocyon_megalotis
ENSG00000143158_MPC2	Ursus_thibetanus
ENSG00000147166_ITGB1BP2	Manis_javanica
ENSG00000152785_BMP3	Mellivora_capensis
ENSG00000152785_BMP3	Pteronura_brasiliensis
ENSG00000156966_B3GNT7	Ursus_arctos
ENSG00000163431_LMOD1	Manis_javanica
ENSG00000163874_ZC3H12A	Vulpes_vulpes
ENSG00000163946_FAM208A	Manis_javanica
ENSG00000164125_FAM198B	Canis_familiaris
ENSG00000164251_F2RL1	Otocyon_megalotis
ENSG00000164325_TMEM174	Otocyon_megalotis
ENSG00000164334_FAM170A	Lycaon_pictus
ENSG00000165792_METTL17	Vulpes_vulpes
ENSG00000166106_ADAMTS15	Otocyon_megalotis
ENSG00000167685_ZNF444	Helogale_parvula
ENSG00000167972_ABCA3	Taxidea_taxus
ENSG00000169139_UBE2V2	Proteles_septentrionalis
ENSG00000169564_PCBP1	Manis_javanica
ENSG00000169564_PCBP1	Taxidea_taxus
ENSG00000170619_COMMD5	Canis_familiaris
ENSG00000172403_SYNPO2	Lycaon_pictus
ENSG00000172403_SYNPO2	Vulpes_vulpes
ENSG00000174740_PABPC5	Manis_javanica
ENSG00000176200_OR4D11	Gulo_gulo
ENSG00000176200_OR4D11	Vulpes_vulpes
ENSG00000177932_ZNF354C	Paradoxurus_hermaphroditus
ENSG00000177932_ZNF354C	Mustela_putorius
ENSG00000183733_FIGLA	Otocyon_megalotis
ENSG00000185231_MC2R	Canis_familiaris
ENSG00000185291_IL3RA	Mustela_putorius
ENSG00000185909_KLHDC8B	Manis_javanica
ENSG00000187123_LYPD6	Manis_javanica
ENSG00000188771_PLET1	Panthera_pardus
ENSG00000188771_PLET1	Acinonyx_jubatus
ENSG00000188771_PLET1	Lutra_lutra
ENSG00000189127_ANKRD34B	Vulpes_vulpes
ENSG00000189127_ANKRD34B	Lycaon_pictus
ENSG00000189182_KRT77	Panthera_tigris
ENSG00000189182_KRT77	Lynx_pardinus
ENSG00000189367_KIAA0408	Lycaon_pictus
ENSG00000198816_ZNF358	Gulo_gulo
ENSG00000198890_PRMT6	Manis_javanica
ENSG00000198890_PRMT6	Vulpes_vulpes
ENSG00000204033_LRIT2	Vulpes_vulpes
ENSG00000204897_KRT25	Proteles_cristatus
ENSG00000205002_NT.fastaRD	Phoca_vitulina
ENSG00000205002_NT.fastaRD	Leptonychotes_weddellii
ENSG00000214253_FIS1	Otocyon_megalotis
ENSG00000214253_FIS1	Phoca_vitulina
ENSG00000221937_TAS2R40	Pteronura_brasiliensis
ENSG00000254656_RTL1	Felis_catus
ENSG00000254656_RTL1	Panthera_pardus
ENSG00000254656_RTL1	Acinonyx_jubatus
ENSG00000260456_C16orf95	Ailuropoda_melanoleuca
ENSG00000049540_ELN	Panthera_tigris
ENSG00000066557_LRRC40	Vulpes_vulpes
ENSG00000068078_FGFR3	Neovison_vison
ENSG00000068078_FGFR3	Pteronura_brasiliensis
ENSG00000099917_MED15	Manis_javanica
ENSG00000106852_LHX6	Canis_familiaris
ENSG00000107185_RGP1	Otocyon_megalotis
ENSG00000109851_DBX1	Vulpes_vulpes
ENSG00000111196_MAGOHB	Ailuropoda_melanoleuca
ENSG00000112787_FBRSL1	Manis_javanica
ENSG00000115266_APC2	Manis_javanica
ENSG00000127191_TRAF2	Spilogale_gracilis
ENSG00000132530_XAF1	Ursus_thibetanus
ENSG00000133107_TRPC4	Manis_javanica
ENSG00000133561_GIMAP6	Hyaena_hyaena
ENSG00000133561_GIMAP6	Suricata_suricatta
ENSG00000133561_GIMAP6	Panthera_pardus
ENSG00000135439_AGAP2	Manis_javanica
ENSG00000137825_ITPKA	Otocyon_megalotis
ENSG00000139291_TMEM19	Vulpes_vulpes
ENSG00000139540_SLC39A5	Otocyon_megalotis
ENSG00000151917_BEND6	Manis_javanica
ENSG00000156966_B3GNT7	Ursus_americanus
ENSG00000156966_B3GNT7	Ursus_thibetanus
ENSG00000165704_HPRT1	Panthera_pardus
ENSG00000166086_JAM3	Spilogale_gracilis
ENSG00000167173_C15orf39	Otocyon_megalotis
ENSG00000169139_UBE2V2	Canis_familiaris
ENSG00000169554_ZEB2	Canis_familiaris
ENSG00000169564_PCBP1	Panthera_pardus
ENSG00000169564_PCBP1	Mustela_putorius
ENSG00000176200_OR4D11	Neofelis_nebulosa
ENSG00000176200_OR4D11	Otocyon_megalotis
ENSG00000176200_OR4D11	Mirounga_angustirostris
ENSG00000181785_OR5AS1	Lynx_canadensis
ENSG00000181785_OR5AS1	Ursus_arctos
ENSG00000185291_IL3RA	Enhydra_lutris
ENSG00000188771_PLET1	Panthera_tigris
ENSG00000188771_PLET1	Arctocephalus_gazella
ENSG00000189367_KIAA0408	Canis_familiaris
ENSG00000196872_KIAA1211L	Canis_familiaris
ENSG00000205002_NT.fastaRD	Ailurus_fulgens
ENSG00000205002_NT.fastaRD	Nasua_narica
ENSG00000205002_NT.fastaRD	Procyon_lotor
ENSG00000205002_NT.fastaRD	Canis_familiaris
ENSG00000254656_RTL1	Manis_javanica
ENSG00000254656_RTL1	Lynx_pardinus
ENSG00000254656_RTL1	Panthera_tigris
ENSG00000066557_LRRC40	Lycaon_pictus
ENSG00000069482_GAL	Manis_javanica
ENSG00000095932_SMIM24	Odobenus_rosmarus
ENSG00000107185_RGP1	Lycaon_pictus
ENSG00000108344_PSMD3	Ursus_americanus
ENSG00000115266_APC2	Neofelis_nebulosa
ENSG00000115266_APC2	Panthera_pardus
ENSG00000132530_XAF1	Ursus_maritimus
ENSG00000132530_XAF1	Ursus_arctos
ENSG00000139291_TMEM19	Otocyon_megalotis
ENSG00000156925_ZIC3	Manis_javanica
ENSG00000169554_ZEB2	Otocyon_megalotis
ENSG00000169554_ZEB2	Lycaon_pictus
ENSG00000169564_PCBP1	Puma_concolor
ENSG00000169564_PCBP1	Enhydra_lutris
ENSG00000176200_OR4D11	Crocuta_Crocuta
ENSG00000176200_OR4D11	Paradoxurus_hermaphroditus
ENSG00000176200_OR4D11	Mustela_putorius
ENSG00000176200_OR4D11	Lycaon_pictus
ENSG00000185291_IL3RA	Canis_familiaris
ENSG00000066557_LRRC40	Canis_familiaris
ENSG00000132530_XAF1	Ailuropoda_melanoleuca
ENSG00000169554_ZEB2	Manis_javanica
ENSG00000169554_ZEB2	Vulpes_vulpes
ENSG00000169564_PCBP1	Ursus_maritimus
ENSG00000176200_OR4D11	Ailuropoda_melanoleuca
ENSG00000176200_OR4D11	Ursus_arctos
ENSG00000176200_OR4D11	Canis_familiaris
