Loading required package: usethis
14463 phylogenetic trees
[1] "phylter(trees, bvalue=0, distance=patristic, k=3, k2=3, Norm=TRUE, gene.names=names, test.island=TRUE, verbose=TRUE, stop.criteria=1e-05, old=TRUE)"

Number of Genes:    14463
Number of Species:  53
--------
Initial score: 0.78413[1] "i"

    2536  new cells to remove -> New score: 0.80315 -> OK[1] "i"

    173  new cells to remove -> New score: 0.80522 -> OK[1] "i"

    41  new cells to remove -> New score: 0.80581 -> OK[1] "i"

    21  new cells to remove -> New score: 0.80604 -> OK[1] "i"

    5  new cells to remove -> New score: 0.80618 -> OK[1] "i"

 => No more outliers detected  ->  Checking for complete gene outliers
 => No more outliers detected  ->  STOPPING OPTIMIZATION
--------

Total number of outliers detected: 1162
  Number of complete gene outliers : 0
  Number of complete species outliers : 

Gain (concordance between matrices): 2.2% 
Loss (data filtering): 0.18% 
Starting PhylteR 

Result files will be saved here: 
/home/allio/Documents/PhylteR/Carnivora/Carnivora_unPhylteRed/Phylter.0.0.3/Phylter_old_true/

The following was provided to collect the trees: /home/allio/Documents/PhylteR/Carnivora/Carnivora_unPhylteRed/Phylter.0.0.3/../trees/
A directory was provided to collect the sequences: /home/allio/Documents/PhylteR/Carnivora/Carnivora_unPhylteRed/Phylter.0.0.3/../alignments/
PhylteR command used = Rscript /opt/PhylteR.0.0.3.R /home/allio/Documents/PhylteR/Carnivora/Carnivora_unPhylteRed/Phylter.0.0.3/Phylter_old_true/treefile.tre 0 patristic 3 3 TRUE /home/allio/Documents/PhylteR/Carnivora/Carnivora_unPhylteRed/Phylter.0.0.3/Phylter_old_true/list_tre.csv TRUE TRUE 1e-05 TRUE
PhylteR is done - 2022-02-10 15:03:10

Starting cleaning step - 2022-02-10 15:03:10
Callorhinus_ursinus removed from ENSG00000000003_TSPAN6.fasta
Procyon_lotor removed from ENSG00000005243_COPZ2.fasta
Ursus_maritimus removed from ENSG00000005381_MPO.fasta
Ailurus_fulgens removed from ENSG00000005381_MPO.fasta
Nasua_narica removed from ENSG00000005882_PDK2.fasta
Paradoxurus_hermaphroditus removed from ENSG00000005882_PDK2.fasta
Bassariscus_sumichrasti removed from ENSG00000007933_FMO3.fasta
Potos_flavus removed from ENSG00000007933_FMO3.fasta
Cryptoprocta_ferox removed from ENSG00000007933_FMO3.fasta
Paradoxurus_hermaphroditus removed from ENSG00000007933_FMO3.fasta
Crocuta_Crocuta removed from ENSG00000010295_IFFO1.fasta
Panthera_tigris removed from ENSG00000010295_IFFO1.fasta
Puma_concolor removed from ENSG00000010295_IFFO1.fasta
Ursus_arctos removed from ENSG00000011454_RABGAP1.fasta
Taxidea_taxus removed from ENSG00000011454_RABGAP1.fasta
Leptonychotes_weddellii removed from ENSG00000011454_RABGAP1.fasta
Manis_javanica removed from ENSG00000011454_RABGAP1.fasta
Prionailurus_bengalensis removed from ENSG00000011454_RABGAP1.fasta
Cryptoprocta_ferox removed from ENSG00000011454_RABGAP1.fasta
Helogale_parvula removed from ENSG00000011454_RABGAP1.fasta
Leptonychotes_weddellii removed from ENSG00000012504_NR1H4.fasta
Panthera_tigris removed from ENSG00000021645_NRXN3.fasta
Panthera_onca removed from ENSG00000023445_BIRC3.fasta
Ursus_arctos removed from ENSG00000023445_BIRC3.fasta
Potos_flavus removed from ENSG00000023839_ABCC2.fasta
Taxidea_taxus removed from ENSG00000033100_CHPF2.fasta
Arctocephalus_gazella removed from ENSG00000034239_EFCAB1.fasta
Ursus_americanus removed from ENSG00000034239_EFCAB1.fasta
Puma_concolor removed from ENSG00000039987_BEST2.fasta
Suricata_suricatta removed from ENSG00000042813_ZPBP.fasta
Mungos_mungo removed from ENSG00000042813_ZPBP.fasta
Pteronura_brasiliensis removed from ENSG00000042813_ZPBP.fasta
Mellivora_capensis removed from ENSG00000042813_ZPBP.fasta
Panthera_onca removed from ENSG00000042813_ZPBP.fasta
Prionailurus_bengalensis removed from ENSG00000042813_ZPBP.fasta
Ursus_maritimus removed from ENSG00000043355_ZIC2.fasta
Panthera_tigris removed from ENSG00000043355_ZIC2.fasta
Neovison_vison removed from ENSG00000048392_RRM2B.fasta
Pteronura_brasiliensis removed from ENSG00000048392_RRM2B.fasta
Ursus_americanus removed from ENSG00000048392_RRM2B.fasta
Bassariscus_sumichrasti removed from ENSG00000048392_RRM2B.fasta
Paradoxurus_hermaphroditus removed from ENSG00000048392_RRM2B.fasta
Lutra_lutra removed from ENSG00000048392_RRM2B.fasta
Lynx_pardinus removed from ENSG00000048545_GUCA1A.fasta
Acinonyx_jubatus removed from ENSG00000048545_GUCA1A.fasta
Panthera_tigris removed from ENSG00000048545_GUCA1A.fasta
Ursus_americanus removed from ENSG00000048828_FAM120A.fasta
Spilogale_gracilis removed from ENSG00000048828_FAM120A.fasta
Bassariscus_sumichrasti removed from ENSG00000048828_FAM120A.fasta
Panthera_leo removed from ENSG00000048828_FAM120A.fasta
Arctocephalus_gazella removed from ENSG00000049860_HEXB.fasta
Suricata_suricatta removed from ENSG00000049860_HEXB.fasta
Neofelis_nebulosa removed from ENSG00000049860_HEXB.fasta
Taxidea_taxus removed from ENSG00000049860_HEXB.fasta
Neofelis_nebulosa removed from ENSG00000055732_MCOLN3.fasta
Taxidea_taxus removed from ENSG00000055813_CCDC85A.fasta
Helogale_parvula removed from ENSG00000059377_TBXAS1.fasta
Pteronura_brasiliensis removed from ENSG00000059377_TBXAS1.fasta
Procyon_lotor removed from ENSG00000059377_TBXAS1.fasta
Mellivora_capensis removed from ENSG00000059377_TBXAS1.fasta
Arctocephalus_gazella removed from ENSG00000060138_YBX3.fasta
Bassariscus_sumichrasti removed from ENSG00000060138_YBX3.fasta
Bassariscus_sumichrasti removed from ENSG00000061918_GUCY1B3.fasta
Arctocephalus_gazella removed from ENSG00000061918_GUCY1B3.fasta
Felis_catus removed from ENSG00000063177_RPL18.fasta
Lycaon_pictus removed from ENSG00000063438_AHRR.fasta
Otocyon_megalotis removed from ENSG00000063438_AHRR.fasta
Phoca_vitulina removed from ENSG00000063438_AHRR.fasta
Panthera_leo removed from ENSG00000063587_ZNF275.fasta
Taxidea_taxus removed from ENSG00000065150_IPO5.fasta
Ursus_americanus removed from ENSG00000065150_IPO5.fasta
Nasua_narica removed from ENSG00000066735_KIF26A.fasta
Enhydra_lutris removed from ENSG00000067064_IDI1.fasta
Neovison_vison removed from ENSG00000067064_IDI1.fasta
Panthera_pardus removed from ENSG00000067715_SYT1.fasta
Enhydra_lutris removed from ENSG00000067715_SYT1.fasta
Acinonyx_jubatus removed from ENSG00000067715_SYT1.fasta
Mustela_putorius removed from ENSG00000067715_SYT1.fasta
Felis_catus removed from ENSG00000067715_SYT1.fasta
Felis_catus removed from ENSG00000069275_NUCKS1.fasta
Ursus_americanus removed from ENSG00000070081_NUCB2.fasta
Hyaena_hyaena removed from ENSG00000073050_XRCC1.fasta
Phoca_vitulina removed from ENSG00000073050_XRCC1.fasta
Nasua_narica removed from ENSG00000073050_XRCC1.fasta
Procyon_lotor removed from ENSG00000073050_XRCC1.fasta
Hyaena_hyaena removed from ENSG00000075785_RAB7A.fasta
Panthera_onca removed from ENSG00000076685_NT5C2.fasta
Felis_catus removed from ENSG00000077721_UBE2A.fasta
Lutra_lutra removed from ENSG00000078399_HOXA9.fasta
Gulo_gulo removed from ENSG00000078399_HOXA9.fasta
Prionailurus_bengalensis removed from ENSG00000078399_HOXA9.fasta
Potos_flavus removed from ENSG00000078399_HOXA9.fasta
Panthera_tigris removed from ENSG00000079313_REXO1.fasta
Acinonyx_jubatus removed from ENSG00000079313_REXO1.fasta
Taxidea_taxus removed from ENSG00000079950_STX7.fasta
Cryptoprocta_ferox removed from ENSG00000083123_BCKDHB.fasta
Mellivora_capensis removed from ENSG00000083123_BCKDHB.fasta
Spilogale_gracilis removed from ENSG00000083123_BCKDHB.fasta
Lynx_pardinus removed from ENSG00000084764_MAPRE3.fasta
Panthera_tigris removed from ENSG00000084764_MAPRE3.fasta
Bassariscus_sumichrasti removed from ENSG00000085377_PREP.fasta
Panthera_pardus removed from ENSG00000085465_OVGP1.fasta
Ailuropoda_melanoleuca removed from ENSG00000085872_CHERP.fasta
Eumetopias_jubatus removed from ENSG00000086475_SEPHS1.fasta
Procyon_lotor removed from ENSG00000086475_SEPHS1.fasta
Cryptoprocta_ferox removed from ENSG00000086967_MYBPC2.fasta
Mungos_mungo removed from ENSG00000086967_MYBPC2.fasta
Procyon_lotor removed from ENSG00000088543_C3orf18.fasta
Taxidea_taxus removed from ENSG00000088543_C3orf18.fasta
Gulo_gulo removed from ENSG00000089006_SNX5.fasta
Arctocephalus_gazella removed from ENSG00000089006_SNX5.fasta
Paradoxurus_hermaphroditus removed from ENSG00000089169_RPH3A.fasta
Panthera_pardus removed from ENSG00000089505_CMTM1.fasta
Panthera_tigris removed from ENSG00000090316_MAEA.fasta
Arctocephalus_gazella removed from ENSG00000090621_PABPC4.fasta
Spilogale_gracilis removed from ENSG00000090621_PABPC4.fasta
Gulo_gulo removed from ENSG00000092607_TBX15.fasta
Ursus_americanus removed from ENSG00000096088_PGC.fasta
Lynx_pardinus removed from ENSG00000096088_PGC.fasta
Gulo_gulo removed from ENSG00000096088_PGC.fasta
Gulo_gulo removed from ENSG00000099622_CIRBP.fasta
Neovison_vison removed from ENSG00000099622_CIRBP.fasta
Enhydra_lutris removed from ENSG00000099622_CIRBP.fasta
Lycaon_pictus removed from ENSG00000099622_CIRBP.fasta
Gulo_gulo removed from ENSG00000099783_HNRNPM.fasta
Spilogale_gracilis removed from ENSG00000099864_PALM.fasta
Ursus_maritimus removed from ENSG00000099864_PALM.fasta
Arctocephalus_gazella removed from ENSG00000099889_ARVCF.fasta
Taxidea_taxus removed from ENSG00000099889_ARVCF.fasta
Gulo_gulo removed from ENSG00000100012_SEC14L3.fasta
Proteles_septentrionalis removed from ENSG00000100012_SEC14L3.fasta
Bassariscus_sumichrasti removed from ENSG00000100139_MICALL1.fasta
Paradoxurus_hermaphroditus removed from ENSG00000100321_SYNGR1.fasta
Taxidea_taxus removed from ENSG00000101144_BMP7.fasta
Acinonyx_jubatus removed from ENSG00000101180_HRH3.fasta
Gulo_gulo removed from ENSG00000101198_NKAIN4.fasta
Puma_concolor removed from ENSG00000101198_NKAIN4.fasta
Panthera_pardus removed from ENSG00000101198_NKAIN4.fasta
Ursus_maritimus removed from ENSG00000101198_NKAIN4.fasta
Enhydra_lutris removed from ENSG00000101198_NKAIN4.fasta
Odobenus_rosmarus removed from ENSG00000101198_NKAIN4.fasta
Taxidea_taxus removed from ENSG00000101421_CHMP4B.fasta
Lynx_pardinus removed from ENSG00000101888_NXT2.fasta
Gulo_gulo removed from ENSG00000101888_NXT2.fasta
Panthera_tigris removed from ENSG00000101888_NXT2.fasta
Arctocephalus_gazella removed from ENSG00000101945_SUV39H1.fasta
Ursus_maritimus removed from ENSG00000101945_SUV39H1.fasta
Proteles_cristatus removed from ENSG00000101945_SUV39H1.fasta
Pteronura_brasiliensis removed from ENSG00000102054_RBBP7.fasta
Ursus_americanus removed from ENSG00000102710_SUPT20H.fasta
Taxidea_taxus removed from ENSG00000102710_SUPT20H.fasta
Arctocephalus_gazella removed from ENSG00000102710_SUPT20H.fasta
Panthera_tigris removed from ENSG00000102891_MT4.fasta
Lynx_pardinus removed from ENSG00000103024_NME3.fasta
Ursus_maritimus removed from ENSG00000103024_NME3.fasta
Acinonyx_jubatus removed from ENSG00000103024_NME3.fasta
Panthera_tigris removed from ENSG00000103024_NME3.fasta
Crocuta_Crocuta removed from ENSG00000103024_NME3.fasta
Procyon_lotor removed from ENSG00000103310_ZP2.fasta
Arctocephalus_gazella removed from ENSG00000103310_ZP2.fasta
Taxidea_taxus removed from ENSG00000103310_ZP2.fasta
Ursus_maritimus removed from ENSG00000103335_PIEZO1.fasta
Procyon_lotor removed from ENSG00000103569_AQP9.fasta
Helogale_parvula removed from ENSG00000103569_AQP9.fasta
Panthera_onca removed from ENSG00000104043_ATP8B4.fasta
Acinonyx_jubatus removed from ENSG00000104529_EEF1D.fasta
Proteles_cristatus removed from ENSG00000104643_MTMR9.fasta
Potos_flavus removed from ENSG00000104643_MTMR9.fasta
Taxidea_taxus removed from ENSG00000104863_LIN7B.fasta
Leptonychotes_weddellii removed from ENSG00000104863_LIN7B.fasta
Procyon_lotor removed from ENSG00000104863_LIN7B.fasta
Neovison_vison removed from ENSG00000104863_LIN7B.fasta
Panthera_leo removed from ENSG00000104879_CKM.fasta
Panthera_pardus removed from ENSG00000105643_ARRDC2.fasta
Mirounga_angustirostris removed from ENSG00000105679_GAPDHS.fasta
Arctocephalus_gazella removed from ENSG00000105894_PTN.fasta
Nasua_narica removed from ENSG00000105894_PTN.fasta
Leptonychotes_weddellii removed from ENSG00000105993_DNAJB6.fasta
Odobenus_rosmarus removed from ENSG00000105993_DNAJB6.fasta
Panthera_onca removed from ENSG00000106113_CRHR2.fasta
Leptonychotes_weddellii removed from ENSG00000106113_CRHR2.fasta
Paradoxurus_hermaphroditus removed from ENSG00000106615_RHEB.fasta
Cryptoprocta_ferox removed from ENSG00000106723_SPIN1.fasta
Arctocephalus_gazella removed from ENSG00000106723_SPIN1.fasta
Procyon_lotor removed from ENSG00000106723_SPIN1.fasta
Gulo_gulo removed from ENSG00000107372_ZFAND5.fasta
Vulpes_vulpes removed from ENSG00000107443_CCNJ.fasta
Lutra_lutra removed from ENSG00000108100_CCNY.fasta
Spilogale_gracilis removed from ENSG00000108100_CCNY.fasta
Mellivora_capensis removed from ENSG00000108100_CCNY.fasta
Prionailurus_bengalensis removed from ENSG00000108100_CCNY.fasta
Taxidea_taxus removed from ENSG00000108175_ZMIZ1.fasta
Taxidea_taxus removed from ENSG00000108179_PPIF.fasta
Paradoxurus_hermaphroditus removed from ENSG00000108179_PPIF.fasta
Panthera_onca removed from ENSG00000108312_UBTF.fasta
Gulo_gulo removed from ENSG00000109063_MYH3.fasta
Leptonychotes_weddellii removed from ENSG00000109184_DCUN1D4.fasta
Procyon_lotor removed from ENSG00000109184_DCUN1D4.fasta
Ailurus_fulgens removed from ENSG00000109606_DHX15.fasta
Gulo_gulo removed from ENSG00000110171_TRIM3.fasta
Enhydra_lutris removed from ENSG00000110318_CEP126.fasta
Gulo_gulo removed from ENSG00000110318_CEP126.fasta
Mustela_putorius removed from ENSG00000110318_CEP126.fasta
Taxidea_taxus removed from ENSG00000110328_GALNT18.fasta
Proteles_septentrionalis removed from ENSG00000110328_GALNT18.fasta
Ursus_americanus removed from ENSG00000110328_GALNT18.fasta
Mungos_mungo removed from ENSG00000110328_GALNT18.fasta
Neovison_vison removed from ENSG00000110328_GALNT18.fasta
Pteronura_brasiliensis removed from ENSG00000110328_GALNT18.fasta
Arctocephalus_gazella removed from ENSG00000110328_GALNT18.fasta
Ailurus_fulgens removed from ENSG00000110328_GALNT18.fasta
Helogale_parvula removed from ENSG00000110455_ACCS.fasta
Mellivora_capensis removed from ENSG00000110455_ACCS.fasta
Vulpes_vulpes removed from ENSG00000110693_SOX6.fasta
Phoca_vitulina removed from ENSG00000110693_SOX6.fasta
Ursus_arctos removed from ENSG00000110693_SOX6.fasta
Arctocephalus_gazella removed from ENSG00000110693_SOX6.fasta
Felis_catus removed from ENSG00000110881_ASIC1.fasta
Enhydra_lutris removed from ENSG00000110881_ASIC1.fasta
Panthera_tigris removed from ENSG00000110881_ASIC1.fasta
Acinonyx_jubatus removed from ENSG00000110881_ASIC1.fasta
Panthera_pardus removed from ENSG00000110881_ASIC1.fasta
Odobenus_rosmarus removed from ENSG00000110881_ASIC1.fasta
Ursus_maritimus removed from ENSG00000110881_ASIC1.fasta
Potos_flavus removed from ENSG00000110881_ASIC1.fasta
Leptonychotes_weddellii removed from ENSG00000110881_ASIC1.fasta
Arctocephalus_gazella removed from ENSG00000111245_MYL2.fasta
Lynx_pardinus removed from ENSG00000111276_CDKN1B.fasta
Crocuta_Crocuta removed from ENSG00000111344_RASAL1.fasta
Helogale_parvula removed from ENSG00000111344_RASAL1.fasta
Paradoxurus_hermaphroditus removed from ENSG00000111344_RASAL1.fasta
Leptonychotes_weddellii removed from ENSG00000111674_ENO2.fasta
Nasua_narica removed from ENSG00000111711_GOLT1B.fasta
Lynx_pardinus removed from ENSG00000111875_ASF1A.fasta
Mungos_mungo removed from ENSG00000111875_ASF1A.fasta
Panthera_onca removed from ENSG00000112062_MAPK14.fasta
Arctocephalus_gazella removed from ENSG00000112333_NR2E1.fasta
Manis_javanica removed from ENSG00000112394_SLC16A10.fasta
Suricata_suricatta removed from ENSG00000112852_PCDHB2.fasta
Cryptoprocta_ferox removed from ENSG00000113356_POLR3G.fasta
Prionailurus_bengalensis removed from ENSG00000113356_POLR3G.fasta
Taxidea_taxus removed from ENSG00000114115_RBP1.fasta
Ursus_maritimus removed from ENSG00000114115_RBP1.fasta
Leptonychotes_weddellii removed from ENSG00000114126_TFDP2.fasta
Arctocephalus_gazella removed from ENSG00000114126_TFDP2.fasta
Helogale_parvula removed from ENSG00000114126_TFDP2.fasta
Prionailurus_bengalensis removed from ENSG00000114126_TFDP2.fasta
Otocyon_megalotis removed from ENSG00000114279_FGF12.fasta
Ailuropoda_melanoleuca removed from ENSG00000114503_NCBP2.fasta
Nasua_narica removed from ENSG00000114503_NCBP2.fasta
Gulo_gulo removed from ENSG00000114503_NCBP2.fasta
Procyon_lotor removed from ENSG00000114686_MRPL3.fasta
Pteronura_brasiliensis removed from ENSG00000114686_MRPL3.fasta
Taxidea_taxus removed from ENSG00000114686_MRPL3.fasta
Arctocephalus_gazella removed from ENSG00000114686_MRPL3.fasta
Ursus_thibetanus removed from ENSG00000114770_ABCC5.fasta
Ailurus_fulgens removed from ENSG00000114770_ABCC5.fasta
Procyon_lotor removed from ENSG00000114770_ABCC5.fasta
Taxidea_taxus removed from ENSG00000114770_ABCC5.fasta
Phoca_vitulina removed from ENSG00000114770_ABCC5.fasta
Procyon_lotor removed from ENSG00000114859_CLCN2.fasta
Mungos_mungo removed from ENSG00000115350_POLE4.fasta
Ursus_maritimus removed from ENSG00000115350_POLE4.fasta
Lutra_lutra removed from ENSG00000115423_DNAH6.fasta
Ursus_americanus removed from ENSG00000115423_DNAH6.fasta
Spilogale_gracilis removed from ENSG00000115423_DNAH6.fasta
Neovison_vison removed from ENSG00000115594_IL1R1.fasta
Leptonychotes_weddellii removed from ENSG00000115594_IL1R1.fasta
Nasua_narica removed from ENSG00000115616_SLC9A2.fasta
Potos_flavus removed from ENSG00000115616_SLC9A2.fasta
Neovison_vison removed from ENSG00000115616_SLC9A2.fasta
Ursus_thibetanus removed from ENSG00000115616_SLC9A2.fasta
Taxidea_taxus removed from ENSG00000115616_SLC9A2.fasta
Vulpes_vulpes removed from ENSG00000116157_GPX7.fasta
Paradoxurus_hermaphroditus removed from ENSG00000116574_RHOU.fasta
Otocyon_megalotis removed from ENSG00000116981_NT5C1A.fasta
Puma_concolor removed from ENSG00000116983_HPCAL4.fasta
Lynx_pardinus removed from ENSG00000116983_HPCAL4.fasta
Lycaon_pictus removed from ENSG00000116983_HPCAL4.fasta
Arctocephalus_gazella removed from ENSG00000117143_UAP1.fasta
Leptonychotes_weddellii removed from ENSG00000117143_UAP1.fasta
Spilogale_gracilis removed from ENSG00000117394_SLC2A1.fasta
Potos_flavus removed from ENSG00000117479_SLC19A2.fasta
Procyon_lotor removed from ENSG00000117479_SLC19A2.fasta
Otocyon_megalotis removed from ENSG00000117479_SLC19A2.fasta
Mellivora_capensis removed from ENSG00000117479_SLC19A2.fasta
Ursus_arctos removed from ENSG00000117479_SLC19A2.fasta
Arctocephalus_gazella removed from ENSG00000118515_SGK1.fasta
Manis_javanica removed from ENSG00000118689_FOXO3.fasta
Lutra_lutra removed from ENSG00000118707_TGIF2.fasta
Mirounga_angustirostris removed from ENSG00000118707_TGIF2.fasta
Arctocephalus_gazella removed from ENSG00000118707_TGIF2.fasta
Neofelis_nebulosa removed from ENSG00000118707_TGIF2.fasta
Potos_flavus removed from ENSG00000119408_NEK6.fasta
Manis_javanica removed from ENSG00000119514_GALNT12.fasta
Mirounga_angustirostris removed from ENSG00000119541_VPS4B.fasta
Neovison_vison removed from ENSG00000119541_VPS4B.fasta
Panthera_onca removed from ENSG00000119541_VPS4B.fasta
Arctocephalus_gazella removed from ENSG00000119707_RBM25.fasta
Gulo_gulo removed from ENSG00000119772_DNMT3A.fasta
Vulpes_vulpes removed from ENSG00000119888_EPCAM.fasta
Procyon_lotor removed from ENSG00000119888_EPCAM.fasta
Ursus_americanus removed from ENSG00000119888_EPCAM.fasta
Gulo_gulo removed from ENSG00000120053_GOT1.fasta
Helogale_parvula removed from ENSG00000120675_DNAJC15.fasta
Mellivora_capensis removed from ENSG00000120675_DNAJC15.fasta
Felis_catus removed from ENSG00000120837_NFYB.fasta
Gulo_gulo removed from ENSG00000122254_HS3ST2.fasta
Arctocephalus_gazella removed from ENSG00000122299_ZC3H7A.fasta
Nasua_narica removed from ENSG00000122299_ZC3H7A.fasta
Prionailurus_bengalensis removed from ENSG00000122299_ZC3H7A.fasta
Neovison_vison removed from ENSG00000122299_ZC3H7A.fasta
Pteronura_brasiliensis removed from ENSG00000123146_ADGRE5.fasta
Manis_javanica removed from ENSG00000123171_CCDC70.fasta
Arctocephalus_gazella removed from ENSG00000123307_NEUROD4.fasta
Proteles_septentrionalis removed from ENSG00000123364_HOXC13.fasta
Otocyon_megalotis removed from ENSG00000123364_HOXC13.fasta
Acinonyx_jubatus removed from ENSG00000123364_HOXC13.fasta
Arctocephalus_gazella removed from ENSG00000123562_MORF4L2.fasta
Helogale_parvula removed from ENSG00000123576_ESX1.fasta
Otocyon_megalotis removed from ENSG00000123576_ESX1.fasta
Mungos_mungo removed from ENSG00000123576_ESX1.fasta
Lycaon_pictus removed from ENSG00000123576_ESX1.fasta
Gulo_gulo removed from ENSG00000123700_KCNJ2.fasta
Ailuropoda_melanoleuca removed from ENSG00000124356_STAMBP.fasta
Panthera_tigris removed from ENSG00000124449_IRGC.fasta
Acinonyx_jubatus removed from ENSG00000124449_IRGC.fasta
Neomonachus_schauinslandi removed from ENSG00000124657_OR2B6.fasta
Ursus_americanus removed from ENSG00000124657_OR2B6.fasta
Pteronura_brasiliensis removed from ENSG00000125207_PIWIL1.fasta
Mirounga_angustirostris removed from ENSG00000125207_PIWIL1.fasta
Mirounga_angustirostris removed from ENSG00000125775_SDCBP2.fasta
Taxidea_taxus removed from ENSG00000125775_SDCBP2.fasta
Leptonychotes_weddellii removed from ENSG00000125775_SDCBP2.fasta
Lutra_lutra removed from ENSG00000125779_PANK2.fasta
Procyon_lotor removed from ENSG00000125779_PANK2.fasta
Gulo_gulo removed from ENSG00000125788_DEFB126.fasta
Phoca_vitulina removed from ENSG00000125788_DEFB126.fasta
Procyon_lotor removed from ENSG00000125788_DEFB126.fasta
Taxidea_taxus removed from ENSG00000125788_DEFB126.fasta
Ursus_thibetanus removed from ENSG00000125788_DEFB126.fasta
Manis_javanica removed from ENSG00000125816_NKX2-4.fasta
Ailurus_fulgens removed from ENSG00000125816_NKX2-4.fasta
Gulo_gulo removed from ENSG00000125816_NKX2-4.fasta
Mustela_putorius removed from ENSG00000126262_FFAR2.fasta
Panthera_onca removed from ENSG00000126858_RHOT1.fasta
Panthera_onca removed from ENSG00000127249_ATP13A4.fasta
Proteles_cristatus removed from ENSG00000127249_ATP13A4.fasta
Crocuta_Crocuta removed from ENSG00000127249_ATP13A4.fasta
Ursus_thibetanus removed from ENSG00000127249_ATP13A4.fasta
Pteronura_brasiliensis removed from ENSG00000127249_ATP13A4.fasta
Ailurus_fulgens removed from ENSG00000127249_ATP13A4.fasta
Puma_concolor removed from ENSG00000127252_HRASLS.fasta
Neofelis_nebulosa removed from ENSG00000127252_HRASLS.fasta
Otocyon_megalotis removed from ENSG00000128713_HOXD11.fasta
Paradoxurus_hermaphroditus removed from ENSG00000129159_KCNC1.fasta
Bassariscus_sumichrasti removed from ENSG00000129159_KCNC1.fasta
Potos_flavus removed from ENSG00000129159_KCNC1.fasta
Puma_concolor removed from ENSG00000129250_KIF1C.fasta
Paradoxurus_hermaphroditus removed from ENSG00000130508_PXDN.fasta
Ursus_thibetanus removed from ENSG00000130508_PXDN.fasta
Procyon_lotor removed from ENSG00000130508_PXDN.fasta
Neomonachus_schauinslandi removed from ENSG00000130508_PXDN.fasta
Canis_familiaris removed from ENSG00000130816_DNMT1.fasta
Panthera_tigris removed from ENSG00000130822_PNCK.fasta
Acinonyx_jubatus removed from ENSG00000130822_PNCK.fasta
Ursus_americanus removed from ENSG00000130985_UBA1.fasta
Arctocephalus_gazella removed from ENSG00000131051_RBM39.fasta
Arctocephalus_gazella removed from ENSG00000131149_GSE1.fasta
Taxidea_taxus removed from ENSG00000131165_CHMP1A.fasta
Lycaon_pictus removed from ENSG00000131471_AOC3.fasta
Gulo_gulo removed from ENSG00000131471_AOC3.fasta
Arctocephalus_gazella removed from ENSG00000132254_ARFIP2.fasta
Panthera_tigris removed from ENSG00000132329_RAMP1.fasta
Cryptoprocta_ferox removed from ENSG00000132329_RAMP1.fasta
Neomonachus_schauinslandi removed from ENSG00000132329_RAMP1.fasta
Gulo_gulo removed from ENSG00000132329_RAMP1.fasta
Taxidea_taxus removed from ENSG00000132330_SCLY.fasta
Nasua_narica removed from ENSG00000132330_SCLY.fasta
Cryptoprocta_ferox removed from ENSG00000132330_SCLY.fasta
Paradoxurus_hermaphroditus removed from ENSG00000132330_SCLY.fasta
Helogale_parvula removed from ENSG00000132330_SCLY.fasta
Paradoxurus_hermaphroditus removed from ENSG00000132388_UBE2G1.fasta
Neofelis_nebulosa removed from ENSG00000132466_ANKRD17.fasta
Spilogale_gracilis removed from ENSG00000132466_ANKRD17.fasta
Panthera_leo removed from ENSG00000132466_ANKRD17.fasta
Lycaon_pictus removed from ENSG00000132466_ANKRD17.fasta
Neovison_vison removed from ENSG00000132466_ANKRD17.fasta
Otocyon_megalotis removed from ENSG00000132466_ANKRD17.fasta
Bassariscus_sumichrasti removed from ENSG00000132466_ANKRD17.fasta
Gulo_gulo removed from ENSG00000132478_UNK.fasta
Arctocephalus_gazella removed from ENSG00000132478_UNK.fasta
Hyaena_hyaena removed from ENSG00000132693_CRP.fasta
Ursus_maritimus removed from ENSG00000132819_RBM38.fasta
Prionailurus_bengalensis removed from ENSG00000132821_VSTM2L.fasta
Panthera_leo removed from ENSG00000132821_VSTM2L.fasta
Panthera_onca removed from ENSG00000132821_VSTM2L.fasta
Canis_familiaris removed from ENSG00000132840_BHMT2.fasta
Neomonachus_schauinslandi removed from ENSG00000132840_BHMT2.fasta
Odobenus_rosmarus removed from ENSG00000132840_BHMT2.fasta
Ursus_maritimus removed from ENSG00000132840_BHMT2.fasta
Ailuropoda_melanoleuca removed from ENSG00000132840_BHMT2.fasta
Panthera_pardus removed from ENSG00000132840_BHMT2.fasta
Procyon_lotor removed from ENSG00000133020_MYH8.fasta
Cryptoprocta_ferox removed from ENSG00000133135_RNF128.fasta
Ursus_americanus removed from ENSG00000133135_RNF128.fasta
Procyon_lotor removed from ENSG00000133135_RNF128.fasta
Phoca_vitulina removed from ENSG00000133135_RNF128.fasta
Mellivora_capensis removed from ENSG00000133135_RNF128.fasta
Pteronura_brasiliensis removed from ENSG00000133135_RNF128.fasta
Gulo_gulo removed from ENSG00000134240_HMGCS2.fasta
Spilogale_gracilis removed from ENSG00000134240_HMGCS2.fasta
Paradoxurus_hermaphroditus removed from ENSG00000134248_LAMTOR5.fasta
Panthera_tigris removed from ENSG00000134595_SOX3.fasta
Proteles_cristatus removed from ENSG00000134684_YARS.fasta
Felis_catus removed from ENSG00000134758_RNF138.fasta
Prionailurus_bengalensis removed from ENSG00000134779_TPGS2.fasta
Puma_concolor removed from ENSG00000134824_FADS2.fasta
Gulo_gulo removed from ENSG00000134824_FADS2.fasta
Ailurus_fulgens removed from ENSG00000134909_ARHGAP32.fasta
Arctocephalus_gazella removed from ENSG00000134909_ARHGAP32.fasta
Panthera_leo removed from ENSG00000135220_UGT2A3.fasta
Lycaon_pictus removed from ENSG00000135547_HEY2.fasta
Callorhinus_ursinus removed from ENSG00000135569_TAAR5.fasta
Arctocephalus_gazella removed from ENSG00000135569_TAAR5.fasta
Leptonychotes_weddellii removed from ENSG00000135569_TAAR5.fasta
Mirounga_angustirostris removed from ENSG00000135569_TAAR5.fasta
Taxidea_taxus removed from ENSG00000135569_TAAR5.fasta
Spilogale_gracilis removed from ENSG00000135569_TAAR5.fasta
Proteles_cristatus removed from ENSG00000135870_RC3H1.fasta
Proteles_septentrionalis removed from ENSG00000135870_RC3H1.fasta
Arctocephalus_gazella removed from ENSG00000136002_ARHGEF4.fasta
Cryptoprocta_ferox removed from ENSG00000136002_ARHGEF4.fasta
Mirounga_angustirostris removed from ENSG00000136002_ARHGEF4.fasta
Leptonychotes_weddellii removed from ENSG00000136240_KDELR2.fasta
Lutra_lutra removed from ENSG00000136240_KDELR2.fasta
Procyon_lotor removed from ENSG00000136240_KDELR2.fasta
Arctocephalus_gazella removed from ENSG00000136848_DAB2IP.fasta
Panthera_onca removed from ENSG00000136866_ZFP37.fasta
Otocyon_megalotis removed from ENSG00000136870_ZNF189.fasta
Mungos_mungo removed from ENSG00000136870_ZNF189.fasta
Mellivora_capensis removed from ENSG00000137124_ALDH1B1.fasta
Ursus_thibetanus removed from ENSG00000137124_ALDH1B1.fasta
Phoca_vitulina removed from ENSG00000137124_ALDH1B1.fasta
Crocuta_Crocuta removed from ENSG00000137133_HINT2.fasta
Ursus_arctos removed from ENSG00000137133_HINT2.fasta
Ursus_arctos removed from ENSG00000137145_DENND4C.fasta
Nasua_narica removed from ENSG00000137145_DENND4C.fasta
Neovison_vison removed from ENSG00000137145_DENND4C.fasta
Phoca_vitulina removed from ENSG00000137145_DENND4C.fasta
Panthera_leo removed from ENSG00000137145_DENND4C.fasta
Lycaon_pictus removed from ENSG00000137338_PGBD1.fasta
Potos_flavus removed from ENSG00000137338_PGBD1.fasta
Leptonychotes_weddellii removed from ENSG00000137338_PGBD1.fasta
Neofelis_nebulosa removed from ENSG00000137338_PGBD1.fasta
Nasua_narica removed from ENSG00000137500_CCDC90B.fasta
Taxidea_taxus removed from ENSG00000137500_CCDC90B.fasta
Puma_concolor removed from ENSG00000137522_RNF121.fasta
Nasua_narica removed from ENSG00000137522_RNF121.fasta
Arctocephalus_gazella removed from ENSG00000137522_RNF121.fasta
Gulo_gulo removed from ENSG00000137707_BTG4.fasta
Nasua_narica removed from ENSG00000137707_BTG4.fasta
Arctocephalus_gazella removed from ENSG00000137714_FDX1.fasta
Bassariscus_sumichrasti removed from ENSG00000137714_FDX1.fasta
Manis_javanica removed from ENSG00000137714_FDX1.fasta
Prionailurus_bengalensis removed from ENSG00000137714_FDX1.fasta
Panthera_tigris removed from ENSG00000137714_FDX1.fasta
Pteronura_brasiliensis removed from ENSG00000137714_FDX1.fasta
Mellivora_capensis removed from ENSG00000137714_FDX1.fasta
Manis_javanica removed from ENSG00000138175_ARL3.fasta
Otocyon_megalotis removed from ENSG00000138175_ARL3.fasta
Paradoxurus_hermaphroditus removed from ENSG00000138175_ARL3.fasta
Procyon_lotor removed from ENSG00000138175_ARL3.fasta
Taxidea_taxus removed from ENSG00000138398_PPIG.fasta
Arctocephalus_gazella removed from ENSG00000138398_PPIG.fasta
Manis_javanica removed from ENSG00000138668_HNRNPD.fasta
Gulo_gulo removed from ENSG00000138668_HNRNPD.fasta
Pteronura_brasiliensis removed from ENSG00000138756_BMP2K.fasta
Mellivora_capensis removed from ENSG00000138756_BMP2K.fasta
Cryptoprocta_ferox removed from ENSG00000138964_PARVG.fasta
Helogale_parvula removed from ENSG00000138964_PARVG.fasta
Panthera_onca removed from ENSG00000138964_PARVG.fasta
Ursus_arctos removed from ENSG00000138964_PARVG.fasta
Felis_catus removed from ENSG00000139168_ZCRB1.fasta
Puma_concolor removed from ENSG00000139190_VAMP1.fasta
Hyaena_hyaena removed from ENSG00000139278_GLIPR1.fasta
Bassariscus_sumichrasti removed from ENSG00000139278_GLIPR1.fasta
Ursus_americanus removed from ENSG00000139278_GLIPR1.fasta
Arctocephalus_gazella removed from ENSG00000139278_GLIPR1.fasta
Helogale_parvula removed from ENSG00000139289_PHLDA1.fasta
Lynx_pardinus removed from ENSG00000139289_PHLDA1.fasta
Manis_javanica removed from ENSG00000139289_PHLDA1.fasta
Canis_familiaris removed from ENSG00000139292_LGR5.fasta
Panthera_leo removed from ENSG00000139410_SDSL.fasta
Panthera_onca removed from ENSG00000139410_SDSL.fasta
Arctocephalus_gazella removed from ENSG00000139410_SDSL.fasta
Paradoxurus_hermaphroditus removed from ENSG00000139410_SDSL.fasta
Leptonychotes_weddellii removed from ENSG00000139410_SDSL.fasta
Mellivora_capensis removed from ENSG00000139410_SDSL.fasta
Potos_flavus removed from ENSG00000139514_SLC7A1.fasta
Leptonychotes_weddellii removed from ENSG00000139514_SLC7A1.fasta
Gulo_gulo removed from ENSG00000139514_SLC7A1.fasta
Arctocephalus_gazella removed from ENSG00000139746_RBM26.fasta
Ursus_arctos removed from ENSG00000139746_RBM26.fasta
Phoca_vitulina removed from ENSG00000139746_RBM26.fasta
Panthera_onca removed from ENSG00000139746_RBM26.fasta
Nasua_narica removed from ENSG00000139746_RBM26.fasta
Mirounga_angustirostris removed from ENSG00000139746_RBM26.fasta
Mungos_mungo removed from ENSG00000139746_RBM26.fasta
Procyon_lotor removed from ENSG00000139874_SSTR1.fasta
Ursus_americanus removed from ENSG00000139926_FRMD6.fasta
Arctocephalus_gazella removed from ENSG00000140265_ZSCAN29.fasta
Nasua_narica removed from ENSG00000140403_DNAJA4.fasta
Leptonychotes_weddellii removed from ENSG00000141086_CTRL.fasta
Arctocephalus_gazella removed from ENSG00000141316_SPACA3.fasta
Leptonychotes_weddellii removed from ENSG00000141338_ABCA8.fasta
Lycaon_pictus removed from ENSG00000141858_SAMD1.fasta
Neovison_vison removed from ENSG00000141858_SAMD1.fasta
Odobenus_rosmarus removed from ENSG00000141858_SAMD1.fasta
Ursus_arctos removed from ENSG00000142065_ZFP14.fasta
Ursus_americanus removed from ENSG00000142065_ZFP14.fasta
Ursus_maritimus removed from ENSG00000142065_ZFP14.fasta
Mungos_mungo removed from ENSG00000142065_ZFP14.fasta
Lynx_pardinus removed from ENSG00000142408_CACNG8.fasta
Hyaena_hyaena removed from ENSG00000142528_ZNF473.fasta
Neofelis_nebulosa removed from ENSG00000142669_SH3BGRL3.fasta
Potos_flavus removed from ENSG00000142669_SH3BGRL3.fasta
Mirounga_angustirostris removed from ENSG00000142669_SH3BGRL3.fasta
Lynx_pardinus removed from ENSG00000142669_SH3BGRL3.fasta
Lycaon_pictus removed from ENSG00000143125_PROK1.fasta
Otocyon_megalotis removed from ENSG00000143125_PROK1.fasta
Gulo_gulo removed from ENSG00000143125_PROK1.fasta
Potos_flavus removed from ENSG00000143125_PROK1.fasta
Paradoxurus_hermaphroditus removed from ENSG00000143125_PROK1.fasta
Manis_javanica removed from ENSG00000143125_PROK1.fasta
Taxidea_taxus removed from ENSG00000143320_CRABP2.fasta
Crocuta_Crocuta removed from ENSG00000143882_ATP6V1C2.fasta
Potos_flavus removed from ENSG00000143882_ATP6V1C2.fasta
Spilogale_gracilis removed from ENSG00000143882_ATP6V1C2.fasta
Procyon_lotor removed from ENSG00000143882_ATP6V1C2.fasta
Panthera_onca removed from ENSG00000143882_ATP6V1C2.fasta
Hyaena_hyaena removed from ENSG00000143889_HNRNPLL.fasta
Panthera_leo removed from ENSG00000143889_HNRNPLL.fasta
Suricata_suricatta removed from ENSG00000143889_HNRNPLL.fasta
Phoca_vitulina removed from ENSG00000143921_ABCG8.fasta
Mungos_mungo removed from ENSG00000143921_ABCG8.fasta
Gulo_gulo removed from ENSG00000144048_DUSP11.fasta
Ailurus_fulgens removed from ENSG00000144331_ZNF385B.fasta
Lutra_lutra removed from ENSG00000144401_METTL21A.fasta
Panthera_onca removed from ENSG00000144401_METTL21A.fasta
Vulpes_vulpes removed from ENSG00000144481_TRPM8.fasta
Proteles_cristatus removed from ENSG00000144481_TRPM8.fasta
Crocuta_Crocuta removed from ENSG00000144481_TRPM8.fasta
Nasua_narica removed from ENSG00000144481_TRPM8.fasta
Ursus_arctos removed from ENSG00000144481_TRPM8.fasta
Lycaon_pictus removed from ENSG00000144579_CTDSP1.fasta
Ursus_maritimus removed from ENSG00000144579_CTDSP1.fasta
Phoca_vitulina removed from ENSG00000144791_LIMD1.fasta
Vulpes_vulpes removed from ENSG00000144791_LIMD1.fasta
Panthera_leo removed from ENSG00000144791_LIMD1.fasta
Puma_concolor removed from ENSG00000144791_LIMD1.fasta
Bassariscus_sumichrasti removed from ENSG00000145287_PLAC8.fasta
Mellivora_capensis removed from ENSG00000145287_PLAC8.fasta
Gulo_gulo removed from ENSG00000145780_FEM1C.fasta
Ailuropoda_melanoleuca removed from ENSG00000146054_TRIM7.fasta
Ursus_thibetanus removed from ENSG00000146463_ZMYM4.fasta
Paradoxurus_hermaphroditus removed from ENSG00000146463_ZMYM4.fasta
Panthera_leo removed from ENSG00000146463_ZMYM4.fasta
Proteles_cristatus removed from ENSG00000146463_ZMYM4.fasta
Gulo_gulo removed from ENSG00000147036_LANCL3.fasta
Pteronura_brasiliensis removed from ENSG00000147036_LANCL3.fasta
Neofelis_nebulosa removed from ENSG00000147050_KDM6A.fasta
Ursus_thibetanus removed from ENSG00000147118_ZNF182.fasta
Prionailurus_bengalensis removed from ENSG00000147118_ZNF182.fasta
Spilogale_gracilis removed from ENSG00000147118_ZNF182.fasta
Bassariscus_sumichrasti removed from ENSG00000147118_ZNF182.fasta
Crocuta_Crocuta removed from ENSG00000147118_ZNF182.fasta
Crocuta_Crocuta removed from ENSG00000148082_SHC3.fasta
Neovison_vison removed from ENSG00000148110_MFSD14B.fasta
Lycaon_pictus removed from ENSG00000148180_GSN.fasta
Paradoxurus_hermaphroditus removed from ENSG00000148606_POLR3A.fasta
Ursus_americanus removed from ENSG00000148606_POLR3A.fasta
Panthera_leo removed from ENSG00000148606_POLR3A.fasta
Taxidea_taxus removed from ENSG00000148606_POLR3A.fasta
Panthera_leo removed from ENSG00000148660_CAMK2G.fasta
Ursus_maritimus removed from ENSG00000148730_EIF4EBP2.fasta
Felis_catus removed from ENSG00000149716_ORAOV1.fasta
Panthera_onca removed from ENSG00000149968_MMP3.fasta
Lutra_lutra removed from ENSG00000150893_FREM2.fasta
Cryptoprocta_ferox removed from ENSG00000151418_ATP6V1G3.fasta
Suricata_suricatta removed from ENSG00000151702_FLI1.fasta
Hyaena_hyaena removed from ENSG00000151702_FLI1.fasta
Arctocephalus_gazella removed from ENSG00000151702_FLI1.fasta
Ailurus_fulgens removed from ENSG00000151882_CCL28.fasta
Gulo_gulo removed from ENSG00000152219_ARL14EP.fasta
Spilogale_gracilis removed from ENSG00000152670_DDX4.fasta
Mellivora_capensis removed from ENSG00000152670_DDX4.fasta
Arctocephalus_gazella removed from ENSG00000152670_DDX4.fasta
Cryptoprocta_ferox removed from ENSG00000153006_SREK1IP1.fasta
Helogale_parvula removed from ENSG00000153006_SREK1IP1.fasta
Neofelis_nebulosa removed from ENSG00000153006_SREK1IP1.fasta
Prionailurus_bengalensis removed from ENSG00000153006_SREK1IP1.fasta
Spilogale_gracilis removed from ENSG00000153006_SREK1IP1.fasta
Arctocephalus_gazella removed from ENSG00000153187_HNRNPU.fasta
Ursus_maritimus removed from ENSG00000153443_UBALD1.fasta
Panthera_tigris removed from ENSG00000153443_UBALD1.fasta
Puma_concolor removed from ENSG00000153443_UBALD1.fasta
Lutra_lutra removed from ENSG00000153443_UBALD1.fasta
Mirounga_angustirostris removed from ENSG00000153443_UBALD1.fasta
Potos_flavus removed from ENSG00000153443_UBALD1.fasta
Paradoxurus_hermaphroditus removed from ENSG00000154118_JPH3.fasta
Hyaena_hyaena removed from ENSG00000154305_MIA3.fasta
Lycaon_pictus removed from ENSG00000154380_ENAH.fasta
Ursus_thibetanus removed from ENSG00000154380_ENAH.fasta
Ailuropoda_melanoleuca removed from ENSG00000154451_GBP5.fasta
Lutra_lutra removed from ENSG00000155249_OR4K1.fasta
Canis_familiaris removed from ENSG00000156052_GNAQ.fasta
Felis_catus removed from ENSG00000156052_GNAQ.fasta
Ailuropoda_melanoleuca removed from ENSG00000156052_GNAQ.fasta
Panthera_tigris removed from ENSG00000156052_GNAQ.fasta
Acinonyx_jubatus removed from ENSG00000156052_GNAQ.fasta
Mustela_putorius removed from ENSG00000156052_GNAQ.fasta
Odobenus_rosmarus removed from ENSG00000156052_GNAQ.fasta
Manis_javanica removed from ENSG00000156052_GNAQ.fasta
Paradoxurus_hermaphroditus removed from ENSG00000156222_SLC28A1.fasta
Hyaena_hyaena removed from ENSG00000156222_SLC28A1.fasta
Procyon_lotor removed from ENSG00000157219_HTR5A.fasta
Crocuta_Crocuta removed from ENSG00000157219_HTR5A.fasta
Mungos_mungo removed from ENSG00000157219_HTR5A.fasta
Gulo_gulo removed from ENSG00000157219_HTR5A.fasta
Pteronura_brasiliensis removed from ENSG00000157219_HTR5A.fasta
Enhydra_lutris removed from ENSG00000157219_HTR5A.fasta
Panthera_pardus removed from ENSG00000157827_FMNL2.fasta
Leptonychotes_weddellii removed from ENSG00000158077_NLRP14.fasta
Crocuta_Crocuta removed from ENSG00000158125_XDH.fasta
Nasua_narica removed from ENSG00000158125_XDH.fasta
Neofelis_nebulosa removed from ENSG00000158125_XDH.fasta
Panthera_onca removed from ENSG00000158125_XDH.fasta
Prionailurus_bengalensis removed from ENSG00000158125_XDH.fasta
Mungos_mungo removed from ENSG00000158125_XDH.fasta
Panthera_tigris removed from ENSG00000158125_XDH.fasta
Acinonyx_jubatus removed from ENSG00000158125_XDH.fasta
Suricata_suricatta removed from ENSG00000158125_XDH.fasta
Ursus_thibetanus removed from ENSG00000158321_AUTS2.fasta
Procyon_lotor removed from ENSG00000158553_POM121L2.fasta
Spilogale_gracilis removed from ENSG00000158553_POM121L2.fasta
Leptonychotes_weddellii removed from ENSG00000158604_TMED4.fasta
Mellivora_capensis removed from ENSG00000159231_CBR3.fasta
Neovison_vison removed from ENSG00000159231_CBR3.fasta
Procyon_lotor removed from ENSG00000159231_CBR3.fasta
Gulo_gulo removed from ENSG00000159337_PLA2G4D.fasta
Bassariscus_sumichrasti removed from ENSG00000159337_PLA2G4D.fasta
Lycaon_pictus removed from ENSG00000159388_BTG2.fasta
Paradoxurus_hermaphroditus removed from ENSG00000159388_BTG2.fasta
Otocyon_megalotis removed from ENSG00000159398_CES5A.fasta
Ursus_thibetanus removed from ENSG00000159398_CES5A.fasta
Taxidea_taxus removed from ENSG00000159714_ZDHHC1.fasta
Lycaon_pictus removed from ENSG00000160307_S100B.fasta
Procyon_lotor removed from ENSG00000160392_C19orf47.fasta
Paradoxurus_hermaphroditus removed from ENSG00000160539_PLPP7.fasta
Mungos_mungo removed from ENSG00000160551_TAOK1.fasta
Lynx_pardinus removed from ENSG00000160691_SHC1.fasta
Gulo_gulo removed from ENSG00000160714_UBE2Q1.fasta
Ailurus_fulgens removed from ENSG00000160714_UBE2Q1.fasta
Suricata_suricatta removed from ENSG00000160714_UBE2Q1.fasta
Ursus_maritimus removed from ENSG00000160714_UBE2Q1.fasta
Crocuta_Crocuta removed from ENSG00000160917_CPSF4.fasta
Neofelis_nebulosa removed from ENSG00000161298_ZNF382.fasta
Spilogale_gracilis removed from ENSG00000161849_KRT84.fasta
Panthera_leo removed from ENSG00000161849_KRT84.fasta
Ailurus_fulgens removed from ENSG00000161849_KRT84.fasta
Leptonychotes_weddellii removed from ENSG00000161960_EIF4A1.fasta
Ursus_maritimus removed from ENSG00000162040_HS3ST6.fasta
Phoca_vitulina removed from ENSG00000162105_SHANK2.fasta
Ursus_americanus removed from ENSG00000162105_SHANK2.fasta
Taxidea_taxus removed from ENSG00000162105_SHANK2.fasta
Enhydra_lutris removed from ENSG00000162231_NXF1.fasta
Cryptoprocta_ferox removed from ENSG00000162415_ZSWIM5.fasta
Paradoxurus_hermaphroditus removed from ENSG00000162415_ZSWIM5.fasta
Ailurus_fulgens removed from ENSG00000162415_ZSWIM5.fasta
Mellivora_capensis removed from ENSG00000162415_ZSWIM5.fasta
Arctocephalus_gazella removed from ENSG00000162438_CTRC.fasta
Gulo_gulo removed from ENSG00000162551_ALPL.fasta
Spilogale_gracilis removed from ENSG00000162639_HENMT1.fasta
Bassariscus_sumichrasti removed from ENSG00000162639_HENMT1.fasta
Paradoxurus_hermaphroditus removed from ENSG00000162639_HENMT1.fasta
Lycaon_pictus removed from ENSG00000162711_NLRP3.fasta
Gulo_gulo removed from ENSG00000162771_FAM71A.fasta
Ursus_maritimus removed from ENSG00000162817_C1orf115.fasta
Lycaon_pictus removed from ENSG00000162999_DUSP19.fasta
Prionailurus_bengalensis removed from ENSG00000163110_PDLIM5.fasta
Arctocephalus_gazella removed from ENSG00000163520_FBLN2.fasta
Lutra_lutra removed from ENSG00000163623_NKX6-1.fasta
Paradoxurus_hermaphroditus removed from ENSG00000163629_PTPN13.fasta
Ailurus_fulgens removed from ENSG00000163629_PTPN13.fasta
Prionailurus_bengalensis removed from ENSG00000163754_GYG1.fasta
Arctocephalus_gazella removed from ENSG00000163754_GYG1.fasta
Phoca_vitulina removed from ENSG00000163888_CAMK2N2.fasta
Lutra_lutra removed from ENSG00000164093_PITX2.fasta
Procyon_lotor removed from ENSG00000164167_LSM6.fasta
Taxidea_taxus removed from ENSG00000164167_LSM6.fasta
Ursus_maritimus removed from ENSG00000164400_CSF2.fasta
Vulpes_vulpes removed from ENSG00000164442_CITED2.fasta
Acinonyx_jubatus removed from ENSG00000164442_CITED2.fasta
Paradoxurus_hermaphroditus removed from ENSG00000164684_ZNF704.fasta
Ailurus_fulgens removed from ENSG00000164690_SHH.fasta
Puma_concolor removed from ENSG00000164690_SHH.fasta
Lynx_pardinus removed from ENSG00000164690_SHH.fasta
Spilogale_gracilis removed from ENSG00000164778_EN2.fasta
Manis_javanica removed from ENSG00000164867_NOS3.fasta
Arctocephalus_gazella removed from ENSG00000165023_DIRAS2.fasta
Panthera_onca removed from ENSG00000165169_DYNLT3.fasta
Phoca_vitulina removed from ENSG00000165512_ZNF22.fasta
Mellivora_capensis removed from ENSG00000165512_ZNF22.fasta
Neofelis_nebulosa removed from ENSG00000165643_SOHLH1.fasta
Ursus_maritimus removed from ENSG00000165643_SOHLH1.fasta
Ailuropoda_melanoleuca removed from ENSG00000165643_SOHLH1.fasta
Puma_concolor removed from ENSG00000165643_SOHLH1.fasta
Canis_familiaris removed from ENSG00000165643_SOHLH1.fasta
Spilogale_gracilis removed from ENSG00000165732_DDX21.fasta
Mungos_mungo removed from ENSG00000165762_OR4K2.fasta
Otocyon_megalotis removed from ENSG00000165804_ZNF219.fasta
Canis_familiaris removed from ENSG00000165804_ZNF219.fasta
Canis_familiaris removed from ENSG00000165821_SALL2.fasta
Vulpes_vulpes removed from ENSG00000165821_SALL2.fasta
Otocyon_megalotis removed from ENSG00000165821_SALL2.fasta
Otocyon_megalotis removed from ENSG00000166069_TMCO5A.fasta
Spilogale_gracilis removed from ENSG00000166069_TMCO5A.fasta
Prionailurus_bengalensis removed from ENSG00000166069_TMCO5A.fasta
Lycaon_pictus removed from ENSG00000166069_TMCO5A.fasta
Taxidea_taxus removed from ENSG00000166069_TMCO5A.fasta
Pteronura_brasiliensis removed from ENSG00000166069_TMCO5A.fasta
Lycaon_pictus removed from ENSG00000166289_PLEKHF1.fasta
Panthera_tigris removed from ENSG00000166289_PLEKHF1.fasta
Ursus_maritimus removed from ENSG00000166289_PLEKHF1.fasta
Acinonyx_jubatus removed from ENSG00000166289_PLEKHF1.fasta
Arctocephalus_gazella removed from ENSG00000166401_SERPINB8.fasta
Proteles_septentrionalis removed from ENSG00000166446_CDYL2.fasta
Mungos_mungo removed from ENSG00000166446_CDYL2.fasta
Ursus_thibetanus removed from ENSG00000166446_CDYL2.fasta
Arctocephalus_gazella removed from ENSG00000166446_CDYL2.fasta
Procyon_lotor removed from ENSG00000166446_CDYL2.fasta
Procyon_lotor removed from ENSG00000166503_HDGFL3.fasta
Taxidea_taxus removed from ENSG00000166510_CCDC68.fasta
Ailuropoda_melanoleuca removed from ENSG00000166529_ZSCAN21.fasta
Phoca_vitulina removed from ENSG00000166529_ZSCAN21.fasta
Helogale_parvula removed from ENSG00000166582_CENPV.fasta
Proteles_septentrionalis removed from ENSG00000166582_CENPV.fasta
Taxidea_taxus removed from ENSG00000166582_CENPV.fasta
Panthera_tigris removed from ENSG00000166676_TVP23A.fasta
Ursus_maritimus removed from ENSG00000166676_TVP23A.fasta
Arctocephalus_gazella removed from ENSG00000166676_TVP23A.fasta
Bassariscus_sumichrasti removed from ENSG00000166704_ZNF606.fasta
Lycaon_pictus removed from ENSG00000166704_ZNF606.fasta
Arctocephalus_gazella removed from ENSG00000166862_CACNG2.fasta
Neofelis_nebulosa removed from ENSG00000166913_YWHAB.fasta
Acinonyx_jubatus removed from ENSG00000166928_MS4A14.fasta
Arctocephalus_gazella removed from ENSG00000166928_MS4A14.fasta
Ailurus_fulgens removed from ENSG00000166928_MS4A14.fasta
Puma_concolor removed from ENSG00000166961_MS4A15.fasta
Panthera_tigris removed from ENSG00000166961_MS4A15.fasta
Paradoxurus_hermaphroditus removed from ENSG00000166961_MS4A15.fasta
Taxidea_taxus removed from ENSG00000166961_MS4A15.fasta
Neofelis_nebulosa removed from ENSG00000167065_DUSP18.fasta
Mirounga_angustirostris removed from ENSG00000167332_OR51E2.fasta
Taxidea_taxus removed from ENSG00000167641_PPP1R14A.fasta
Arctocephalus_gazella removed from ENSG00000167641_PPP1R14A.fasta
Puma_concolor removed from ENSG00000167657_DAPK3.fasta
Bassariscus_sumichrasti removed from ENSG00000167676_PLIN4.fasta
Manis_javanica removed from ENSG00000167676_PLIN4.fasta
Felis_catus removed from ENSG00000167676_PLIN4.fasta
Panthera_pardus removed from ENSG00000167676_PLIN4.fasta
Mustela_putorius removed from ENSG00000167676_PLIN4.fasta
Enhydra_lutris removed from ENSG00000167676_PLIN4.fasta
Gulo_gulo removed from ENSG00000167676_PLIN4.fasta
Panthera_pardus removed from ENSG00000167695_FAM57A.fasta
Crocuta_Crocuta removed from ENSG00000167771_RCOR2.fasta
Puma_concolor removed from ENSG00000167771_RCOR2.fasta
Crocuta_Crocuta removed from ENSG00000167916_KRT24.fasta
Potos_flavus removed from ENSG00000167972_ABCA3.fasta
Mirounga_angustirostris removed from ENSG00000168101_NUDT16L1.fasta
Lutra_lutra removed from ENSG00000168101_NUDT16L1.fasta
Potos_flavus removed from ENSG00000168101_NUDT16L1.fasta
Acinonyx_jubatus removed from ENSG00000168101_NUDT16L1.fasta
Panthera_tigris removed from ENSG00000168101_NUDT16L1.fasta
Lynx_pardinus removed from ENSG00000168101_NUDT16L1.fasta
Gulo_gulo removed from ENSG00000168118_RAB4A.fasta
Spilogale_gracilis removed from ENSG00000168118_RAB4A.fasta
Procyon_lotor removed from ENSG00000168118_RAB4A.fasta
Mirounga_angustirostris removed from ENSG00000168158_OR2C1.fasta
Acinonyx_jubatus removed from ENSG00000168268_NT5DC2.fasta
Ursus_maritimus removed from ENSG00000168268_NT5DC2.fasta
Panthera_tigris removed from ENSG00000168397_ATG4B.fasta
Cryptoprocta_ferox removed from ENSG00000168397_ATG4B.fasta
Mungos_mungo removed from ENSG00000168397_ATG4B.fasta
Mirounga_angustirostris removed from ENSG00000168454_TXNDC2.fasta
Spilogale_gracilis removed from ENSG00000168454_TXNDC2.fasta
Leptonychotes_weddellii removed from ENSG00000168502_MTCL1.fasta
Acinonyx_jubatus removed from ENSG00000168556_ING2.fasta
Vulpes_vulpes removed from ENSG00000168675_LDLRAD4.fasta
Canis_familiaris removed from ENSG00000168675_LDLRAD4.fasta
Otocyon_megalotis removed from ENSG00000168675_LDLRAD4.fasta
Puma_concolor removed from ENSG00000168779_SHOX2.fasta
Procyon_lotor removed from ENSG00000168779_SHOX2.fasta
Pteronura_brasiliensis removed from ENSG00000168828_OR13J1.fasta
Mellivora_capensis removed from ENSG00000168828_OR13J1.fasta
Bassariscus_sumichrasti removed from ENSG00000168828_OR13J1.fasta
Phoca_vitulina removed from ENSG00000168828_OR13J1.fasta
Puma_concolor removed from ENSG00000169032_MAP2K1.fasta
Bassariscus_sumichrasti removed from ENSG00000169032_MAP2K1.fasta
Mellivora_capensis removed from ENSG00000169032_MAP2K1.fasta
Lycaon_pictus removed from ENSG00000169131_ZNF354A.fasta
Acinonyx_jubatus removed from ENSG00000169169_CPT1C.fasta
Prionailurus_bengalensis removed from ENSG00000169181_GSG1L.fasta
Bassariscus_sumichrasti removed from ENSG00000169214_OR6F1.fasta
Otocyon_megalotis removed from ENSG00000169359_SLC33A1.fasta
Nasua_narica removed from ENSG00000169379_ARL13B.fasta
Neovison_vison removed from ENSG00000169379_ARL13B.fasta
Gulo_gulo removed from ENSG00000169379_ARL13B.fasta
Eumetopias_jubatus removed from ENSG00000169413_RNASE6.fasta
Neomonachus_schauinslandi removed from ENSG00000169413_RNASE6.fasta
Ursus_maritimus removed from ENSG00000169413_RNASE6.fasta
Ailurus_fulgens removed from ENSG00000169413_RNASE6.fasta
Manis_javanica removed from ENSG00000169689_CENPX.fasta
Otocyon_megalotis removed from ENSG00000169860_P2RY1.fasta
Bassariscus_sumichrasti removed from ENSG00000170145_SIK2.fasta
Helogale_parvula removed from ENSG00000170145_SIK2.fasta
Leptonychotes_weddellii removed from ENSG00000170315_UBB.fasta
Manis_javanica removed from ENSG00000170315_UBB.fasta
Neofelis_nebulosa removed from ENSG00000170315_UBB.fasta
Canis_familiaris removed from ENSG00000170315_UBB.fasta
Felis_catus removed from ENSG00000170315_UBB.fasta
Neomonachus_schauinslandi removed from ENSG00000170315_UBB.fasta
Eumetopias_jubatus removed from ENSG00000170315_UBB.fasta
Nasua_narica removed from ENSG00000170439_METTL7B.fasta
Panthera_onca removed from ENSG00000170454_KRT75.fasta
Mirounga_angustirostris removed from ENSG00000170484_KRT74.fasta
Mirounga_angustirostris removed from ENSG00000170509_HSD17B13.fasta
Leptonychotes_weddellii removed from ENSG00000170509_HSD17B13.fasta
Cryptoprocta_ferox removed from ENSG00000170509_HSD17B13.fasta
Mungos_mungo removed from ENSG00000170509_HSD17B13.fasta
Taxidea_taxus removed from ENSG00000170509_HSD17B13.fasta
Felis_catus removed from ENSG00000170855_TRIAP1.fasta
Gulo_gulo removed from ENSG00000171121_KCNMB3.fasta
Odobenus_rosmarus removed from ENSG00000171121_KCNMB3.fasta
Phoca_vitulina removed from ENSG00000171121_KCNMB3.fasta
Leptonychotes_weddellii removed from ENSG00000171121_KCNMB3.fasta
Ursus_maritimus removed from ENSG00000171222_SCAND1.fasta
Panthera_onca removed from ENSG00000171421_MRPL36.fasta
Panthera_onca removed from ENSG00000171496_OR1L8.fasta
Bassariscus_sumichrasti removed from ENSG00000171496_OR1L8.fasta
Nasua_narica removed from ENSG00000171496_OR1L8.fasta
Neomonachus_schauinslandi removed from ENSG00000171530_TBCA.fasta
Taxidea_taxus removed from ENSG00000172037_LAMB2.fasta
Zalophus_californianus removed from ENSG00000172199_OR8U1.fasta
Bassariscus_sumichrasti removed from ENSG00000172199_OR8U1.fasta
Prionailurus_bengalensis removed from ENSG00000172199_OR8U1.fasta
Neofelis_nebulosa removed from ENSG00000172199_OR8U1.fasta
Potos_flavus removed from ENSG00000172199_OR8U1.fasta
Spilogale_gracilis removed from ENSG00000172809_RPL38.fasta
Gulo_gulo removed from ENSG00000173083_HPSE.fasta
Arctocephalus_gazella removed from ENSG00000173275_ZNF449.fasta
Felis_catus removed from ENSG00000173409_ARV1.fasta
Lycaon_pictus removed from ENSG00000174004_NRROS.fasta
Canis_familiaris removed from ENSG00000174004_NRROS.fasta
Otocyon_megalotis removed from ENSG00000174004_NRROS.fasta
Otocyon_megalotis removed from ENSG00000174136_RGMB.fasta
Vulpes_vulpes removed from ENSG00000174136_RGMB.fasta
Canis_familiaris removed from ENSG00000174136_RGMB.fasta
Gulo_gulo removed from ENSG00000174417_TRHR.fasta
Canis_familiaris removed from ENSG00000174599_TRAM1L1.fasta
Arctocephalus_gazella removed from ENSG00000175130_MARCKSL1.fasta
Leptonychotes_weddellii removed from ENSG00000175155_YPEL2.fasta
Ursus_maritimus removed from ENSG00000175155_YPEL2.fasta
Acinonyx_jubatus removed from ENSG00000175352_NRIP3.fasta
Bassariscus_sumichrasti removed from ENSG00000175352_NRIP3.fasta
Ailurus_fulgens removed from ENSG00000175352_NRIP3.fasta
Felis_catus removed from ENSG00000175390_EIF3F.fasta
Panthera_leo removed from ENSG00000175520_UBQLN3.fasta
Ursus_maritimus removed from ENSG00000175591_P2RY2.fasta
Panthera_tigris removed from ENSG00000175591_P2RY2.fasta
Puma_concolor removed from ENSG00000175591_P2RY2.fasta
Bassariscus_sumichrasti removed from ENSG00000175766_EIF4E1B.fasta
Leptonychotes_weddellii removed from ENSG00000175766_EIF4E1B.fasta
Bassariscus_sumichrasti removed from ENSG00000175806_MSRA.fasta
Phoca_vitulina removed from ENSG00000176171_BNIP3.fasta
Taxidea_taxus removed from ENSG00000176371_ZSCAN2.fasta
Spilogale_gracilis removed from ENSG00000176371_ZSCAN2.fasta
Panthera_onca removed from ENSG00000176371_ZSCAN2.fasta
Potos_flavus removed from ENSG00000176540_OR4C5.fasta
Lynx_pardinus removed from ENSG00000176540_OR4C5.fasta
Crocuta_Crocuta removed from ENSG00000176774_MAGEB18.fasta
Otocyon_megalotis removed from ENSG00000176788_BASP1.fasta
Canis_familiaris removed from ENSG00000176788_BASP1.fasta
Mellivora_capensis removed from ENSG00000176900_OR51T1.fasta
Bassariscus_sumichrasti removed from ENSG00000176900_OR51T1.fasta
Nasua_narica removed from ENSG00000176900_OR51T1.fasta
Spilogale_gracilis removed from ENSG00000176900_OR51T1.fasta
Prionailurus_bengalensis removed from ENSG00000176900_OR51T1.fasta
Lynx_pardinus removed from ENSG00000176903_PNMA1.fasta
Crocuta_Crocuta removed from ENSG00000176925_OR51F2.fasta
Lutra_lutra removed from ENSG00000177105_RHOG.fasta
Mellivora_capensis removed from ENSG00000177105_RHOG.fasta
Pteronura_brasiliensis removed from ENSG00000177105_RHOG.fasta
Leptonychotes_weddellii removed from ENSG00000177565_TBL1XR1.fasta
Taxidea_taxus removed from ENSG00000177565_TBL1XR1.fasta
Hyaena_hyaena removed from ENSG00000177565_TBL1XR1.fasta
Canis_familiaris removed from ENSG00000177613_CSTF2T.fasta
Callorhinus_ursinus removed from ENSG00000177932_ZNF354C.fasta
Ursus_maritimus removed from ENSG00000177954_RPS27.fasta
Potos_flavus removed from ENSG00000178177_LCORL.fasta
Acinonyx_jubatus removed from ENSG00000178177_LCORL.fasta
Lutra_lutra removed from ENSG00000178177_LCORL.fasta
Mirounga_angustirostris removed from ENSG00000178177_LCORL.fasta
Neofelis_nebulosa removed from ENSG00000178177_LCORL.fasta
Manis_javanica removed from ENSG00000178177_LCORL.fasta
Panthera_leo removed from ENSG00000178338_ZNF354B.fasta
Vulpes_vulpes removed from ENSG00000178338_ZNF354B.fasta
Panthera_pardus removed from ENSG00000178591_DEFB125.fasta
Mirounga_angustirostris removed from ENSG00000178623_GPR35.fasta
Prionailurus_bengalensis removed from ENSG00000178623_GPR35.fasta
Neomonachus_schauinslandi removed from ENSG00000178623_GPR35.fasta
Phoca_vitulina removed from ENSG00000178623_GPR35.fasta
Ursus_maritimus removed from ENSG00000178623_GPR35.fasta
Arctocephalus_gazella removed from ENSG00000178623_GPR35.fasta
Suricata_suricatta removed from ENSG00000178623_GPR35.fasta
Crocuta_Crocuta removed from ENSG00000178623_GPR35.fasta
Arctocephalus_gazella removed from ENSG00000178913_TAF7.fasta
Panthera_tigris removed from ENSG00000179023_KLHDC7A.fasta
Acinonyx_jubatus removed from ENSG00000179023_KLHDC7A.fasta
Arctocephalus_gazella removed from ENSG00000179023_KLHDC7A.fasta
Prionailurus_bengalensis removed from ENSG00000179195_ZNF664.fasta
Puma_concolor removed from ENSG00000179292_TMEM151A.fasta
Manis_javanica removed from ENSG00000179295_PTPN11.fasta
Neovison_vison removed from ENSG00000179673_RPRML.fasta
Mungos_mungo removed from ENSG00000179673_RPRML.fasta
Suricata_suricatta removed from ENSG00000179673_RPRML.fasta
Spilogale_gracilis removed from ENSG00000179673_RPRML.fasta
Ailurus_fulgens removed from ENSG00000179965_ZNF771.fasta
Paradoxurus_hermaphroditus removed from ENSG00000179965_ZNF771.fasta
Proteles_cristatus removed from ENSG00000180776_ZDHHC20.fasta
Helogale_parvula removed from ENSG00000180776_ZDHHC20.fasta
Enhydra_lutris removed from ENSG00000180957_PITPNB.fasta
Cryptoprocta_ferox removed from ENSG00000180974_OR52E4.fasta
Prionailurus_bengalensis removed from ENSG00000181007_ZFP82.fasta
Vulpes_vulpes removed from ENSG00000181751_C5orf30.fasta
Ursus_thibetanus removed from ENSG00000181894_ZNF329.fasta
Hyaena_hyaena removed from ENSG00000181894_ZNF329.fasta
Ursus_arctos removed from ENSG00000181927_OR4P4.fasta
Acinonyx_jubatus removed from ENSG00000182195_LDOC1.fasta
Felis_catus removed from ENSG00000182247_UBE2E2.fasta
Vulpes_vulpes removed from ENSG00000182255_KCNA4.fasta
Otocyon_megalotis removed from ENSG00000182255_KCNA4.fasta
Canis_familiaris removed from ENSG00000182255_KCNA4.fasta
Lycaon_pictus removed from ENSG00000182255_KCNA4.fasta
Lycaon_pictus removed from ENSG00000182263_FIGN.fasta
Canis_familiaris removed from ENSG00000182263_FIGN.fasta
Procyon_lotor removed from ENSG00000182521_TBPL2.fasta
Gulo_gulo removed from ENSG00000182831_C16orf72.fasta
Lynx_pardinus removed from ENSG00000182831_C16orf72.fasta
Taxidea_taxus removed from ENSG00000182831_C16orf72.fasta
Pteronura_brasiliensis removed from ENSG00000182902_SLC25A18.fasta
Ailuropoda_melanoleuca removed from ENSG00000182944_EWSR1.fasta
Vulpes_vulpes removed from ENSG00000183309_ZNF623.fasta
Phoca_vitulina removed from ENSG00000183309_ZNF623.fasta
Acinonyx_jubatus removed from ENSG00000183479_TREX2.fasta
Ursus_maritimus removed from ENSG00000183479_TREX2.fasta
Gulo_gulo removed from ENSG00000183625_CCR3.fasta
Neomonachus_schauinslandi removed from ENSG00000183662_FAM19A1.fasta
Panthera_onca removed from ENSG00000183726_TMEM50A.fasta
Acinonyx_jubatus removed from ENSG00000183729_NPBWR1.fasta
Panthera_tigris removed from ENSG00000183729_NPBWR1.fasta
Vulpes_vulpes removed from ENSG00000183783_KCTD8.fasta
Taxidea_taxus removed from ENSG00000183918_SH2D1A.fasta
Neofelis_nebulosa removed from ENSG00000183918_SH2D1A.fasta
Panthera_tigris removed from ENSG00000184207_PGP.fasta
Puma_concolor removed from ENSG00000184207_PGP.fasta
Arctocephalus_gazella removed from ENSG00000184226_PCDH9.fasta
Suricata_suricatta removed from ENSG00000184321_OR51J1.fasta
Panthera_onca removed from ENSG00000184321_OR51J1.fasta
Nasua_narica removed from ENSG00000184394_OR4N5.fasta
Suricata_suricatta removed from ENSG00000184394_OR4N5.fasta
Mirounga_angustirostris removed from ENSG00000184394_OR4N5.fasta
Prionailurus_bengalensis removed from ENSG00000184517_ZFP1.fasta
Taxidea_taxus removed from ENSG00000184672_RALYL.fasta
Canis_familiaris removed from ENSG00000184719_RNLS.fasta
Neofelis_nebulosa removed from ENSG00000185105_MYADML2.fasta
Acinonyx_jubatus removed from ENSG00000185105_MYADML2.fasta
Lycaon_pictus removed from ENSG00000185112_FAM43A.fasta
Vulpes_vulpes removed from ENSG00000185271_KLHL33.fasta
Canis_familiaris removed from ENSG00000185271_KLHL33.fasta
Otocyon_megalotis removed from ENSG00000185271_KLHL33.fasta
Cryptoprocta_ferox removed from ENSG00000185272_RBM11.fasta
Gulo_gulo removed from ENSG00000185272_RBM11.fasta
Nasua_narica removed from ENSG00000185272_RBM11.fasta
Gulo_gulo removed from ENSG00000185324_CDK10.fasta
Arctocephalus_gazella removed from ENSG00000185324_CDK10.fasta
Paradoxurus_hermaphroditus removed from ENSG00000185324_CDK10.fasta
Taxidea_taxus removed from ENSG00000185352_HS6ST3.fasta
Cryptoprocta_ferox removed from ENSG00000185467_KPNA7.fasta
Ursus_maritimus removed from ENSG00000185467_KPNA7.fasta
Suricata_suricatta removed from ENSG00000185621_LMLN.fasta
Procyon_lotor removed from ENSG00000185621_LMLN.fasta
Proteles_septentrionalis removed from ENSG00000185621_LMLN.fasta
Phoca_vitulina removed from ENSG00000185621_LMLN.fasta
Suricata_suricatta removed from ENSG00000185668_POU3F1.fasta
Panthera_tigris removed from ENSG00000185800_DMWD.fasta
Hyaena_hyaena removed from ENSG00000185958_FAM186A.fasta
Crocuta_Crocuta removed from ENSG00000185958_FAM186A.fasta
Ursus_maritimus removed from ENSG00000185982_DEFB128.fasta
Otocyon_megalotis removed from ENSG00000186001_LRCH3.fasta
Ursus_thibetanus removed from ENSG00000186001_LRCH3.fasta
Taxidea_taxus removed from ENSG00000186001_LRCH3.fasta
Cryptoprocta_ferox removed from ENSG00000186001_LRCH3.fasta
Gulo_gulo removed from ENSG00000186446_ZNF501.fasta
Pteronura_brasiliensis removed from ENSG00000186446_ZNF501.fasta
Lynx_pardinus removed from ENSG00000186529_CYP4F3.fasta
Ursus_arctos removed from ENSG00000186812_ZNF397.fasta
Arctocephalus_gazella removed from ENSG00000187021_PNLIPRP1.fasta
Leptonychotes_weddellii removed from ENSG00000187054_TMPRSS11A.fasta
Acinonyx_jubatus removed from ENSG00000187672_ERC2.fasta
Puma_concolor removed from ENSG00000187840_EIF4EBP1.fasta
Callorhinus_ursinus removed from ENSG00000187918_OR51I2.fasta
Panthera_onca removed from ENSG00000188334_BSPH1.fasta
Leptonychotes_weddellii removed from ENSG00000188559_RALGAPA2.fasta
Potos_flavus removed from ENSG00000188559_RALGAPA2.fasta
Manis_javanica removed from ENSG00000188771_PLET1.fasta
Mungos_mungo removed from ENSG00000188833_ENTPD8.fasta
Procyon_lotor removed from ENSG00000188833_ENTPD8.fasta
Callorhinus_ursinus removed from ENSG00000196150_ZNF250.fasta
Panthera_leo removed from ENSG00000196150_ZNF250.fasta
Spilogale_gracilis removed from ENSG00000196150_ZNF250.fasta
Hyaena_hyaena removed from ENSG00000196150_ZNF250.fasta
Suricata_suricatta removed from ENSG00000196150_ZNF250.fasta
Prionailurus_bengalensis removed from ENSG00000196150_ZNF250.fasta
Ursus_thibetanus removed from ENSG00000196171_OR6K2.fasta
Pteronura_brasiliensis removed from ENSG00000196228_SULT1C3.fasta
Cryptoprocta_ferox removed from ENSG00000196228_SULT1C3.fasta
Helogale_parvula removed from ENSG00000196228_SULT1C3.fasta
Mellivora_capensis removed from ENSG00000196248_OR10S1.fasta
Ursus_americanus removed from ENSG00000196405_EVL.fasta
Mellivora_capensis removed from ENSG00000196458_ZNF605.fasta
Ailurus_fulgens removed from ENSG00000196914_ARHGEF12.fasta
Mirounga_angustirostris removed from ENSG00000197309_OR10D3.fasta
Bassariscus_sumichrasti removed from ENSG00000197309_OR10D3.fasta
Ailurus_fulgens removed from ENSG00000197309_OR10D3.fasta
Mungos_mungo removed from ENSG00000197309_OR10D3.fasta
Ursus_thibetanus removed from ENSG00000197309_OR10D3.fasta
Leptonychotes_weddellii removed from ENSG00000197309_OR10D3.fasta
Phoca_vitulina removed from ENSG00000197309_OR10D3.fasta
Neomonachus_schauinslandi removed from ENSG00000197309_OR10D3.fasta
Neovison_vison removed from ENSG00000197323_TRIM33.fasta
Procyon_lotor removed from ENSG00000197323_TRIM33.fasta
Helogale_parvula removed from ENSG00000197576_HOXA4.fasta
Neomonachus_schauinslandi removed from ENSG00000197601_FAR1.fasta
Neomonachus_schauinslandi removed from ENSG00000197724_PHF2.fasta
Paradoxurus_hermaphroditus removed from ENSG00000197724_PHF2.fasta
Taxidea_taxus removed from ENSG00000197724_PHF2.fasta
Prionailurus_bengalensis removed from ENSG00000197728_RPS26.fasta
Felis_catus removed from ENSG00000197728_RPS26.fasta
Nasua_narica removed from ENSG00000197790_OR52M1.fasta
Gulo_gulo removed from ENSG00000197790_OR52M1.fasta
Vulpes_vulpes removed from ENSG00000197790_OR52M1.fasta
Otocyon_megalotis removed from ENSG00000197790_OR52M1.fasta
Ursus_americanus removed from ENSG00000197790_OR52M1.fasta
Neovison_vison removed from ENSG00000197790_OR52M1.fasta
Odobenus_rosmarus removed from ENSG00000197790_OR52M1.fasta
Zalophus_californianus removed from ENSG00000197893_NRAP.fasta
Spilogale_gracilis removed from ENSG00000197893_NRAP.fasta
Cryptoprocta_ferox removed from ENSG00000197893_NRAP.fasta
Puma_concolor removed from ENSG00000197893_NRAP.fasta
Mellivora_capensis removed from ENSG00000197893_NRAP.fasta
Bassariscus_sumichrasti removed from ENSG00000198018_ENTPD7.fasta
Spilogale_gracilis removed from ENSG00000198018_ENTPD7.fasta
Paradoxurus_hermaphroditus removed from ENSG00000198018_ENTPD7.fasta
Arctocephalus_gazella removed from ENSG00000198018_ENTPD7.fasta
Helogale_parvula removed from ENSG00000198060_MARCH5.fasta
Mungos_mungo removed from ENSG00000198060_MARCH5.fasta
Bassariscus_sumichrasti removed from ENSG00000198105_ZNF248.fasta
Prionailurus_bengalensis removed from ENSG00000198105_ZNF248.fasta
Ailuropoda_melanoleuca removed from ENSG00000198301_SDAD1.fasta
Panthera_leo removed from ENSG00000198420_TCAF1.fasta
Neofelis_nebulosa removed from ENSG00000198440_ZNF583.fasta
Arctocephalus_gazella removed from ENSG00000198467_TPM2.fasta
Gulo_gulo removed from ENSG00000198515_CNGA1.fasta
Arctocephalus_gazella removed from ENSG00000198515_CNGA1.fasta
Arctocephalus_gazella removed from ENSG00000198742_SMURF1.fasta
Leptonychotes_weddellii removed from ENSG00000198742_SMURF1.fasta
Arctocephalus_gazella removed from ENSG00000198925_ATG9A.fasta
Ursus_maritimus removed from ENSG00000204103_MAFB.fasta
Arctocephalus_gazella removed from ENSG00000204103_MAFB.fasta
Panthera_leo removed from ENSG00000204256_BRD2.fasta
Panthera_leo removed from ENSG00000204308_RNF5.fasta
Panthera_onca removed from ENSG00000204308_RNF5.fasta
Prionailurus_bengalensis removed from ENSG00000204308_RNF5.fasta
Helogale_parvula removed from ENSG00000204308_RNF5.fasta
Paradoxurus_hermaphroditus removed from ENSG00000204308_RNF5.fasta
Odobenus_rosmarus removed from ENSG00000204310_AGPAT1.fasta
Leptonychotes_weddellii removed from ENSG00000204519_ZNF551.fasta
Lutra_lutra removed from ENSG00000204583_LRCOL1.fasta
Hyaena_hyaena removed from ENSG00000204583_LRCOL1.fasta
Proteles_cristatus removed from ENSG00000204583_LRCOL1.fasta
Proteles_septentrionalis removed from ENSG00000204583_LRCOL1.fasta
Paradoxurus_hermaphroditus removed from ENSG00000204583_LRCOL1.fasta
Panthera_pardus removed from ENSG00000204583_LRCOL1.fasta
Gulo_gulo removed from ENSG00000205250_E2F4.fasta
Lycaon_pictus removed from ENSG00000205669_ACOT6.fasta
Prionailurus_bengalensis removed from ENSG00000205669_ACOT6.fasta
Lynx_pardinus removed from ENSG00000205669_ACOT6.fasta
Bassariscus_sumichrasti removed from ENSG00000205669_ACOT6.fasta
Neovison_vison removed from ENSG00000205669_ACOT6.fasta
Spilogale_gracilis removed from ENSG00000205669_ACOT6.fasta
Ailurus_fulgens removed from ENSG00000205903_ZNF316.fasta
Cryptoprocta_ferox removed from ENSG00000206474_OR10C1.fasta
Gulo_gulo removed from ENSG00000212901_KRTAP3-1.fasta
Mungos_mungo removed from ENSG00000213064_SFT2D2.fasta
Mellivora_capensis removed from ENSG00000213064_SFT2D2.fasta
Lutra_lutra removed from ENSG00000213064_SFT2D2.fasta
Neomonachus_schauinslandi removed from ENSG00000213203_GIMAP1.fasta
Ailuropoda_melanoleuca removed from ENSG00000213203_GIMAP1.fasta
Pteronura_brasiliensis removed from ENSG00000214113_LYRM4.fasta
Lycaon_pictus removed from ENSG00000214113_LYRM4.fasta
Crocuta_Crocuta removed from ENSG00000214814_FER1L6.fasta
Panthera_leo removed from ENSG00000214814_FER1L6.fasta
Spilogale_gracilis removed from ENSG00000214814_FER1L6.fasta
Ailurus_fulgens removed from ENSG00000214814_FER1L6.fasta
Suricata_suricatta removed from ENSG00000214814_FER1L6.fasta
Paradoxurus_hermaphroditus removed from ENSG00000214814_FER1L6.fasta
Arctocephalus_gazella removed from ENSG00000215021_PHB2.fasta
Neovison_vison removed from ENSG00000221858_OR2A12.fasta
Ursus_arctos removed from ENSG00000221858_OR2A12.fasta
Arctocephalus_gazella removed from ENSG00000231213_PLSCR5.fasta
Prionailurus_bengalensis removed from ENSG00000231213_PLSCR5.fasta
Manis_javanica removed from ENSG00000236320_SLFN14.fasta
Panthera_onca removed from ENSG00000236320_SLFN14.fasta
Suricata_suricatta removed from ENSG00000237330_RNF223.fasta
Panthera_tigris removed from ENSG00000237330_RNF223.fasta
Acinonyx_jubatus removed from ENSG00000237330_RNF223.fasta
Ailurus_fulgens removed from ENSG00000237330_RNF223.fasta
Bassariscus_sumichrasti removed from ENSG00000239282_CASTOR1.fasta
Bassariscus_sumichrasti removed from ENSG00000240303_ACAD11.fasta
Arctocephalus_gazella removed from ENSG00000240764_PCDHGC5.fasta
Prionailurus_bengalensis removed from ENSG00000241106_HLA-DOB.fasta
Lynx_pardinus removed from ENSG00000241106_HLA-DOB.fasta
Arctocephalus_gazella removed from ENSG00000241106_HLA-DOB.fasta
Vulpes_vulpes removed from ENSG00000244617_ASPRV1.fasta
Canis_familiaris removed from ENSG00000244617_ASPRV1.fasta
Taxidea_taxus removed from ENSG00000249242_TMEM150C.fasta
Leptonychotes_weddellii removed from ENSG00000250799_PRODH2.fasta
Otocyon_megalotis removed from ENSG00000253719_ATXN7L3B.fasta
Panthera_onca removed from ENSG00000254004_ZNF260.fasta
Ailurus_fulgens removed from ENSG00000256463_SALL3.fasta
Ailuropoda_melanoleuca removed from ENSG00000257103_LSM14A.fasta
Eumetopias_jubatus removed from ENSG00000276950_GSTTP1.fasta
Lynx_pardinus removed from ENSG00000276950_GSTTP1.fasta
Manis_javanica removed from ENSG00000276950_GSTTP1.fasta
Arctocephalus_gazella removed from ENSG00000276950_GSTTP1.fasta
Arctocephalus_gazella removed from ENSG00000277258_PCGF2.fasta
Gulo_gulo removed from ENSG00000277258_PCGF2.fasta
Procyon_lotor removed from ENSG00000277258_PCGF2.fasta
Odobenus_rosmarus removed from ENSG00000277932_OR52E5.fasta
Phoca_vitulina removed from ENSG00000280090_OR8B4.fasta
Everything is done - 2022-02-10 15:03:22
