# 
# -- Phylter v. 0.9 -- 
# Thu Feb 10 15:03:10 2022
# 
# 
# 
# PARAMETERS
# 
# bvalue=0
# distance=patristic
# k=3
# Norm=TRUE
# test.island=TRUE
# verbose=TRUE
# stop.criteria=1e-05
# 
# SUMMARY
# 
# Total number of outliers detected: 1162
# Number of complete gene outliers : 0
# Number of complete species outliers : 0
# Initial score of the compromise: 0.784132117504409
# Final score of the compromise: 0.806179556422178
# Gain: 2.2% 
# Loss (data filtering): 0.18% 
# 
# OUTLIERS (contains complete outliers)
# 
# Genes	Species
ENSG00000000003_TSPAN6	Callorhinus_ursinus
ENSG00000005243_COPZ2	Procyon_lotor
ENSG00000005381_MPO	Ursus_maritimus
ENSG00000005381_MPO	Ailurus_fulgens
ENSG00000005882_PDK2	Paradoxurus_hermaphroditus
ENSG00000005882_PDK2	Nasua_narica
ENSG00000010295_IFFO1	Crocuta_Crocuta
ENSG00000010295_IFFO1	Panthera_tigris
ENSG00000010295_IFFO1	Puma_concolor
ENSG00000011454_RABGAP1	Manis_javanica
ENSG00000011454_RABGAP1	Cryptoprocta_ferox
ENSG00000011454_RABGAP1	Helogale_parvula
ENSG00000011454_RABGAP1	Prionailurus_bengalensis
ENSG00000011454_RABGAP1	Taxidea_taxus
ENSG00000011454_RABGAP1	Ursus_arctos
ENSG00000011454_RABGAP1	Leptonychotes_weddellii
ENSG00000012504_NR1H4	Leptonychotes_weddellii
ENSG00000021645_NRXN3	Panthera_tigris
ENSG00000023445_BIRC3	Panthera_onca
ENSG00000023445_BIRC3	Ursus_arctos
ENSG00000023839_ABCC2	Potos_flavus
ENSG00000033100_CHPF2	Taxidea_taxus
ENSG00000034239_EFCAB1	Ursus_americanus
ENSG00000034239_EFCAB1	Arctocephalus_gazella
ENSG00000039987_BEST2	Puma_concolor
ENSG00000042813_ZPBP	Suricata_suricatta
ENSG00000042813_ZPBP	Mungos_mungo
ENSG00000042813_ZPBP	Prionailurus_bengalensis
ENSG00000042813_ZPBP	Panthera_onca
ENSG00000042813_ZPBP	Mellivora_capensis
ENSG00000042813_ZPBP	Pteronura_brasiliensis
ENSG00000043355_ZIC2	Panthera_tigris
ENSG00000043355_ZIC2	Ursus_maritimus
ENSG00000048392_RRM2B	Paradoxurus_hermaphroditus
ENSG00000048392_RRM2B	Neovison_vison
ENSG00000048392_RRM2B	Pteronura_brasiliensis
ENSG00000048392_RRM2B	Lutra_lutra
ENSG00000048392_RRM2B	Ursus_americanus
ENSG00000048392_RRM2B	Bassariscus_sumichrasti
ENSG00000048545_GUCA1A	Lynx_pardinus
ENSG00000048545_GUCA1A	Panthera_tigris
ENSG00000048545_GUCA1A	Acinonyx_jubatus
ENSG00000048828_FAM120A	Bassariscus_sumichrasti
ENSG00000048828_FAM120A	Panthera_leo
ENSG00000048828_FAM120A	Ursus_americanus
ENSG00000048828_FAM120A	Spilogale_gracilis
ENSG00000049860_HEXB	Suricata_suricatta
ENSG00000049860_HEXB	Neofelis_nebulosa
ENSG00000049860_HEXB	Taxidea_taxus
ENSG00000049860_HEXB	Arctocephalus_gazella
ENSG00000055732_MCOLN3	Neofelis_nebulosa
ENSG00000055813_CCDC85A	Taxidea_taxus
ENSG00000059377_TBXAS1	Mellivora_capensis
ENSG00000059377_TBXAS1	Helogale_parvula
ENSG00000059377_TBXAS1	Pteronura_brasiliensis
ENSG00000059377_TBXAS1	Procyon_lotor
ENSG00000060138_YBX3	Bassariscus_sumichrasti
ENSG00000060138_YBX3	Arctocephalus_gazella
ENSG00000061918_GUCY1B3	Bassariscus_sumichrasti
ENSG00000061918_GUCY1B3	Arctocephalus_gazella
ENSG00000063177_RPL18	Felis_catus
ENSG00000063438_AHRR	Lycaon_pictus
ENSG00000063438_AHRR	Otocyon_megalotis
ENSG00000063438_AHRR	Phoca_vitulina
ENSG00000063587_ZNF275	Panthera_leo
ENSG00000065150_IPO5	Taxidea_taxus
ENSG00000065150_IPO5	Ursus_americanus
ENSG00000066735_KIF26A	Nasua_narica
ENSG00000067064_IDI1	Neovison_vison
ENSG00000067064_IDI1	Enhydra_lutris
ENSG00000067715_SYT1	Felis_catus
ENSG00000067715_SYT1	Panthera_pardus
ENSG00000067715_SYT1	Acinonyx_jubatus
ENSG00000067715_SYT1	Mustela_putorius
ENSG00000067715_SYT1	Enhydra_lutris
ENSG00000069275_NUCKS1	Felis_catus
ENSG00000070081_NUCB2	Ursus_americanus
ENSG00000073050_XRCC1	Procyon_lotor
ENSG00000073050_XRCC1	Phoca_vitulina
ENSG00000073050_XRCC1	Hyaena_hyaena
ENSG00000073050_XRCC1	Nasua_narica
ENSG00000075785_RAB7A	Hyaena_hyaena
ENSG00000076685_NT5C2	Panthera_onca
ENSG00000078399_HOXA9	Potos_flavus
ENSG00000078399_HOXA9	Prionailurus_bengalensis
ENSG00000078399_HOXA9	Gulo_gulo
ENSG00000078399_HOXA9	Lutra_lutra
ENSG00000079313_REXO1	Panthera_tigris
ENSG00000079313_REXO1	Acinonyx_jubatus
ENSG00000079950_STX7	Taxidea_taxus
ENSG00000083123_BCKDHB	Mellivora_capensis
ENSG00000083123_BCKDHB	Spilogale_gracilis
ENSG00000083123_BCKDHB	Cryptoprocta_ferox
ENSG00000084764_MAPRE3	Lynx_pardinus
ENSG00000084764_MAPRE3	Panthera_tigris
ENSG00000085377_PREP	Bassariscus_sumichrasti
ENSG00000085465_OVGP1	Panthera_pardus
ENSG00000085872_CHERP	Ailuropoda_melanoleuca
ENSG00000086475_SEPHS1	Procyon_lotor
ENSG00000086475_SEPHS1	Eumetopias_jubatus
ENSG00000088543_C3orf18	Taxidea_taxus
ENSG00000088543_C3orf18	Procyon_lotor
ENSG00000089006_SNX5	Gulo_gulo
ENSG00000089006_SNX5	Arctocephalus_gazella
ENSG00000089169_RPH3A	Paradoxurus_hermaphroditus
ENSG00000089505_CMTM1	Panthera_pardus
ENSG00000090316_MAEA	Panthera_tigris
ENSG00000090621_PABPC4	Spilogale_gracilis
ENSG00000090621_PABPC4	Arctocephalus_gazella
ENSG00000092607_TBX15	Gulo_gulo
ENSG00000096088_PGC	Lynx_pardinus
ENSG00000096088_PGC	Gulo_gulo
ENSG00000096088_PGC	Ursus_americanus
ENSG00000099622_CIRBP	Enhydra_lutris
ENSG00000099622_CIRBP	Gulo_gulo
ENSG00000099622_CIRBP	Neovison_vison
ENSG00000099622_CIRBP	Lycaon_pictus
ENSG00000099783_HNRNPM	Gulo_gulo
ENSG00000099864_PALM	Ursus_maritimus
ENSG00000099864_PALM	Spilogale_gracilis
ENSG00000099889_ARVCF	Taxidea_taxus
ENSG00000099889_ARVCF	Arctocephalus_gazella
ENSG00000100012_SEC14L3	Proteles_septentrionalis
ENSG00000100012_SEC14L3	Gulo_gulo
ENSG00000100139_MICALL1	Bassariscus_sumichrasti
ENSG00000100321_SYNGR1	Paradoxurus_hermaphroditus
ENSG00000101144_BMP7	Taxidea_taxus
ENSG00000101180_HRH3	Acinonyx_jubatus
ENSG00000101198_NKAIN4	Panthera_pardus
ENSG00000101198_NKAIN4	Gulo_gulo
ENSG00000101198_NKAIN4	Enhydra_lutris
ENSG00000101198_NKAIN4	Ursus_maritimus
ENSG00000101198_NKAIN4	Odobenus_rosmarus
ENSG00000101421_CHMP4B	Taxidea_taxus
ENSG00000101888_NXT2	Lynx_pardinus
ENSG00000101888_NXT2	Panthera_tigris
ENSG00000101888_NXT2	Gulo_gulo
ENSG00000101945_SUV39H1	Proteles_cristatus
ENSG00000101945_SUV39H1	Ursus_maritimus
ENSG00000101945_SUV39H1	Arctocephalus_gazella
ENSG00000102054_RBBP7	Pteronura_brasiliensis
ENSG00000102710_SUPT20H	Taxidea_taxus
ENSG00000102710_SUPT20H	Ursus_americanus
ENSG00000102710_SUPT20H	Arctocephalus_gazella
ENSG00000102891_MT4	Panthera_tigris
ENSG00000103024_NME3	Crocuta_Crocuta
ENSG00000103024_NME3	Lynx_pardinus
ENSG00000103024_NME3	Panthera_tigris
ENSG00000103024_NME3	Acinonyx_jubatus
ENSG00000103024_NME3	Ursus_maritimus
ENSG00000103310_ZP2	Taxidea_taxus
ENSG00000103310_ZP2	Procyon_lotor
ENSG00000103310_ZP2	Arctocephalus_gazella
ENSG00000103335_PIEZO1	Ursus_maritimus
ENSG00000103569_AQP9	Procyon_lotor
ENSG00000103569_AQP9	Helogale_parvula
ENSG00000104529_EEF1D	Acinonyx_jubatus
ENSG00000104643_MTMR9	Proteles_cristatus
ENSG00000104643_MTMR9	Potos_flavus
ENSG00000104863_LIN7B	Taxidea_taxus
ENSG00000104863_LIN7B	Neovison_vison
ENSG00000104863_LIN7B	Procyon_lotor
ENSG00000104863_LIN7B	Leptonychotes_weddellii
ENSG00000104879_CKM	Panthera_leo
ENSG00000105679_GAPDHS	Mirounga_angustirostris
ENSG00000105894_PTN	Nasua_narica
ENSG00000105894_PTN	Arctocephalus_gazella
ENSG00000105993_DNAJB6	Odobenus_rosmarus
ENSG00000105993_DNAJB6	Leptonychotes_weddellii
ENSG00000106113_CRHR2	Panthera_onca
ENSG00000106113_CRHR2	Leptonychotes_weddellii
ENSG00000106723_SPIN1	Procyon_lotor
ENSG00000106723_SPIN1	Cryptoprocta_ferox
ENSG00000106723_SPIN1	Arctocephalus_gazella
ENSG00000107372_ZFAND5	Gulo_gulo
ENSG00000107443_CCNJ	Vulpes_vulpes
ENSG00000108100_CCNY	Mellivora_capensis
ENSG00000108100_CCNY	Prionailurus_bengalensis
ENSG00000108100_CCNY	Lutra_lutra
ENSG00000108100_CCNY	Spilogale_gracilis
ENSG00000108175_ZMIZ1	Taxidea_taxus
ENSG00000108179_PPIF	Paradoxurus_hermaphroditus
ENSG00000108179_PPIF	Taxidea_taxus
ENSG00000108312_UBTF	Panthera_onca
ENSG00000109063_MYH3	Gulo_gulo
ENSG00000109184_DCUN1D4	Procyon_lotor
ENSG00000109184_DCUN1D4	Leptonychotes_weddellii
ENSG00000109606_DHX15	Ailurus_fulgens
ENSG00000110171_TRIM3	Gulo_gulo
ENSG00000110318_CEP126	Mustela_putorius
ENSG00000110318_CEP126	Gulo_gulo
ENSG00000110318_CEP126	Enhydra_lutris
ENSG00000110328_GALNT18	Proteles_septentrionalis
ENSG00000110328_GALNT18	Mungos_mungo
ENSG00000110328_GALNT18	Taxidea_taxus
ENSG00000110328_GALNT18	Neovison_vison
ENSG00000110328_GALNT18	Pteronura_brasiliensis
ENSG00000110328_GALNT18	Ursus_americanus
ENSG00000110328_GALNT18	Ailurus_fulgens
ENSG00000110328_GALNT18	Arctocephalus_gazella
ENSG00000110455_ACCS	Helogale_parvula
ENSG00000110455_ACCS	Mellivora_capensis
ENSG00000110693_SOX6	Ursus_arctos
ENSG00000110693_SOX6	Vulpes_vulpes
ENSG00000110693_SOX6	Arctocephalus_gazella
ENSG00000110693_SOX6	Phoca_vitulina
ENSG00000110881_ASIC1	Panthera_pardus
ENSG00000110881_ASIC1	Felis_catus
ENSG00000110881_ASIC1	Acinonyx_jubatus
ENSG00000110881_ASIC1	Enhydra_lutris
ENSG00000110881_ASIC1	Ursus_maritimus
ENSG00000110881_ASIC1	Potos_flavus
ENSG00000110881_ASIC1	Odobenus_rosmarus
ENSG00000110881_ASIC1	Leptonychotes_weddellii
ENSG00000111245_MYL2	Arctocephalus_gazella
ENSG00000111276_CDKN1B	Lynx_pardinus
ENSG00000111344_RASAL1	Crocuta_Crocuta
ENSG00000111344_RASAL1	Helogale_parvula
ENSG00000111344_RASAL1	Paradoxurus_hermaphroditus
ENSG00000111674_ENO2	Leptonychotes_weddellii
ENSG00000111711_GOLT1B	Nasua_narica
ENSG00000111875_ASF1A	Lynx_pardinus
ENSG00000111875_ASF1A	Mungos_mungo
ENSG00000112333_NR2E1	Arctocephalus_gazella
ENSG00000112852_PCDHB2	Suricata_suricatta
ENSG00000114115_RBP1	Ursus_maritimus
ENSG00000114115_RBP1	Taxidea_taxus
ENSG00000114126_TFDP2	Helogale_parvula
ENSG00000114126_TFDP2	Prionailurus_bengalensis
ENSG00000114126_TFDP2	Arctocephalus_gazella
ENSG00000114126_TFDP2	Leptonychotes_weddellii
ENSG00000114279_FGF12	Otocyon_megalotis
ENSG00000114503_NCBP2	Gulo_gulo
ENSG00000114503_NCBP2	Ailuropoda_melanoleuca
ENSG00000114503_NCBP2	Nasua_narica
ENSG00000114686_MRPL3	Taxidea_taxus
ENSG00000114686_MRPL3	Pteronura_brasiliensis
ENSG00000114686_MRPL3	Procyon_lotor
ENSG00000114686_MRPL3	Arctocephalus_gazella
ENSG00000114770_ABCC5	Taxidea_taxus
ENSG00000114770_ABCC5	Ursus_thibetanus
ENSG00000114770_ABCC5	Ailurus_fulgens
ENSG00000114770_ABCC5	Procyon_lotor
ENSG00000114770_ABCC5	Phoca_vitulina
ENSG00000114859_CLCN2	Procyon_lotor
ENSG00000115350_POLE4	Mungos_mungo
ENSG00000115350_POLE4	Ursus_maritimus
ENSG00000115423_DNAH6	Lutra_lutra
ENSG00000115423_DNAH6	Ursus_americanus
ENSG00000115423_DNAH6	Spilogale_gracilis
ENSG00000115594_IL1R1	Neovison_vison
ENSG00000115594_IL1R1	Leptonychotes_weddellii
ENSG00000115616_SLC9A2	Taxidea_taxus
ENSG00000115616_SLC9A2	Potos_flavus
ENSG00000115616_SLC9A2	Neovison_vison
ENSG00000115616_SLC9A2	Ursus_thibetanus
ENSG00000116157_GPX7	Vulpes_vulpes
ENSG00000116981_NT5C1A	Otocyon_megalotis
ENSG00000116983_HPCAL4	Lynx_pardinus
ENSG00000116983_HPCAL4	Puma_concolor
ENSG00000116983_HPCAL4	Lycaon_pictus
ENSG00000117143_UAP1	Arctocephalus_gazella
ENSG00000117143_UAP1	Leptonychotes_weddellii
ENSG00000117394_SLC2A1	Spilogale_gracilis
ENSG00000117479_SLC19A2	Ursus_arctos
ENSG00000117479_SLC19A2	Procyon_lotor
ENSG00000117479_SLC19A2	Otocyon_megalotis
ENSG00000117479_SLC19A2	Mellivora_capensis
ENSG00000117479_SLC19A2	Potos_flavus
ENSG00000118515_SGK1	Arctocephalus_gazella
ENSG00000118689_FOXO3	Manis_javanica
ENSG00000118707_TGIF2	Neofelis_nebulosa
ENSG00000118707_TGIF2	Lutra_lutra
ENSG00000118707_TGIF2	Arctocephalus_gazella
ENSG00000118707_TGIF2	Mirounga_angustirostris
ENSG00000119408_NEK6	Potos_flavus
ENSG00000119514_GALNT12	Manis_javanica
ENSG00000119541_VPS4B	Panthera_onca
ENSG00000119541_VPS4B	Neovison_vison
ENSG00000119541_VPS4B	Mirounga_angustirostris
ENSG00000119707_RBM25	Arctocephalus_gazella
ENSG00000119772_DNMT3A	Gulo_gulo
ENSG00000119888_EPCAM	Ursus_americanus
ENSG00000119888_EPCAM	Procyon_lotor
ENSG00000119888_EPCAM	Vulpes_vulpes
ENSG00000120053_GOT1	Gulo_gulo
ENSG00000120675_DNAJC15	Mellivora_capensis
ENSG00000120675_DNAJC15	Helogale_parvula
ENSG00000120837_NFYB	Felis_catus
ENSG00000122254_HS3ST2	Gulo_gulo
ENSG00000122299_ZC3H7A	Prionailurus_bengalensis
ENSG00000122299_ZC3H7A	Neovison_vison
ENSG00000122299_ZC3H7A	Nasua_narica
ENSG00000122299_ZC3H7A	Arctocephalus_gazella
ENSG00000123146_ADGRE5	Pteronura_brasiliensis
ENSG00000123171_CCDC70	Manis_javanica
ENSG00000123307_NEUROD4	Arctocephalus_gazella
ENSG00000123364_HOXC13	Proteles_septentrionalis
ENSG00000123364_HOXC13	Acinonyx_jubatus
ENSG00000123364_HOXC13	Otocyon_megalotis
ENSG00000123562_MORF4L2	Arctocephalus_gazella
ENSG00000123576_ESX1	Helogale_parvula
ENSG00000123576_ESX1	Lycaon_pictus
ENSG00000123576_ESX1	Otocyon_megalotis
ENSG00000123700_KCNJ2	Gulo_gulo
ENSG00000124356_STAMBP	Ailuropoda_melanoleuca
ENSG00000124449_IRGC	Panthera_tigris
ENSG00000124449_IRGC	Acinonyx_jubatus
ENSG00000125207_PIWIL1	Pteronura_brasiliensis
ENSG00000125207_PIWIL1	Mirounga_angustirostris
ENSG00000125775_SDCBP2	Taxidea_taxus
ENSG00000125775_SDCBP2	Mirounga_angustirostris
ENSG00000125775_SDCBP2	Leptonychotes_weddellii
ENSG00000125779_PANK2	Lutra_lutra
ENSG00000125779_PANK2	Procyon_lotor
ENSG00000125816_NKX2-4	Manis_javanica
ENSG00000125816_NKX2-4	Gulo_gulo
ENSG00000125816_NKX2-4	Ailurus_fulgens
ENSG00000126262_FFAR2	Mustela_putorius
ENSG00000126858_RHOT1	Panthera_onca
ENSG00000127249_ATP13A4	Proteles_cristatus
ENSG00000127249_ATP13A4	Crocuta_Crocuta
ENSG00000127249_ATP13A4	Panthera_onca
ENSG00000127249_ATP13A4	Pteronura_brasiliensis
ENSG00000127249_ATP13A4	Ursus_thibetanus
ENSG00000127249_ATP13A4	Ailurus_fulgens
ENSG00000127252_HRASLS	Neofelis_nebulosa
ENSG00000127252_HRASLS	Puma_concolor
ENSG00000128713_HOXD11	Otocyon_megalotis
ENSG00000129159_KCNC1	Paradoxurus_hermaphroditus
ENSG00000129159_KCNC1	Potos_flavus
ENSG00000129159_KCNC1	Bassariscus_sumichrasti
ENSG00000129250_KIF1C	Puma_concolor
ENSG00000130508_PXDN	Paradoxurus_hermaphroditus
ENSG00000130508_PXDN	Ursus_thibetanus
ENSG00000130508_PXDN	Procyon_lotor
ENSG00000130508_PXDN	Neomonachus_schauinslandi
ENSG00000130816_DNMT1	Canis_familiaris
ENSG00000130822_PNCK	Panthera_tigris
ENSG00000130822_PNCK	Acinonyx_jubatus
ENSG00000130985_UBA1	Ursus_americanus
ENSG00000131051_RBM39	Arctocephalus_gazella
ENSG00000131149_GSE1	Arctocephalus_gazella
ENSG00000131165_CHMP1A	Taxidea_taxus
ENSG00000131471_AOC3	Gulo_gulo
ENSG00000131471_AOC3	Lycaon_pictus
ENSG00000132254_ARFIP2	Arctocephalus_gazella
ENSG00000132329_RAMP1	Cryptoprocta_ferox
ENSG00000132329_RAMP1	Panthera_tigris
ENSG00000132329_RAMP1	Gulo_gulo
ENSG00000132329_RAMP1	Neomonachus_schauinslandi
ENSG00000132330_SCLY	Nasua_narica
ENSG00000132330_SCLY	Cryptoprocta_ferox
ENSG00000132330_SCLY	Helogale_parvula
ENSG00000132330_SCLY	Paradoxurus_hermaphroditus
ENSG00000132330_SCLY	Taxidea_taxus
ENSG00000132466_ANKRD17	Spilogale_gracilis
ENSG00000132466_ANKRD17	Otocyon_megalotis
ENSG00000132466_ANKRD17	Panthera_leo
ENSG00000132466_ANKRD17	Neofelis_nebulosa
ENSG00000132466_ANKRD17	Neovison_vison
ENSG00000132466_ANKRD17	Bassariscus_sumichrasti
ENSG00000132466_ANKRD17	Lycaon_pictus
ENSG00000132478_UNK	Gulo_gulo
ENSG00000132478_UNK	Arctocephalus_gazella
ENSG00000132819_RBM38	Ursus_maritimus
ENSG00000133135_RNF128	Cryptoprocta_ferox
ENSG00000133135_RNF128	Mellivora_capensis
ENSG00000133135_RNF128	Pteronura_brasiliensis
ENSG00000133135_RNF128	Ursus_americanus
ENSG00000133135_RNF128	Procyon_lotor
ENSG00000133135_RNF128	Phoca_vitulina
ENSG00000134240_HMGCS2	Gulo_gulo
ENSG00000134240_HMGCS2	Spilogale_gracilis
ENSG00000134595_SOX3	Panthera_tigris
ENSG00000134684_YARS	Proteles_cristatus
ENSG00000134779_TPGS2	Prionailurus_bengalensis
ENSG00000134824_FADS2	Puma_concolor
ENSG00000134824_FADS2	Gulo_gulo
ENSG00000134909_ARHGAP32	Ailurus_fulgens
ENSG00000134909_ARHGAP32	Arctocephalus_gazella
ENSG00000135220_UGT2A3	Panthera_leo
ENSG00000135547_HEY2	Lycaon_pictus
ENSG00000135569_TAAR5	Taxidea_taxus
ENSG00000135569_TAAR5	Arctocephalus_gazella
ENSG00000135569_TAAR5	Spilogale_gracilis
ENSG00000135569_TAAR5	Callorhinus_ursinus
ENSG00000135569_TAAR5	Mirounga_angustirostris
ENSG00000135569_TAAR5	Leptonychotes_weddellii
ENSG00000135870_RC3H1	Proteles_cristatus
ENSG00000136002_ARHGEF4	Cryptoprocta_ferox
ENSG00000136002_ARHGEF4	Arctocephalus_gazella
ENSG00000136002_ARHGEF4	Mirounga_angustirostris
ENSG00000136240_KDELR2	Lutra_lutra
ENSG00000136240_KDELR2	Procyon_lotor
ENSG00000136240_KDELR2	Leptonychotes_weddellii
ENSG00000136848_DAB2IP	Arctocephalus_gazella
ENSG00000136866_ZFP37	Panthera_onca
ENSG00000136870_ZNF189	Mungos_mungo
ENSG00000136870_ZNF189	Otocyon_megalotis
ENSG00000137124_ALDH1B1	Ursus_thibetanus
ENSG00000137124_ALDH1B1	Phoca_vitulina
ENSG00000137124_ALDH1B1	Mellivora_capensis
ENSG00000137133_HINT2	Ursus_arctos
ENSG00000137133_HINT2	Crocuta_Crocuta
ENSG00000137145_DENND4C	Ursus_arctos
ENSG00000137145_DENND4C	Nasua_narica
ENSG00000137145_DENND4C	Panthera_leo
ENSG00000137145_DENND4C	Neovison_vison
ENSG00000137145_DENND4C	Phoca_vitulina
ENSG00000137338_PGBD1	Neofelis_nebulosa
ENSG00000137338_PGBD1	Potos_flavus
ENSG00000137338_PGBD1	Lycaon_pictus
ENSG00000137338_PGBD1	Leptonychotes_weddellii
ENSG00000137500_CCDC90B	Taxidea_taxus
ENSG00000137500_CCDC90B	Nasua_narica
ENSG00000137522_RNF121	Puma_concolor
ENSG00000137522_RNF121	Nasua_narica
ENSG00000137522_RNF121	Arctocephalus_gazella
ENSG00000137707_BTG4	Gulo_gulo
ENSG00000137707_BTG4	Nasua_narica
ENSG00000137714_FDX1	Manis_javanica
ENSG00000137714_FDX1	Prionailurus_bengalensis
ENSG00000137714_FDX1	Panthera_tigris
ENSG00000137714_FDX1	Mellivora_capensis
ENSG00000137714_FDX1	Pteronura_brasiliensis
ENSG00000137714_FDX1	Bassariscus_sumichrasti
ENSG00000137714_FDX1	Arctocephalus_gazella
ENSG00000138175_ARL3	Manis_javanica
ENSG00000138175_ARL3	Paradoxurus_hermaphroditus
ENSG00000138175_ARL3	Procyon_lotor
ENSG00000138175_ARL3	Otocyon_megalotis
ENSG00000138398_PPIG	Taxidea_taxus
ENSG00000138398_PPIG	Arctocephalus_gazella
ENSG00000138668_HNRNPD	Gulo_gulo
ENSG00000138668_HNRNPD	Manis_javanica
ENSG00000138756_BMP2K	Mellivora_capensis
ENSG00000138756_BMP2K	Pteronura_brasiliensis
ENSG00000138964_PARVG	Cryptoprocta_ferox
ENSG00000138964_PARVG	Helogale_parvula
ENSG00000138964_PARVG	Panthera_onca
ENSG00000138964_PARVG	Ursus_arctos
ENSG00000139168_ZCRB1	Felis_catus
ENSG00000139190_VAMP1	Puma_concolor
ENSG00000139278_GLIPR1	Ursus_americanus
ENSG00000139278_GLIPR1	Hyaena_hyaena
ENSG00000139278_GLIPR1	Bassariscus_sumichrasti
ENSG00000139278_GLIPR1	Arctocephalus_gazella
ENSG00000139289_PHLDA1	Manis_javanica
ENSG00000139289_PHLDA1	Helogale_parvula
ENSG00000139289_PHLDA1	Lynx_pardinus
ENSG00000139292_LGR5	Canis_familiaris
ENSG00000139410_SDSL	Panthera_leo
ENSG00000139410_SDSL	Paradoxurus_hermaphroditus
ENSG00000139410_SDSL	Mellivora_capensis
ENSG00000139410_SDSL	Arctocephalus_gazella
ENSG00000139410_SDSL	Leptonychotes_weddellii
ENSG00000139514_SLC7A1	Gulo_gulo
ENSG00000139514_SLC7A1	Potos_flavus
ENSG00000139514_SLC7A1	Leptonychotes_weddellii
ENSG00000139746_RBM26	Phoca_vitulina
ENSG00000139746_RBM26	Mungos_mungo
ENSG00000139746_RBM26	Panthera_onca
ENSG00000139746_RBM26	Ursus_arctos
ENSG00000139746_RBM26	Nasua_narica
ENSG00000139746_RBM26	Arctocephalus_gazella
ENSG00000139874_SSTR1	Procyon_lotor
ENSG00000139926_FRMD6	Ursus_americanus
ENSG00000140265_ZSCAN29	Arctocephalus_gazella
ENSG00000140403_DNAJA4	Nasua_narica
ENSG00000141086_CTRL	Leptonychotes_weddellii
ENSG00000141316_SPACA3	Arctocephalus_gazella
ENSG00000141338_ABCA8	Leptonychotes_weddellii
ENSG00000141858_SAMD1	Neovison_vison
ENSG00000141858_SAMD1	Lycaon_pictus
ENSG00000141858_SAMD1	Odobenus_rosmarus
ENSG00000142065_ZFP14	Ursus_arctos
ENSG00000142065_ZFP14	Mungos_mungo
ENSG00000142408_CACNG8	Lynx_pardinus
ENSG00000142528_ZNF473	Hyaena_hyaena
ENSG00000142669_SH3BGRL3	Lynx_pardinus
ENSG00000142669_SH3BGRL3	Neofelis_nebulosa
ENSG00000142669_SH3BGRL3	Potos_flavus
ENSG00000142669_SH3BGRL3	Mirounga_angustirostris
ENSG00000143125_PROK1	Potos_flavus
ENSG00000143125_PROK1	Otocyon_megalotis
ENSG00000143125_PROK1	Manis_javanica
ENSG00000143125_PROK1	Paradoxurus_hermaphroditus
ENSG00000143125_PROK1	Gulo_gulo
ENSG00000143125_PROK1	Lycaon_pictus
ENSG00000143320_CRABP2	Taxidea_taxus
ENSG00000143882_ATP6V1C2	Panthera_onca
ENSG00000143882_ATP6V1C2	Procyon_lotor
ENSG00000143882_ATP6V1C2	Crocuta_Crocuta
ENSG00000143882_ATP6V1C2	Spilogale_gracilis
ENSG00000143882_ATP6V1C2	Potos_flavus
ENSG00000143889_HNRNPLL	Hyaena_hyaena
ENSG00000143889_HNRNPLL	Suricata_suricatta
ENSG00000143889_HNRNPLL	Panthera_leo
ENSG00000143921_ABCG8	Mungos_mungo
ENSG00000143921_ABCG8	Phoca_vitulina
ENSG00000144048_DUSP11	Gulo_gulo
ENSG00000144331_ZNF385B	Ailurus_fulgens
ENSG00000144401_METTL21A	Panthera_onca
ENSG00000144401_METTL21A	Lutra_lutra
ENSG00000144481_TRPM8	Proteles_cristatus
ENSG00000144481_TRPM8	Crocuta_Crocuta
ENSG00000144481_TRPM8	Ursus_arctos
ENSG00000144481_TRPM8	Nasua_narica
ENSG00000144481_TRPM8	Vulpes_vulpes
ENSG00000144579_CTDSP1	Ursus_maritimus
ENSG00000144579_CTDSP1	Lycaon_pictus
ENSG00000144791_LIMD1	Panthera_leo
ENSG00000144791_LIMD1	Puma_concolor
ENSG00000144791_LIMD1	Vulpes_vulpes
ENSG00000144791_LIMD1	Phoca_vitulina
ENSG00000145287_PLAC8	Mellivora_capensis
ENSG00000145287_PLAC8	Bassariscus_sumichrasti
ENSG00000145780_FEM1C	Gulo_gulo
ENSG00000146054_TRIM7	Ailuropoda_melanoleuca
ENSG00000146463_ZMYM4	Proteles_cristatus
ENSG00000146463_ZMYM4	Paradoxurus_hermaphroditus
ENSG00000146463_ZMYM4	Panthera_leo
ENSG00000146463_ZMYM4	Ursus_thibetanus
ENSG00000147036_LANCL3	Gulo_gulo
ENSG00000147036_LANCL3	Pteronura_brasiliensis
ENSG00000147118_ZNF182	Crocuta_Crocuta
ENSG00000147118_ZNF182	Bassariscus_sumichrasti
ENSG00000148082_SHC3	Crocuta_Crocuta
ENSG00000148110_MFSD14B	Neovison_vison
ENSG00000148180_GSN	Lycaon_pictus
ENSG00000148606_POLR3A	Paradoxurus_hermaphroditus
ENSG00000148606_POLR3A	Panthera_leo
ENSG00000148606_POLR3A	Taxidea_taxus
ENSG00000148606_POLR3A	Ursus_americanus
ENSG00000148660_CAMK2G	Panthera_leo
ENSG00000148730_EIF4EBP2	Ursus_maritimus
ENSG00000149968_MMP3	Panthera_onca
ENSG00000150893_FREM2	Lutra_lutra
ENSG00000151702_FLI1	Hyaena_hyaena
ENSG00000151702_FLI1	Arctocephalus_gazella
ENSG00000151702_FLI1	Suricata_suricatta
ENSG00000151882_CCL28	Ailurus_fulgens
ENSG00000152219_ARL14EP	Gulo_gulo
ENSG00000152670_DDX4	Mellivora_capensis
ENSG00000152670_DDX4	Spilogale_gracilis
ENSG00000152670_DDX4	Arctocephalus_gazella
ENSG00000153006_SREK1IP1	Cryptoprocta_ferox
ENSG00000153006_SREK1IP1	Prionailurus_bengalensis
ENSG00000153006_SREK1IP1	Helogale_parvula
ENSG00000153006_SREK1IP1	Neofelis_nebulosa
ENSG00000153006_SREK1IP1	Spilogale_gracilis
ENSG00000153187_HNRNPU	Arctocephalus_gazella
ENSG00000153443_UBALD1	Panthera_tigris
ENSG00000153443_UBALD1	Puma_concolor
ENSG00000153443_UBALD1	Lutra_lutra
ENSG00000153443_UBALD1	Ursus_maritimus
ENSG00000153443_UBALD1	Potos_flavus
ENSG00000153443_UBALD1	Mirounga_angustirostris
ENSG00000154305_MIA3	Hyaena_hyaena
ENSG00000154380_ENAH	Ursus_thibetanus
ENSG00000154380_ENAH	Lycaon_pictus
ENSG00000155249_OR4K1	Lutra_lutra
ENSG00000156052_GNAQ	Felis_catus
ENSG00000156052_GNAQ	Ailuropoda_melanoleuca
ENSG00000156052_GNAQ	Manis_javanica
ENSG00000156052_GNAQ	Panthera_tigris
ENSG00000156052_GNAQ	Acinonyx_jubatus
ENSG00000156052_GNAQ	Mustela_putorius
ENSG00000156052_GNAQ	Canis_familiaris
ENSG00000156052_GNAQ	Odobenus_rosmarus
ENSG00000156222_SLC28A1	Hyaena_hyaena
ENSG00000156222_SLC28A1	Paradoxurus_hermaphroditus
ENSG00000157219_HTR5A	Enhydra_lutris
ENSG00000157219_HTR5A	Crocuta_Crocuta
ENSG00000157219_HTR5A	Mungos_mungo
ENSG00000157219_HTR5A	Gulo_gulo
ENSG00000157219_HTR5A	Procyon_lotor
ENSG00000157827_FMNL2	Panthera_pardus
ENSG00000158077_NLRP14	Leptonychotes_weddellii
ENSG00000158125_XDH	Panthera_tigris
ENSG00000158125_XDH	Crocuta_Crocuta
ENSG00000158125_XDH	Suricata_suricatta
ENSG00000158125_XDH	Mungos_mungo
ENSG00000158125_XDH	Prionailurus_bengalensis
ENSG00000158125_XDH	Panthera_onca
ENSG00000158125_XDH	Acinonyx_jubatus
ENSG00000158125_XDH	Nasua_narica
ENSG00000158321_AUTS2	Ursus_thibetanus
ENSG00000158553_POM121L2	Spilogale_gracilis
ENSG00000158553_POM121L2	Procyon_lotor
ENSG00000158604_TMED4	Leptonychotes_weddellii
ENSG00000159231_CBR3	Mellivora_capensis
ENSG00000159231_CBR3	Procyon_lotor
ENSG00000159337_PLA2G4D	Gulo_gulo
ENSG00000159337_PLA2G4D	Bassariscus_sumichrasti
ENSG00000159388_BTG2	Paradoxurus_hermaphroditus
ENSG00000159388_BTG2	Lycaon_pictus
ENSG00000159398_CES5A	Ursus_thibetanus
ENSG00000159398_CES5A	Otocyon_megalotis
ENSG00000159714_ZDHHC1	Taxidea_taxus
ENSG00000160307_S100B	Lycaon_pictus
ENSG00000160551_TAOK1	Mungos_mungo
ENSG00000160691_SHC1	Lynx_pardinus
ENSG00000160714_UBE2Q1	Gulo_gulo
ENSG00000160714_UBE2Q1	Ailurus_fulgens
ENSG00000160714_UBE2Q1	Suricata_suricatta
ENSG00000160714_UBE2Q1	Ursus_maritimus
ENSG00000160917_CPSF4	Crocuta_Crocuta
ENSG00000161298_ZNF382	Neofelis_nebulosa
ENSG00000161960_EIF4A1	Leptonychotes_weddellii
ENSG00000162040_HS3ST6	Ursus_maritimus
ENSG00000162105_SHANK2	Taxidea_taxus
ENSG00000162105_SHANK2	Phoca_vitulina
ENSG00000162105_SHANK2	Ursus_americanus
ENSG00000162231_NXF1	Enhydra_lutris
ENSG00000162415_ZSWIM5	Mellivora_capensis
ENSG00000162415_ZSWIM5	Cryptoprocta_ferox
ENSG00000162415_ZSWIM5	Paradoxurus_hermaphroditus
ENSG00000162415_ZSWIM5	Ailurus_fulgens
ENSG00000162438_CTRC	Arctocephalus_gazella
ENSG00000162551_ALPL	Gulo_gulo
ENSG00000162639_HENMT1	Bassariscus_sumichrasti
ENSG00000162639_HENMT1	Paradoxurus_hermaphroditus
ENSG00000162639_HENMT1	Spilogale_gracilis
ENSG00000162711_NLRP3	Lycaon_pictus
ENSG00000162771_FAM71A	Gulo_gulo
ENSG00000162999_DUSP19	Lycaon_pictus
ENSG00000163520_FBLN2	Arctocephalus_gazella
ENSG00000163623_NKX6-1	Lutra_lutra
ENSG00000163754_GYG1	Prionailurus_bengalensis
ENSG00000163754_GYG1	Arctocephalus_gazella
ENSG00000163888_CAMK2N2	Phoca_vitulina
ENSG00000164093_PITX2	Lutra_lutra
ENSG00000164167_LSM6	Taxidea_taxus
ENSG00000164167_LSM6	Procyon_lotor
ENSG00000164400_CSF2	Ursus_maritimus
ENSG00000164684_ZNF704	Paradoxurus_hermaphroditus
ENSG00000164690_SHH	Lynx_pardinus
ENSG00000164690_SHH	Puma_concolor
ENSG00000164690_SHH	Ailurus_fulgens
ENSG00000164867_NOS3	Manis_javanica
ENSG00000165023_DIRAS2	Arctocephalus_gazella
ENSG00000165512_ZNF22	Mellivora_capensis
ENSG00000165512_ZNF22	Phoca_vitulina
ENSG00000165643_SOHLH1	Ursus_maritimus
ENSG00000165643_SOHLH1	Neofelis_nebulosa
ENSG00000165643_SOHLH1	Puma_concolor
ENSG00000165643_SOHLH1	Canis_familiaris
ENSG00000165732_DDX21	Spilogale_gracilis
ENSG00000165804_ZNF219	Canis_familiaris
ENSG00000165804_ZNF219	Otocyon_megalotis
ENSG00000165821_SALL2	Canis_familiaris
ENSG00000166069_TMCO5A	Otocyon_megalotis
ENSG00000166069_TMCO5A	Prionailurus_bengalensis
ENSG00000166069_TMCO5A	Taxidea_taxus
ENSG00000166069_TMCO5A	Pteronura_brasiliensis
ENSG00000166069_TMCO5A	Spilogale_gracilis
ENSG00000166069_TMCO5A	Lycaon_pictus
ENSG00000166289_PLEKHF1	Panthera_tigris
ENSG00000166289_PLEKHF1	Acinonyx_jubatus
ENSG00000166289_PLEKHF1	Ursus_maritimus
ENSG00000166289_PLEKHF1	Lycaon_pictus
ENSG00000166401_SERPINB8	Arctocephalus_gazella
ENSG00000166446_CDYL2	Proteles_septentrionalis
ENSG00000166446_CDYL2	Mungos_mungo
ENSG00000166446_CDYL2	Ursus_thibetanus
ENSG00000166446_CDYL2	Procyon_lotor
ENSG00000166446_CDYL2	Arctocephalus_gazella
ENSG00000166503_HDGFL3	Procyon_lotor
ENSG00000166510_CCDC68	Taxidea_taxus
ENSG00000166529_ZSCAN21	Ailuropoda_melanoleuca
ENSG00000166529_ZSCAN21	Phoca_vitulina
ENSG00000166582_CENPV	Proteles_septentrionalis
ENSG00000166582_CENPV	Helogale_parvula
ENSG00000166582_CENPV	Taxidea_taxus
ENSG00000166676_TVP23A	Panthera_tigris
ENSG00000166676_TVP23A	Ursus_maritimus
ENSG00000166676_TVP23A	Arctocephalus_gazella
ENSG00000166704_ZNF606	Bassariscus_sumichrasti
ENSG00000166704_ZNF606	Lycaon_pictus
ENSG00000166862_CACNG2	Arctocephalus_gazella
ENSG00000166913_YWHAB	Neofelis_nebulosa
ENSG00000166928_MS4A14	Acinonyx_jubatus
ENSG00000166928_MS4A14	Ailurus_fulgens
ENSG00000166928_MS4A14	Arctocephalus_gazella
ENSG00000166961_MS4A15	Paradoxurus_hermaphroditus
ENSG00000166961_MS4A15	Panthera_tigris
ENSG00000166961_MS4A15	Puma_concolor
ENSG00000166961_MS4A15	Taxidea_taxus
ENSG00000167065_DUSP18	Neofelis_nebulosa
ENSG00000167332_OR51E2	Mirounga_angustirostris
ENSG00000167641_PPP1R14A	Taxidea_taxus
ENSG00000167641_PPP1R14A	Arctocephalus_gazella
ENSG00000167657_DAPK3	Puma_concolor
ENSG00000167676_PLIN4	Gulo_gulo
ENSG00000167676_PLIN4	Mustela_putorius
ENSG00000167695_FAM57A	Panthera_pardus
ENSG00000167771_RCOR2	Crocuta_Crocuta
ENSG00000167771_RCOR2	Puma_concolor
ENSG00000167916_KRT24	Crocuta_Crocuta
ENSG00000167972_ABCA3	Potos_flavus
ENSG00000168101_NUDT16L1	Lynx_pardinus
ENSG00000168101_NUDT16L1	Panthera_tigris
ENSG00000168101_NUDT16L1	Acinonyx_jubatus
ENSG00000168101_NUDT16L1	Lutra_lutra
ENSG00000168101_NUDT16L1	Potos_flavus
ENSG00000168101_NUDT16L1	Mirounga_angustirostris
ENSG00000168118_RAB4A	Gulo_gulo
ENSG00000168118_RAB4A	Spilogale_gracilis
ENSG00000168118_RAB4A	Procyon_lotor
ENSG00000168158_OR2C1	Mirounga_angustirostris
ENSG00000168268_NT5DC2	Acinonyx_jubatus
ENSG00000168268_NT5DC2	Ursus_maritimus
ENSG00000168397_ATG4B	Cryptoprocta_ferox
ENSG00000168397_ATG4B	Mungos_mungo
ENSG00000168397_ATG4B	Panthera_tigris
ENSG00000168454_TXNDC2	Spilogale_gracilis
ENSG00000168454_TXNDC2	Mirounga_angustirostris
ENSG00000168502_MTCL1	Leptonychotes_weddellii
ENSG00000168556_ING2	Acinonyx_jubatus
ENSG00000168675_LDLRAD4	Otocyon_megalotis
ENSG00000168779_SHOX2	Procyon_lotor
ENSG00000168779_SHOX2	Puma_concolor
ENSG00000168828_OR13J1	Mellivora_capensis
ENSG00000168828_OR13J1	Pteronura_brasiliensis
ENSG00000168828_OR13J1	Phoca_vitulina
ENSG00000169032_MAP2K1	Puma_concolor
ENSG00000169032_MAP2K1	Mellivora_capensis
ENSG00000169032_MAP2K1	Bassariscus_sumichrasti
ENSG00000169169_CPT1C	Acinonyx_jubatus
ENSG00000169214_OR6F1	Bassariscus_sumichrasti
ENSG00000169359_SLC33A1	Otocyon_megalotis
ENSG00000169379_ARL13B	Gulo_gulo
ENSG00000169379_ARL13B	Neovison_vison
ENSG00000169379_ARL13B	Nasua_narica
ENSG00000169413_RNASE6	Ursus_maritimus
ENSG00000169413_RNASE6	Eumetopias_jubatus
ENSG00000169413_RNASE6	Neomonachus_schauinslandi
ENSG00000169413_RNASE6	Ailurus_fulgens
ENSG00000169860_P2RY1	Otocyon_megalotis
ENSG00000170145_SIK2	Helogale_parvula
ENSG00000170145_SIK2	Bassariscus_sumichrasti
ENSG00000170315_UBB	Leptonychotes_weddellii
ENSG00000170315_UBB	Manis_javanica
ENSG00000170315_UBB	Felis_catus
ENSG00000170315_UBB	Neofelis_nebulosa
ENSG00000170315_UBB	Canis_familiaris
ENSG00000170315_UBB	Eumetopias_jubatus
ENSG00000170439_METTL7B	Nasua_narica
ENSG00000170454_KRT75	Panthera_onca
ENSG00000170484_KRT74	Mirounga_angustirostris
ENSG00000170509_HSD17B13	Cryptoprocta_ferox
ENSG00000170509_HSD17B13	Mungos_mungo
ENSG00000170509_HSD17B13	Taxidea_taxus
ENSG00000170509_HSD17B13	Mirounga_angustirostris
ENSG00000170509_HSD17B13	Leptonychotes_weddellii
ENSG00000171121_KCNMB3	Odobenus_rosmarus
ENSG00000171121_KCNMB3	Gulo_gulo
ENSG00000171121_KCNMB3	Phoca_vitulina
ENSG00000171121_KCNMB3	Leptonychotes_weddellii
ENSG00000171222_SCAND1	Ursus_maritimus
ENSG00000171421_MRPL36	Panthera_onca
ENSG00000171496_OR1L8	Nasua_narica
ENSG00000171496_OR1L8	Panthera_onca
ENSG00000171530_TBCA	Neomonachus_schauinslandi
ENSG00000172037_LAMB2	Taxidea_taxus
ENSG00000172199_OR8U1	Neofelis_nebulosa
ENSG00000172199_OR8U1	Potos_flavus
ENSG00000172199_OR8U1	Bassariscus_sumichrasti
ENSG00000172199_OR8U1	Zalophus_californianus
ENSG00000173083_HPSE	Gulo_gulo
ENSG00000173275_ZNF449	Arctocephalus_gazella
ENSG00000174004_NRROS	Lycaon_pictus
ENSG00000174004_NRROS	Otocyon_megalotis
ENSG00000174136_RGMB	Otocyon_megalotis
ENSG00000174417_TRHR	Gulo_gulo
ENSG00000174599_TRAM1L1	Canis_familiaris
ENSG00000175130_MARCKSL1	Arctocephalus_gazella
ENSG00000175155_YPEL2	Ursus_maritimus
ENSG00000175155_YPEL2	Leptonychotes_weddellii
ENSG00000175352_NRIP3	Acinonyx_jubatus
ENSG00000175352_NRIP3	Ailurus_fulgens
ENSG00000175352_NRIP3	Bassariscus_sumichrasti
ENSG00000175591_P2RY2	Panthera_tigris
ENSG00000175591_P2RY2	Puma_concolor
ENSG00000175591_P2RY2	Ursus_maritimus
ENSG00000175766_EIF4E1B	Bassariscus_sumichrasti
ENSG00000175766_EIF4E1B	Leptonychotes_weddellii
ENSG00000175806_MSRA	Bassariscus_sumichrasti
ENSG00000176171_BNIP3	Phoca_vitulina
ENSG00000176371_ZSCAN2	Panthera_onca
ENSG00000176371_ZSCAN2	Taxidea_taxus
ENSG00000176371_ZSCAN2	Spilogale_gracilis
ENSG00000176540_OR4C5	Lynx_pardinus
ENSG00000176540_OR4C5	Potos_flavus
ENSG00000176788_BASP1	Canis_familiaris
ENSG00000176788_BASP1	Otocyon_megalotis
ENSG00000176900_OR51T1	Nasua_narica
ENSG00000176900_OR51T1	Prionailurus_bengalensis
ENSG00000176900_OR51T1	Mellivora_capensis
ENSG00000176900_OR51T1	Spilogale_gracilis
ENSG00000176903_PNMA1	Lynx_pardinus
ENSG00000176925_OR51F2	Crocuta_Crocuta
ENSG00000177105_RHOG	Mellivora_capensis
ENSG00000177105_RHOG	Pteronura_brasiliensis
ENSG00000177105_RHOG	Lutra_lutra
ENSG00000177565_TBL1XR1	Hyaena_hyaena
ENSG00000177565_TBL1XR1	Taxidea_taxus
ENSG00000177565_TBL1XR1	Leptonychotes_weddellii
ENSG00000177613_CSTF2T	Canis_familiaris
ENSG00000177932_ZNF354C	Callorhinus_ursinus
ENSG00000178177_LCORL	Neofelis_nebulosa
ENSG00000178177_LCORL	Manis_javanica
ENSG00000178177_LCORL	Acinonyx_jubatus
ENSG00000178177_LCORL	Lutra_lutra
ENSG00000178177_LCORL	Potos_flavus
ENSG00000178177_LCORL	Mirounga_angustirostris
ENSG00000178338_ZNF354B	Panthera_leo
ENSG00000178338_ZNF354B	Vulpes_vulpes
ENSG00000178623_GPR35	Neomonachus_schauinslandi
ENSG00000178623_GPR35	Ursus_maritimus
ENSG00000178623_GPR35	Arctocephalus_gazella
ENSG00000178913_TAF7	Arctocephalus_gazella
ENSG00000179023_KLHDC7A	Acinonyx_jubatus
ENSG00000179023_KLHDC7A	Panthera_tigris
ENSG00000179023_KLHDC7A	Arctocephalus_gazella
ENSG00000179195_ZNF664	Prionailurus_bengalensis
ENSG00000179292_TMEM151A	Puma_concolor
ENSG00000179295_PTPN11	Manis_javanica
ENSG00000179673_RPRML	Suricata_suricatta
ENSG00000179673_RPRML	Mungos_mungo
ENSG00000179673_RPRML	Neovison_vison
ENSG00000179673_RPRML	Spilogale_gracilis
ENSG00000179965_ZNF771	Paradoxurus_hermaphroditus
ENSG00000179965_ZNF771	Ailurus_fulgens
ENSG00000180776_ZDHHC20	Proteles_cristatus
ENSG00000180776_ZDHHC20	Helogale_parvula
ENSG00000180957_PITPNB	Enhydra_lutris
ENSG00000180974_OR52E4	Cryptoprocta_ferox
ENSG00000181007_ZFP82	Prionailurus_bengalensis
ENSG00000181751_C5orf30	Vulpes_vulpes
ENSG00000181894_ZNF329	Hyaena_hyaena
ENSG00000181894_ZNF329	Ursus_thibetanus
ENSG00000181927_OR4P4	Ursus_arctos
ENSG00000182195_LDOC1	Acinonyx_jubatus
ENSG00000182247_UBE2E2	Felis_catus
ENSG00000182255_KCNA4	Otocyon_megalotis
ENSG00000182263_FIGN	Canis_familiaris
ENSG00000182521_TBPL2	Procyon_lotor
ENSG00000182831_C16orf72	Gulo_gulo
ENSG00000182831_C16orf72	Lynx_pardinus
ENSG00000182902_SLC25A18	Pteronura_brasiliensis
ENSG00000183309_ZNF623	Vulpes_vulpes
ENSG00000183309_ZNF623	Phoca_vitulina
ENSG00000183479_TREX2	Acinonyx_jubatus
ENSG00000183479_TREX2	Ursus_maritimus
ENSG00000183625_CCR3	Gulo_gulo
ENSG00000183662_FAM19A1	Neomonachus_schauinslandi
ENSG00000183726_TMEM50A	Panthera_onca
ENSG00000183729_NPBWR1	Panthera_tigris
ENSG00000183729_NPBWR1	Acinonyx_jubatus
ENSG00000183783_KCTD8	Vulpes_vulpes
ENSG00000183918_SH2D1A	Neofelis_nebulosa
ENSG00000183918_SH2D1A	Taxidea_taxus
ENSG00000184207_PGP	Puma_concolor
ENSG00000184207_PGP	Panthera_tigris
ENSG00000184226_PCDH9	Arctocephalus_gazella
ENSG00000184394_OR4N5	Nasua_narica
ENSG00000184394_OR4N5	Suricata_suricatta
ENSG00000184394_OR4N5	Mirounga_angustirostris
ENSG00000184517_ZFP1	Prionailurus_bengalensis
ENSG00000184672_RALYL	Taxidea_taxus
ENSG00000184719_RNLS	Canis_familiaris
ENSG00000185105_MYADML2	Acinonyx_jubatus
ENSG00000185105_MYADML2	Neofelis_nebulosa
ENSG00000185112_FAM43A	Lycaon_pictus
ENSG00000185271_KLHL33	Otocyon_megalotis
ENSG00000185272_RBM11	Cryptoprocta_ferox
ENSG00000185272_RBM11	Gulo_gulo
ENSG00000185272_RBM11	Nasua_narica
ENSG00000185324_CDK10	Paradoxurus_hermaphroditus
ENSG00000185324_CDK10	Gulo_gulo
ENSG00000185324_CDK10	Arctocephalus_gazella
ENSG00000185352_HS6ST3	Taxidea_taxus
ENSG00000185467_KPNA7	Cryptoprocta_ferox
ENSG00000185467_KPNA7	Ursus_maritimus
ENSG00000185621_LMLN	Proteles_septentrionalis
ENSG00000185621_LMLN	Phoca_vitulina
ENSG00000185621_LMLN	Suricata_suricatta
ENSG00000185621_LMLN	Procyon_lotor
ENSG00000185668_POU3F1	Suricata_suricatta
ENSG00000185800_DMWD	Panthera_tigris
ENSG00000186001_LRCH3	Otocyon_megalotis
ENSG00000186001_LRCH3	Cryptoprocta_ferox
ENSG00000186001_LRCH3	Taxidea_taxus
ENSG00000186001_LRCH3	Ursus_thibetanus
ENSG00000186446_ZNF501	Gulo_gulo
ENSG00000186446_ZNF501	Pteronura_brasiliensis
ENSG00000186529_CYP4F3	Lynx_pardinus
ENSG00000187021_PNLIPRP1	Arctocephalus_gazella
ENSG00000187054_TMPRSS11A	Leptonychotes_weddellii
ENSG00000187672_ERC2	Acinonyx_jubatus
ENSG00000187840_EIF4EBP1	Puma_concolor
ENSG00000187918_OR51I2	Callorhinus_ursinus
ENSG00000188334_BSPH1	Panthera_onca
ENSG00000188559_RALGAPA2	Potos_flavus
ENSG00000188559_RALGAPA2	Leptonychotes_weddellii
ENSG00000188771_PLET1	Manis_javanica
ENSG00000188833_ENTPD8	Mungos_mungo
ENSG00000188833_ENTPD8	Procyon_lotor
ENSG00000196150_ZNF250	Prionailurus_bengalensis
ENSG00000196150_ZNF250	Hyaena_hyaena
ENSG00000196150_ZNF250	Suricata_suricatta
ENSG00000196150_ZNF250	Spilogale_gracilis
ENSG00000196150_ZNF250	Callorhinus_ursinus
ENSG00000196171_OR6K2	Ursus_thibetanus
ENSG00000196228_SULT1C3	Cryptoprocta_ferox
ENSG00000196228_SULT1C3	Helogale_parvula
ENSG00000196228_SULT1C3	Pteronura_brasiliensis
ENSG00000196248_OR10S1	Mellivora_capensis
ENSG00000196405_EVL	Ursus_americanus
ENSG00000196458_ZNF605	Mellivora_capensis
ENSG00000197309_OR10D3	Mirounga_angustirostris
ENSG00000197309_OR10D3	Mungos_mungo
ENSG00000197309_OR10D3	Ursus_thibetanus
ENSG00000197309_OR10D3	Ailurus_fulgens
ENSG00000197309_OR10D3	Bassariscus_sumichrasti
ENSG00000197323_TRIM33	Neovison_vison
ENSG00000197323_TRIM33	Procyon_lotor
ENSG00000197576_HOXA4	Helogale_parvula
ENSG00000197601_FAR1	Neomonachus_schauinslandi
ENSG00000197724_PHF2	Neomonachus_schauinslandi
ENSG00000197724_PHF2	Paradoxurus_hermaphroditus
ENSG00000197724_PHF2	Taxidea_taxus
ENSG00000197728_RPS26	Prionailurus_bengalensis
ENSG00000197790_OR52M1	Gulo_gulo
ENSG00000197790_OR52M1	Ursus_americanus
ENSG00000197790_OR52M1	Odobenus_rosmarus
ENSG00000197893_NRAP	Zalophus_californianus
ENSG00000197893_NRAP	Cryptoprocta_ferox
ENSG00000197893_NRAP	Puma_concolor
ENSG00000197893_NRAP	Mellivora_capensis
ENSG00000197893_NRAP	Spilogale_gracilis
ENSG00000198018_ENTPD7	Paradoxurus_hermaphroditus
ENSG00000198018_ENTPD7	Spilogale_gracilis
ENSG00000198018_ENTPD7	Bassariscus_sumichrasti
ENSG00000198018_ENTPD7	Arctocephalus_gazella
ENSG00000198105_ZNF248	Prionailurus_bengalensis
ENSG00000198105_ZNF248	Bassariscus_sumichrasti
ENSG00000198301_SDAD1	Ailuropoda_melanoleuca
ENSG00000198420_TCAF1	Panthera_leo
ENSG00000198467_TPM2	Arctocephalus_gazella
ENSG00000198515_CNGA1	Gulo_gulo
ENSG00000198515_CNGA1	Arctocephalus_gazella
ENSG00000198742_SMURF1	Arctocephalus_gazella
ENSG00000198742_SMURF1	Leptonychotes_weddellii
ENSG00000198925_ATG9A	Arctocephalus_gazella
ENSG00000204103_MAFB	Ursus_maritimus
ENSG00000204103_MAFB	Arctocephalus_gazella
ENSG00000204256_BRD2	Panthera_leo
ENSG00000204310_AGPAT1	Odobenus_rosmarus
ENSG00000204583_LRCOL1	Hyaena_hyaena
ENSG00000204583_LRCOL1	Panthera_pardus
ENSG00000205250_E2F4	Gulo_gulo
ENSG00000205903_ZNF316	Ailurus_fulgens
ENSG00000212901_KRTAP3-1	Gulo_gulo
ENSG00000213064_SFT2D2	Mellivora_capensis
ENSG00000213064_SFT2D2	Mungos_mungo
ENSG00000213064_SFT2D2	Lutra_lutra
ENSG00000213203_GIMAP1	Neomonachus_schauinslandi
ENSG00000214113_LYRM4	Lycaon_pictus
ENSG00000214113_LYRM4	Pteronura_brasiliensis
ENSG00000214814_FER1L6	Spilogale_gracilis
ENSG00000214814_FER1L6	Crocuta_Crocuta
ENSG00000214814_FER1L6	Suricata_suricatta
ENSG00000214814_FER1L6	Paradoxurus_hermaphroditus
ENSG00000214814_FER1L6	Panthera_leo
ENSG00000215021_PHB2	Arctocephalus_gazella
ENSG00000231213_PLSCR5	Prionailurus_bengalensis
ENSG00000231213_PLSCR5	Arctocephalus_gazella
ENSG00000236320_SLFN14	Panthera_onca
ENSG00000236320_SLFN14	Manis_javanica
ENSG00000237330_RNF223	Panthera_tigris
ENSG00000237330_RNF223	Suricata_suricatta
ENSG00000237330_RNF223	Acinonyx_jubatus
ENSG00000237330_RNF223	Ailurus_fulgens
ENSG00000239282_CASTOR1	Bassariscus_sumichrasti
ENSG00000240303_ACAD11	Bassariscus_sumichrasti
ENSG00000240764_PCDHGC5	Arctocephalus_gazella
ENSG00000241106_HLA-DOB	Prionailurus_bengalensis
ENSG00000241106_HLA-DOB	Lynx_pardinus
ENSG00000241106_HLA-DOB	Arctocephalus_gazella
ENSG00000244617_ASPRV1	Canis_familiaris
ENSG00000249242_TMEM150C	Taxidea_taxus
ENSG00000250799_PRODH2	Leptonychotes_weddellii
ENSG00000253719_ATXN7L3B	Otocyon_megalotis
ENSG00000254004_ZNF260	Panthera_onca
ENSG00000256463_SALL3	Ailurus_fulgens
ENSG00000257103_LSM14A	Ailuropoda_melanoleuca
ENSG00000276950_GSTTP1	Manis_javanica
ENSG00000276950_GSTTP1	Lynx_pardinus
ENSG00000276950_GSTTP1	Arctocephalus_gazella
ENSG00000276950_GSTTP1	Eumetopias_jubatus
ENSG00000277258_PCGF2	Gulo_gulo
ENSG00000277258_PCGF2	Procyon_lotor
ENSG00000277258_PCGF2	Arctocephalus_gazella
ENSG00000277932_OR52E5	Odobenus_rosmarus
ENSG00000280090_OR8B4	Phoca_vitulina
ENSG00000007933_FMO3	Cryptoprocta_ferox
ENSG00000086967_MYBPC2	Cryptoprocta_ferox
ENSG00000086967_MYBPC2	Mungos_mungo
ENSG00000101198_NKAIN4	Puma_concolor
ENSG00000104043_ATP8B4	Panthera_onca
ENSG00000105643_ARRDC2	Panthera_pardus
ENSG00000106615_RHEB	Paradoxurus_hermaphroditus
ENSG00000110881_ASIC1	Panthera_tigris
ENSG00000112062_MAPK14	Panthera_onca
ENSG00000112394_SLC16A10	Manis_javanica
ENSG00000113356_POLR3G	Prionailurus_bengalensis
ENSG00000115616_SLC9A2	Nasua_narica
ENSG00000116574_RHOU	Paradoxurus_hermaphroditus
ENSG00000123576_ESX1	Mungos_mungo
ENSG00000124657_OR2B6	Ursus_americanus
ENSG00000124657_OR2B6	Neomonachus_schauinslandi
ENSG00000125788_DEFB126	Ursus_thibetanus
ENSG00000125788_DEFB126	Phoca_vitulina
ENSG00000132388_UBE2G1	Paradoxurus_hermaphroditus
ENSG00000132821_VSTM2L	Panthera_leo
ENSG00000132840_BHMT2	Panthera_pardus
ENSG00000132840_BHMT2	Ailuropoda_melanoleuca
ENSG00000133020_MYH8	Procyon_lotor
ENSG00000134248_LAMTOR5	Paradoxurus_hermaphroditus
ENSG00000135870_RC3H1	Proteles_septentrionalis
ENSG00000139410_SDSL	Panthera_onca
ENSG00000142065_ZFP14	Ursus_americanus
ENSG00000147050_KDM6A	Neofelis_nebulosa
ENSG00000147118_ZNF182	Ursus_thibetanus
ENSG00000147118_ZNF182	Prionailurus_bengalensis
ENSG00000149716_ORAOV1	Felis_catus
ENSG00000151418_ATP6V1G3	Cryptoprocta_ferox
ENSG00000154118_JPH3	Paradoxurus_hermaphroditus
ENSG00000154451_GBP5	Ailuropoda_melanoleuca
ENSG00000157219_HTR5A	Pteronura_brasiliensis
ENSG00000158125_XDH	Neofelis_nebulosa
ENSG00000159231_CBR3	Neovison_vison
ENSG00000160392_C19orf47	Procyon_lotor
ENSG00000160539_PLPP7	Paradoxurus_hermaphroditus
ENSG00000161849_KRT84	Ailurus_fulgens
ENSG00000162817_C1orf115	Ursus_maritimus
ENSG00000163110_PDLIM5	Prionailurus_bengalensis
ENSG00000163629_PTPN13	Paradoxurus_hermaphroditus
ENSG00000163629_PTPN13	Ailurus_fulgens
ENSG00000165169_DYNLT3	Panthera_onca
ENSG00000165762_OR4K2	Mungos_mungo
ENSG00000165821_SALL2	Otocyon_megalotis
ENSG00000167676_PLIN4	Panthera_pardus
ENSG00000167676_PLIN4	Manis_javanica
ENSG00000167676_PLIN4	Felis_catus
ENSG00000167676_PLIN4	Enhydra_lutris
ENSG00000167676_PLIN4	Bassariscus_sumichrasti
ENSG00000168675_LDLRAD4	Canis_familiaris
ENSG00000168828_OR13J1	Bassariscus_sumichrasti
ENSG00000169131_ZNF354A	Lycaon_pictus
ENSG00000169181_GSG1L	Prionailurus_bengalensis
ENSG00000169689_CENPX	Manis_javanica
ENSG00000170315_UBB	Neomonachus_schauinslandi
ENSG00000170855_TRIAP1	Felis_catus
ENSG00000171496_OR1L8	Bassariscus_sumichrasti
ENSG00000172809_RPL38	Spilogale_gracilis
ENSG00000173409_ARV1	Felis_catus
ENSG00000174004_NRROS	Canis_familiaris
ENSG00000174136_RGMB	Vulpes_vulpes
ENSG00000175390_EIF3F	Felis_catus
ENSG00000175520_UBQLN3	Panthera_leo
ENSG00000176774_MAGEB18	Crocuta_Crocuta
ENSG00000176900_OR51T1	Bassariscus_sumichrasti
ENSG00000178591_DEFB125	Panthera_pardus
ENSG00000178623_GPR35	Mirounga_angustirostris
ENSG00000178623_GPR35	Crocuta_Crocuta
ENSG00000178623_GPR35	Suricata_suricatta
ENSG00000178623_GPR35	Prionailurus_bengalensis
ENSG00000182255_KCNA4	Canis_familiaris
ENSG00000182263_FIGN	Lycaon_pictus
ENSG00000182831_C16orf72	Taxidea_taxus
ENSG00000182944_EWSR1	Ailuropoda_melanoleuca
ENSG00000184321_OR51J1	Suricata_suricatta
ENSG00000184321_OR51J1	Panthera_onca
ENSG00000185271_KLHL33	Canis_familiaris
ENSG00000185958_FAM186A	Hyaena_hyaena
ENSG00000185982_DEFB128	Ursus_maritimus
ENSG00000186812_ZNF397	Ursus_arctos
ENSG00000196150_ZNF250	Panthera_leo
ENSG00000196914_ARHGEF12	Ailurus_fulgens
ENSG00000197309_OR10D3	Leptonychotes_weddellii
ENSG00000197309_OR10D3	Phoca_vitulina
ENSG00000197728_RPS26	Felis_catus
ENSG00000197790_OR52M1	Otocyon_megalotis
ENSG00000197790_OR52M1	Nasua_narica
ENSG00000198440_ZNF583	Neofelis_nebulosa
ENSG00000204308_RNF5	Panthera_onca
ENSG00000204519_ZNF551	Leptonychotes_weddellii
ENSG00000204583_LRCOL1	Proteles_cristatus
ENSG00000204583_LRCOL1	Paradoxurus_hermaphroditus
ENSG00000205669_ACOT6	Prionailurus_bengalensis
ENSG00000205669_ACOT6	Spilogale_gracilis
ENSG00000206474_OR10C1	Cryptoprocta_ferox
ENSG00000213203_GIMAP1	Ailuropoda_melanoleuca
ENSG00000214814_FER1L6	Ailurus_fulgens
ENSG00000221858_OR2A12	Ursus_arctos
ENSG00000244617_ASPRV1	Vulpes_vulpes
ENSG00000007933_FMO3	Paradoxurus_hermaphroditus
ENSG00000077721_UBE2A	Felis_catus
ENSG00000113356_POLR3G	Cryptoprocta_ferox
ENSG00000125788_DEFB126	Procyon_lotor
ENSG00000132821_VSTM2L	Prionailurus_bengalensis
ENSG00000132821_VSTM2L	Panthera_onca
ENSG00000132840_BHMT2	Ursus_maritimus
ENSG00000132840_BHMT2	Odobenus_rosmarus
ENSG00000132840_BHMT2	Neomonachus_schauinslandi
ENSG00000134758_RNF138	Felis_catus
ENSG00000139746_RBM26	Mirounga_angustirostris
ENSG00000142065_ZFP14	Ursus_maritimus
ENSG00000147118_ZNF182	Spilogale_gracilis
ENSG00000161849_KRT84	Panthera_leo
ENSG00000164442_CITED2	Vulpes_vulpes
ENSG00000165643_SOHLH1	Ailuropoda_melanoleuca
ENSG00000165821_SALL2	Vulpes_vulpes
ENSG00000168675_LDLRAD4	Vulpes_vulpes
ENSG00000172199_OR8U1	Prionailurus_bengalensis
ENSG00000174136_RGMB	Canis_familiaris
ENSG00000177954_RPS27	Ursus_maritimus
ENSG00000185271_KLHL33	Vulpes_vulpes
ENSG00000185958_FAM186A	Crocuta_Crocuta
ENSG00000197790_OR52M1	Neovison_vison
ENSG00000197790_OR52M1	Vulpes_vulpes
ENSG00000198060_MARCH5	Mungos_mungo
ENSG00000204308_RNF5	Panthera_leo
ENSG00000204583_LRCOL1	Proteles_septentrionalis
ENSG00000205669_ACOT6	Bassariscus_sumichrasti
ENSG00000205669_ACOT6	Lycaon_pictus
ENSG00000221858_OR2A12	Neovison_vison
ENSG00000007933_FMO3	Potos_flavus
ENSG00000007933_FMO3	Bassariscus_sumichrasti
ENSG00000125788_DEFB126	Gulo_gulo
ENSG00000132693_CRP	Hyaena_hyaena
ENSG00000164442_CITED2	Acinonyx_jubatus
ENSG00000164778_EN2	Spilogale_gracilis
ENSG00000178623_GPR35	Phoca_vitulina
ENSG00000182255_KCNA4	Lycaon_pictus
ENSG00000182255_KCNA4	Vulpes_vulpes
ENSG00000197309_OR10D3	Neomonachus_schauinslandi
ENSG00000198060_MARCH5	Helogale_parvula
ENSG00000204308_RNF5	Helogale_parvula
ENSG00000204308_RNF5	Prionailurus_bengalensis
ENSG00000204583_LRCOL1	Lutra_lutra
ENSG00000205669_ACOT6	Neovison_vison
ENSG00000125788_DEFB126	Taxidea_taxus
ENSG00000132840_BHMT2	Canis_familiaris
ENSG00000161849_KRT84	Spilogale_gracilis
ENSG00000204308_RNF5	Paradoxurus_hermaphroditus
ENSG00000205669_ACOT6	Lynx_pardinus
